cvsFoodWeb_ASAp_kry.obj : error LNK2019: unresolved external symbol __imp_N_VDestroy referenced in function FreeUserData
cvsFoodWeb_ASAp_kry.obj : error LNK2019: unresolved external symbol __imp_N_VGetArrayPointer referenced in function CInit
cvsFoodWeb_ASAp_kry.obj : error LNK2019: unresolved external symbol __imp_N_VLinearSum referenced in function GSIter
cvsFoodWeb_ASAp_kry.obj : error LNK2019: unresolved external symbol __imp_N_VConst referenced in function GSIter
cvsFoodWeb_ASAp_kry.obj : error LNK2019: unresolved external symbol __imp_N_VScale referenced in function PSolve
cvsFoodWeb_ASAp_kry.obj : error LNK2019: unresolved external symbol __imp_N_VWrmsNorm referenced in function Precond
cvsFoodWeb_ASAp_kry.obj : error LNK2019: unresolved external symbol __imp_CVodeCreate referenced in function main
cvsFoodWeb_ASAp_kry.obj : error LNK2019: unresolved external symbol __imp_CVodeInit referenced in function main
cvsFoodWeb_ASAp_kry.obj : error LNK2019: unresolved external symbol __imp_CVodeSStolerances referenced in function main
cvsFoodWeb_ASAp_kry.obj : error LNK2019: unresolved external symbol __imp_CVodeFree referenced in function main
cvsFoodWeb_ASAp_kry.obj : error LNK2019: unresolved external symbol __imp_CVodeSetUserData referenced in function main
cvsFoodWeb_ASAp_kry.obj : error LNK2019: unresolved external symbol __imp_CVodeGetErrWeights referenced in function Precond
cvsFoodWeb_ASAp_kry.obj : error LNK2019: unresolved external symbol __imp_CVodeAdjInit referenced in function main
cvsFoodWeb_ASAp_kry.obj : error LNK2019: unresolved external symbol __imp_CVodeCreateB referenced in function main
cvsFoodWeb_ASAp_kry.obj : error LNK2019: unresolved external symbol __imp_CVodeInitB referenced in function main
cvsFoodWeb_ASAp_kry.obj : error LNK2019: unresolved external symbol __imp_CVodeSStolerancesB referenced in function main
cvsFoodWeb_ASAp_kry.obj : error LNK2019: unresolved external symbol __imp_CVodeF referenced in function main
cvsFoodWeb_ASAp_kry.obj : error LNK2019: unresolved external symbol __imp_CVodeB referenced in function main
cvsFoodWeb_ASAp_kry.obj : error LNK2019: unresolved external symbol __imp_CVodeSetUserDataB referenced in function main
cvsFoodWeb_ASAp_kry.obj : error LNK2019: unresolved external symbol __imp_CVodeGetB referenced in function main
cvsFoodWeb_ASAp_kry.obj : error LNK2019: unresolved external symbol __imp_CVodeGetAdjCVodeBmem referenced in function PrecondB
cvsFoodWeb_ASAp_kry.obj : error LNK2019: unresolved external symbol __imp_N_VNew_Serial referenced in function AllocUserData
cvsFoodWeb_ASAp_kry.obj : error LNK2019: unresolved external symbol __imp_SUNLinSolFree referenced in function main
cvsFoodWeb_ASAp_kry.obj : error LNK2019: unresolved external symbol __imp_SUNSPGMR referenced in function main
cvsFoodWeb_ASAp_kry.obj : error LNK2019: unresolved external symbol __imp_CVSpilsSetLinearSolver referenced in function main
cvsFoodWeb_ASAp_kry.obj : error LNK2019: unresolved external symbol __imp_CVSpilsSetPreconditioner referenced in function main
cvsFoodWeb_ASAp_kry.obj : error LNK2019: unresolved external symbol __imp_CVSpilsSetLinearSolverB referenced in function main
cvsFoodWeb_ASAp_kry.obj : error LNK2019: unresolved external symbol __imp_CVSpilsSetPreconditionerB referenced in function main
cvsFoodWeb_ASAp_kry.obj : error LNK2019: unresolved external symbol __imp_newDenseMat referenced in function AllocUserData
cvsFoodWeb_ASAp_kry.obj : error LNK2019: unresolved external symbol __imp_destroyMat referenced in function FreeUserData
cvsFoodWeb_ASAp_kry.obj : error LNK2019: unresolved external symbol __imp_newIndexArray referenced in function AllocUserData
cvsFoodWeb_ASAp_kry.obj : error LNK2019: unresolved external symbol __imp_destroyArray referenced in function FreeUserData
cvsFoodWeb_ASAp_kry.obj : error LNK2019: unresolved external symbol __imp_denseGETRF referenced in function Precond
cvsFoodWeb_ASAp_kry.obj : error LNK2019: unresolved external symbol __imp_denseGETRS referenced in function PSolve
cvsFoodWeb_ASAp_kry.obj : error LNK2019: unresolved external symbol __imp_denseAddIdentity referenced in function Precond
cvsFoodWeb_ASAp_kry.obj : error LNK2019: unresolved external symbol __imp_SUNRsqrt referenced in function InitUserData
cvsFoodWeb_ASAp_kry.obj : error LNK2019: unresolved external symbol __imp_SUNRabs referenced in function Precond
C:\oss\third_party\sundials\sundials-3.1.0-build\examples\cvodes\serial\Release\cvsFoodWeb_ASAp_kry.exe : fatal error LNK1120: 37 unresolved externals
