cvRoberts_dns_uw.obj : error LNK2019: unresolved external symbol __imp_N_VDestroy referenced in function main
cvRoberts_dns_uw.obj : error LNK2019: unresolved external symbol __imp_CVodeCreate referenced in function main
cvRoberts_dns_uw.obj : error LNK2019: unresolved external symbol __imp_CVodeInit referenced in function main
cvRoberts_dns_uw.obj : error LNK2019: unresolved external symbol __imp_CVodeWFtolerances referenced in function main
cvRoberts_dns_uw.obj : error LNK2019: unresolved external symbol __imp_CVodeRootInit referenced in function main
cvRoberts_dns_uw.obj : error LNK2019: unresolved external symbol __imp_CVode referenced in function main
cvRoberts_dns_uw.obj : error LNK2019: unresolved external symbol __imp_CVodeGetNumSteps referenced in function PrintFinalStats
cvRoberts_dns_uw.obj : error LNK2019: unresolved external symbol __imp_CVodeGetNumRhsEvals referenced in function PrintFinalStats
cvRoberts_dns_uw.obj : error LNK2019: unresolved external symbol __imp_CVodeGetNumLinSolvSetups referenced in function PrintFinalStats
cvRoberts_dns_uw.obj : error LNK2019: unresolved external symbol __imp_CVodeGetNumErrTestFails referenced in function PrintFinalStats
cvRoberts_dns_uw.obj : error LNK2019: unresolved external symbol __imp_CVodeGetNumGEvals referenced in function PrintFinalStats
cvRoberts_dns_uw.obj : error LNK2019: unresolved external symbol __imp_CVodeGetRootInfo referenced in function main
cvRoberts_dns_uw.obj : error LNK2019: unresolved external symbol __imp_CVodeGetNumNonlinSolvIters referenced in function PrintFinalStats
cvRoberts_dns_uw.obj : error LNK2019: unresolved external symbol __imp_CVodeGetNumNonlinSolvConvFails referenced in function PrintFinalStats
cvRoberts_dns_uw.obj : error LNK2019: unresolved external symbol __imp_CVodeFree referenced in function main
cvRoberts_dns_uw.obj : error LNK2019: unresolved external symbol __imp_N_VNew_Serial referenced in function main
cvRoberts_dns_uw.obj : error LNK2019: unresolved external symbol __imp_SUNMatDestroy referenced in function main
cvRoberts_dns_uw.obj : error LNK2019: unresolved external symbol __imp_SUNDenseMatrix referenced in function main
cvRoberts_dns_uw.obj : error LNK2019: unresolved external symbol __imp_SUNLinSolFree referenced in function main
cvRoberts_dns_uw.obj : error LNK2019: unresolved external symbol __imp_SUNDenseLinearSolver referenced in function main
cvRoberts_dns_uw.obj : error LNK2019: unresolved external symbol __imp_CVDlsSetLinearSolver referenced in function main
cvRoberts_dns_uw.obj : error LNK2019: unresolved external symbol __imp_CVDlsSetJacFn referenced in function main
cvRoberts_dns_uw.obj : error LNK2019: unresolved external symbol __imp_CVDlsGetNumJacEvals referenced in function PrintFinalStats
cvRoberts_dns_uw.obj : error LNK2019: unresolved external symbol __imp_CVDlsGetNumRhsEvals referenced in function PrintFinalStats
cvRoberts_dns_uw.obj : error LNK2019: unresolved external symbol __imp_SUNRabs referenced in function ewt
C:\oss\third_party\sundials\sundials-3.1.0-build\examples\cvode\serial\Release\cvRoberts_dns_uw.exe : fatal error LNK1120: 25 unresolved externals
