cvsRoberts_ASAi_dns.obj : error LNK2019: unresolved external symbol __imp_N_VDestroy referenced in function main
cvsRoberts_ASAi_dns.obj : error LNK2019: unresolved external symbol __imp_CVodeCreate referenced in function main
cvsRoberts_ASAi_dns.obj : error LNK2019: unresolved external symbol __imp_CVodeInit referenced in function main
cvsRoberts_ASAi_dns.obj : error LNK2019: unresolved external symbol __imp_CVodeWFtolerances referenced in function main
cvsRoberts_ASAi_dns.obj : error LNK2019: unresolved external symbol __imp_CVodeQuadInit referenced in function main
cvsRoberts_ASAi_dns.obj : error LNK2019: unresolved external symbol __imp_CVodeQuadSStolerances referenced in function main
cvsRoberts_ASAi_dns.obj : error LNK2019: unresolved external symbol __imp_CVodeFree referenced in function main
cvsRoberts_ASAi_dns.obj : error LNK2019: unresolved external symbol __imp_CVodeSetUserData referenced in function main
cvsRoberts_ASAi_dns.obj : error LNK2019: unresolved external symbol __imp_CVodeSetQuadErrCon referenced in function main
cvsRoberts_ASAi_dns.obj : error LNK2019: unresolved external symbol __imp_CVodeGetQuad referenced in function main
cvsRoberts_ASAi_dns.obj : error LNK2019: unresolved external symbol __imp_CVodeGetNumSteps referenced in function main
cvsRoberts_ASAi_dns.obj : error LNK2019: unresolved external symbol __imp_CVodeAdjInit referenced in function main
cvsRoberts_ASAi_dns.obj : error LNK2019: unresolved external symbol __imp_CVodeCreateB referenced in function main
cvsRoberts_ASAi_dns.obj : error LNK2019: unresolved external symbol __imp_CVodeInitB referenced in function main
cvsRoberts_ASAi_dns.obj : error LNK2019: unresolved external symbol __imp_CVodeReInitB referenced in function main
cvsRoberts_ASAi_dns.obj : error LNK2019: unresolved external symbol __imp_CVodeSStolerancesB referenced in function main
cvsRoberts_ASAi_dns.obj : error LNK2019: unresolved external symbol __imp_CVodeQuadInitB referenced in function main
cvsRoberts_ASAi_dns.obj : error LNK2019: unresolved external symbol __imp_CVodeQuadReInitB referenced in function main
cvsRoberts_ASAi_dns.obj : error LNK2019: unresolved external symbol __imp_CVodeQuadSStolerancesB referenced in function main
cvsRoberts_ASAi_dns.obj : error LNK2019: unresolved external symbol __imp_CVodeF referenced in function main
cvsRoberts_ASAi_dns.obj : error LNK2019: unresolved external symbol __imp_CVodeB referenced in function main
cvsRoberts_ASAi_dns.obj : error LNK2019: unresolved external symbol __imp_CVodeSetUserDataB referenced in function main
cvsRoberts_ASAi_dns.obj : error LNK2019: unresolved external symbol __imp_CVodeSetQuadErrConB referenced in function main
cvsRoberts_ASAi_dns.obj : error LNK2019: unresolved external symbol __imp_CVodeGetB referenced in function main
cvsRoberts_ASAi_dns.obj : error LNK2019: unresolved external symbol __imp_CVodeGetQuadB referenced in function main
cvsRoberts_ASAi_dns.obj : error LNK2019: unresolved external symbol __imp_CVodeGetAdjCVodeBmem referenced in function main
cvsRoberts_ASAi_dns.obj : error LNK2019: unresolved external symbol __imp_CVodeGetAdjY referenced in function main
cvsRoberts_ASAi_dns.obj : error LNK2019: unresolved external symbol __imp_N_VNew_Serial referenced in function main
cvsRoberts_ASAi_dns.obj : error LNK2019: unresolved external symbol __imp_SUNMatDestroy referenced in function main
cvsRoberts_ASAi_dns.obj : error LNK2019: unresolved external symbol __imp_SUNDenseMatrix referenced in function main
cvsRoberts_ASAi_dns.obj : error LNK2019: unresolved external symbol __imp_SUNLinSolFree referenced in function main
cvsRoberts_ASAi_dns.obj : error LNK2019: unresolved external symbol __imp_SUNDenseLinearSolver referenced in function main
cvsRoberts_ASAi_dns.obj : error LNK2019: unresolved external symbol __imp_CVDlsSetLinearSolver referenced in function main
cvsRoberts_ASAi_dns.obj : error LNK2019: unresolved external symbol __imp_CVDlsSetJacFn referenced in function main
cvsRoberts_ASAi_dns.obj : error LNK2019: unresolved external symbol __imp_CVDlsSetLinearSolverB referenced in function main
cvsRoberts_ASAi_dns.obj : error LNK2019: unresolved external symbol __imp_CVDlsSetJacFnB referenced in function main
cvsRoberts_ASAi_dns.obj : error LNK2019: unresolved external symbol __imp_SUNRabs referenced in function ewt
C:\oss\third_party\sundials\sundials-3.1.0-build\examples\cvodes\serial\Release\cvsRoberts_ASAi_dns.exe : fatal error LNK1120: 37 unresolved externals
