c:\oss\third_party\sundials\sundials-3.1.0-build\src\cvodes\sundials_cvodes_shared.dir\release\sunmatrix_band.obj
c:\oss\third_party\sundials\sundials-3.1.0-build\src\cvodes\sundials_cvodes_shared.dir\release\nvector_serial.obj
c:\oss\third_party\sundials\sundials-3.1.0-build\src\cvodes\sundials_cvodes_shared.dir\release\sundials_version.obj
c:\oss\third_party\sundials\sundials-3.1.0-build\src\cvodes\sundials_cvodes_shared.dir\release\sundials_iterative.obj
c:\oss\third_party\sundials\sundials-3.1.0-build\src\cvodes\sundials_cvodes_shared.dir\release\sundials_direct.obj
c:\oss\third_party\sundials\sundials-3.1.0-build\src\cvodes\sundials_cvodes_shared.dir\release\sundials_dense.obj
c:\oss\third_party\sundials\sundials-3.1.0-build\src\cvodes\sundials_cvodes_shared.dir\release\sundials_band.obj
c:\oss\third_party\sundials\sundials-3.1.0-build\src\cvodes\sundials_cvodes_shared.dir\release\sundials_math.obj
c:\oss\third_party\sundials\sundials-3.1.0-build\src\cvodes\sundials_cvodes_shared.dir\release\sundials_linearsolver.obj
c:\oss\third_party\sundials\sundials-3.1.0-build\src\cvodes\sundials_cvodes_shared.dir\release\sundials_matrix.obj
c:\oss\third_party\sundials\sundials-3.1.0-build\src\cvodes\sundials_cvodes_shared.dir\release\sundials_nvector.obj
c:\oss\third_party\sundials\sundials-3.1.0-build\src\cvodes\sundials_cvodes_shared.dir\release\cvodes_spils.obj
c:\oss\third_party\sundials\sundials-3.1.0-build\src\cvodes\sundials_cvodes_shared.dir\release\cvodes_direct.obj
c:\oss\third_party\sundials\sundials-3.1.0-build\src\cvodes\sundials_cvodes_shared.dir\release\cvodes_diag.obj
c:\oss\third_party\sundials\sundials-3.1.0-build\src\cvodes\sundials_cvodes_shared.dir\release\cvodes_io.obj
c:\oss\third_party\sundials\sundials-3.1.0-build\src\cvodes\sundials_cvodes_shared.dir\release\cvodes_bbdpre.obj
c:\oss\third_party\sundials\sundials-3.1.0-build\src\cvodes\sundials_cvodes_shared.dir\release\cvodes_bandpre.obj
c:\oss\third_party\sundials\sundials-3.1.0-build\src\cvodes\sundials_cvodes_shared.dir\release\cvodes.obj
c:\oss\third_party\sundials\sundials-3.1.0-build\src\cvodes\sundials_cvodes_shared.dir\release\cvodea_io.obj
c:\oss\third_party\sundials\sundials-3.1.0-build\src\cvodes\sundials_cvodes_shared.dir\release\cvodea.obj
c:\oss\third_party\sundials\sundials-3.1.0-build\src\cvodes\sundials_cvodes_shared.dir\release\sunlinsol_pcg.obj
c:\oss\third_party\sundials\sundials-3.1.0-build\src\cvodes\sundials_cvodes_shared.dir\release\sunlinsol_sptfqmr.obj
c:\oss\third_party\sundials\sundials-3.1.0-build\src\cvodes\sundials_cvodes_shared.dir\release\sunlinsol_spgmr.obj
c:\oss\third_party\sundials\sundials-3.1.0-build\src\cvodes\sundials_cvodes_shared.dir\release\sunlinsol_spfgmr.obj
c:\oss\third_party\sundials\sundials-3.1.0-build\src\cvodes\sundials_cvodes_shared.dir\release\sunlinsol_spbcgs.obj
c:\oss\third_party\sundials\sundials-3.1.0-build\src\cvodes\sundials_cvodes_shared.dir\release\sunlinsol_dense.obj
c:\oss\third_party\sundials\sundials-3.1.0-build\src\cvodes\sundials_cvodes_shared.dir\release\sunlinsol_band.obj
c:\oss\third_party\sundials\sundials-3.1.0-build\src\cvodes\sundials_cvodes_shared.dir\release\sunmatrix_sparse.obj
c:\oss\third_party\sundials\sundials-3.1.0-build\src\cvodes\sundials_cvodes_shared.dir\release\sunmatrix_dense.obj
c:\oss\third_party\sundials\sundials-3.1.0-build\src\cvodes\cmakefiles\generate.stamp
c:\oss\third_party\sundials\sundials-3.1.0-build\src\cvodes\release\sundials_cvodes.dll
c:\oss\third_party\sundials\sundials-3.1.0-build\src\cvodes\release\sundials_cvodes.lib
c:\oss\third_party\sundials\sundials-3.1.0-build\src\cvodes\release\sundials_cvodes.exp
c:\oss\third_party\sundials\sundials-3.1.0-build\src\cvodes\sundials_cvodes_shared.dir\release\sundials.c5790e38.tlog\cl.command.1.tlog
c:\oss\third_party\sundials\sundials-3.1.0-build\src\cvodes\sundials_cvodes_shared.dir\release\sundials.c5790e38.tlog\cl.read.1.tlog
c:\oss\third_party\sundials\sundials-3.1.0-build\src\cvodes\sundials_cvodes_shared.dir\release\sundials.c5790e38.tlog\cl.write.1.tlog
c:\oss\third_party\sundials\sundials-3.1.0-build\src\cvodes\sundials_cvodes_shared.dir\release\sundials.c5790e38.tlog\custombuild.command.1.tlog
c:\oss\third_party\sundials\sundials-3.1.0-build\src\cvodes\sundials_cvodes_shared.dir\release\sundials.c5790e38.tlog\custombuild.read.1.tlog
c:\oss\third_party\sundials\sundials-3.1.0-build\src\cvodes\sundials_cvodes_shared.dir\release\sundials.c5790e38.tlog\custombuild.write.1.tlog
c:\oss\third_party\sundials\sundials-3.1.0-build\src\cvodes\sundials_cvodes_shared.dir\release\sundials.c5790e38.tlog\link.command.1.tlog
c:\oss\third_party\sundials\sundials-3.1.0-build\src\cvodes\sundials_cvodes_shared.dir\release\sundials.c5790e38.tlog\link.read.1.tlog
c:\oss\third_party\sundials\sundials-3.1.0-build\src\cvodes\sundials_cvodes_shared.dir\release\sundials.c5790e38.tlog\link.write.1.tlog
c:\oss\third_party\sundials\sundials-3.1.0-build\src\cvodes\sundials_cvodes_shared.dir\release\sundials.c5790e38.tlog\sundials_cvodes_shared.write.1u.tlog
