idaFoodWeb_bnd.obj : error LNK2019: unresolved external symbol __imp_N_VDestroy referenced in function main
idaFoodWeb_bnd.obj : error LNK2019: unresolved external symbol __imp_N_VGetArrayPointer referenced in function SetInitialProfiles
idaFoodWeb_bnd.obj : error LNK2019: unresolved external symbol __imp_IDACreate referenced in function main
idaFoodWeb_bnd.obj : error LNK2019: unresolved external symbol __imp_IDASetUserData referenced in function main
idaFoodWeb_bnd.obj : error LNK2019: unresolved external symbol __imp_IDASetId referenced in function main
idaFoodWeb_bnd.obj : error LNK2019: unresolved external symbol __imp_IDAInit referenced in function main
idaFoodWeb_bnd.obj : error LNK2019: unresolved external symbol __imp_IDASStolerances referenced in function main
idaFoodWeb_bnd.obj : error LNK2019: unresolved external symbol __imp_IDACalcIC referenced in function main
idaFoodWeb_bnd.obj : error LNK2019: unresolved external symbol __imp_IDASolve referenced in function main
idaFoodWeb_bnd.obj : error LNK2019: unresolved external symbol __imp_IDAGetNumSteps referenced in function PrintFinalStats
idaFoodWeb_bnd.obj : error LNK2019: unresolved external symbol __imp_IDAGetNumResEvals referenced in function PrintFinalStats
idaFoodWeb_bnd.obj : error LNK2019: unresolved external symbol __imp_IDAGetNumErrTestFails referenced in function PrintFinalStats
idaFoodWeb_bnd.obj : error LNK2019: unresolved external symbol __imp_IDAGetLastOrder referenced in function PrintOutput
idaFoodWeb_bnd.obj : error LNK2019: unresolved external symbol __imp_IDAGetLastStep referenced in function PrintOutput
idaFoodWeb_bnd.obj : error LNK2019: unresolved external symbol __imp_IDAGetNumNonlinSolvIters referenced in function PrintFinalStats
idaFoodWeb_bnd.obj : error LNK2019: unresolved external symbol __imp_IDAGetNumNonlinSolvConvFails referenced in function PrintFinalStats
idaFoodWeb_bnd.obj : error LNK2019: unresolved external symbol __imp_IDAFree referenced in function main
idaFoodWeb_bnd.obj : error LNK2019: unresolved external symbol __imp_N_VNew_Serial referenced in function main
idaFoodWeb_bnd.obj : error LNK2019: unresolved external symbol __imp_SUNMatDestroy referenced in function main
idaFoodWeb_bnd.obj : error LNK2019: unresolved external symbol __imp_SUNBandMatrix referenced in function main
idaFoodWeb_bnd.obj : error LNK2019: unresolved external symbol __imp_SUNLinSolFree referenced in function main
idaFoodWeb_bnd.obj : error LNK2019: unresolved external symbol __imp_newDenseMat referenced in function main
idaFoodWeb_bnd.obj : error LNK2019: unresolved external symbol __imp_destroyMat referenced in function main
idaFoodWeb_bnd.obj : error LNK2019: unresolved external symbol __imp_SUNBandLinearSolver referenced in function main
idaFoodWeb_bnd.obj : error LNK2019: unresolved external symbol __imp_IDADlsSetLinearSolver referenced in function main
idaFoodWeb_bnd.obj : error LNK2019: unresolved external symbol __imp_IDADlsGetNumJacEvals referenced in function PrintFinalStats
idaFoodWeb_bnd.obj : error LNK2019: unresolved external symbol __imp_IDADlsGetNumResEvals referenced in function PrintFinalStats
C:\oss\third_party\sundials\sundials-3.1.0-build\examples\ida\serial\Release\idaFoodWeb_bnd.exe : fatal error LNK1120: 27 unresolved externals
