c:\oss\third_party\matio\matio-1.5.11\visual_studio\libmatio\x64\release\vc140.pdb
c:\oss\third_party\matio\matio-1.5.11\visual_studio\libmatio\x64\release\snprintf.obj
c:\oss\third_party\matio\matio-1.5.11\visual_studio\libmatio\x64\release\read_data.obj
c:\oss\third_party\matio\matio-1.5.11\visual_studio\libmatio\x64\release\matvar_struct.obj
c:\oss\third_party\matio\matio-1.5.11\visual_studio\libmatio\x64\release\matvar_cell.obj
c:\oss\third_party\matio\matio-1.5.11\visual_studio\libmatio\x64\release\mat73.obj
c:\oss\third_party\matio\matio-1.5.11\visual_studio\libmatio\x64\release\mat5.obj
c:\oss\third_party\matio\matio-1.5.11\visual_studio\libmatio\x64\release\mat4.obj
c:\oss\third_party\matio\matio-1.5.11\visual_studio\libmatio\x64\release\mat.obj
c:\oss\third_party\matio\matio-1.5.11\visual_studio\libmatio\x64\release\io.obj
c:\oss\third_party\matio\matio-1.5.11\visual_studio\libmatio\x64\release\inflate.obj
c:\oss\third_party\matio\matio-1.5.11\visual_studio\libmatio\x64\release\endian.obj
c:\oss\third_party\matio\matio-1.5.11\visual_studio\x64\release\libmatio.lib
c:\oss\third_party\matio\matio-1.5.11\visual_studio\x64\release\libmatio.exp
c:\oss\third_party\matio\matio-1.5.11\visual_studio\x64\release\libmatio.dll
c:\oss\third_party\matio\matio-1.5.11\visual_studio\x64\release\libmatio.ipdb
c:\oss\third_party\matio\matio-1.5.11\visual_studio\x64\release\libmatio.iobj
c:\oss\third_party\matio\matio-1.5.11\visual_studio\x64\release\libmatio.pdb
c:\oss\third_party\matio\matio-1.5.11\visual_studio\libmatio\x64\release\matio.res
c:\oss\third_party\matio\matio-1.5.11\visual_studio\libmatio\x64\release\libmatio.tlog\cl.command.1.tlog
c:\oss\third_party\matio\matio-1.5.11\visual_studio\libmatio\x64\release\libmatio.tlog\cl.read.1.tlog
c:\oss\third_party\matio\matio-1.5.11\visual_studio\libmatio\x64\release\libmatio.tlog\cl.write.1.tlog
c:\oss\third_party\matio\matio-1.5.11\visual_studio\libmatio\x64\release\libmatio.tlog\libmatio.write.1u.tlog
c:\oss\third_party\matio\matio-1.5.11\visual_studio\libmatio\x64\release\libmatio.tlog\link.command.1.tlog
c:\oss\third_party\matio\matio-1.5.11\visual_studio\libmatio\x64\release\libmatio.tlog\link.read.1.tlog
c:\oss\third_party\matio\matio-1.5.11\visual_studio\libmatio\x64\release\libmatio.tlog\link.write.1.tlog
c:\oss\third_party\matio\matio-1.5.11\visual_studio\libmatio\x64\release\libmatio.tlog\rc.command.1.tlog
c:\oss\third_party\matio\matio-1.5.11\visual_studio\libmatio\x64\release\libmatio.tlog\rc.read.1.tlog
c:\oss\third_party\matio\matio-1.5.11\visual_studio\libmatio\x64\release\libmatio.tlog\rc.write.1.tlog
