kinRoberts_fp.obj : error LNK2019: unresolved external symbol __imp_N_VClone referenced in function check_ans
kinRoberts_fp.obj : error LNK2019: unresolved external symbol __imp_N_VDestroy referenced in function check_ans
kinRoberts_fp.obj : error LNK2019: unresolved external symbol __imp_N_VLinearSum referenced in function check_ans
kinRoberts_fp.obj : error LNK2019: unresolved external symbol __imp_N_VScale referenced in function check_ans
kinRoberts_fp.obj : error LNK2019: unresolved external symbol __imp_N_VAbs referenced in function check_ans
kinRoberts_fp.obj : error LNK2019: unresolved external symbol __imp_N_VInv referenced in function check_ans
kinRoberts_fp.obj : error LNK2019: unresolved external symbol __imp_N_VAddConst referenced in function check_ans
kinRoberts_fp.obj : error LNK2019: unresolved external symbol __imp_N_VWrmsNorm referenced in function check_ans
kinRoberts_fp.obj : error LNK2019: unresolved external symbol __imp_N_VMin referenced in function check_ans
kinRoberts_fp.obj : error LNK2019: unresolved external symbol __imp_KINCreate referenced in function main
kinRoberts_fp.obj : error LNK2019: unresolved external symbol __imp_KINSetMAA referenced in function main
kinRoberts_fp.obj : error LNK2019: unresolved external symbol __imp_KINSetFuncNormTol referenced in function main
kinRoberts_fp.obj : error LNK2019: unresolved external symbol __imp_KINInit referenced in function main
kinRoberts_fp.obj : error LNK2019: unresolved external symbol __imp_KINSol referenced in function main
kinRoberts_fp.obj : error LNK2019: unresolved external symbol __imp_KINGetNumNonlinSolvIters referenced in function PrintFinalStats
kinRoberts_fp.obj : error LNK2019: unresolved external symbol __imp_KINGetNumFuncEvals referenced in function PrintFinalStats
kinRoberts_fp.obj : error LNK2019: unresolved external symbol __imp_KINGetFuncNorm referenced in function main
kinRoberts_fp.obj : error LNK2019: unresolved external symbol __imp_KINFree referenced in function main
kinRoberts_fp.obj : error LNK2019: unresolved external symbol __imp_N_VNew_Serial referenced in function main
kinRoberts_fp.obj : error LNK2019: unresolved external symbol __imp_N_VDestroy_Serial referenced in function main
kinRoberts_fp.obj : error LNK2019: unresolved external symbol __imp_N_VConst_Serial referenced in function main
C:\oss\third_party\sundials\sundials-3.1.0-build\examples\kinsol\serial\Release\kinRoberts_fp.exe : fatal error LNK1120: 21 unresolved externals
