cvAdvDiff_bnd.obj : error LNK2019: unresolved external symbol __imp_N_VDestroy referenced in function main
cvAdvDiff_bnd.obj : error LNK2019: unresolved external symbol __imp_N_VGetArrayPointer referenced in function SetIC
cvAdvDiff_bnd.obj : error LNK2019: unresolved external symbol __imp_N_VMaxNorm referenced in function main
cvAdvDiff_bnd.obj : error LNK2019: unresolved external symbol __imp_CVodeCreate referenced in function main
cvAdvDiff_bnd.obj : error LNK2019: unresolved external symbol __imp_CVodeSetUserData referenced in function main
cvAdvDiff_bnd.obj : error LNK2019: unresolved external symbol __imp_CVodeInit referenced in function main
cvAdvDiff_bnd.obj : error LNK2019: unresolved external symbol __imp_CVodeSStolerances referenced in function main
cvAdvDiff_bnd.obj : error LNK2019: unresolved external symbol __imp_CVode referenced in function main
cvAdvDiff_bnd.obj : error LNK2019: unresolved external symbol __imp_CVodeGetNumSteps referenced in function PrintFinalStats
cvAdvDiff_bnd.obj : error LNK2019: unresolved external symbol __imp_CVodeGetNumRhsEvals referenced in function PrintFinalStats
cvAdvDiff_bnd.obj : error LNK2019: unresolved external symbol __imp_CVodeGetNumLinSolvSetups referenced in function PrintFinalStats
cvAdvDiff_bnd.obj : error LNK2019: unresolved external symbol __imp_CVodeGetNumErrTestFails referenced in function PrintFinalStats
cvAdvDiff_bnd.obj : error LNK2019: unresolved external symbol __imp_CVodeGetNumNonlinSolvIters referenced in function PrintFinalStats
cvAdvDiff_bnd.obj : error LNK2019: unresolved external symbol __imp_CVodeGetNumNonlinSolvConvFails referenced in function PrintFinalStats
cvAdvDiff_bnd.obj : error LNK2019: unresolved external symbol __imp_CVodeFree referenced in function main
cvAdvDiff_bnd.obj : error LNK2019: unresolved external symbol __imp_N_VNew_Serial referenced in function main
cvAdvDiff_bnd.obj : error LNK2019: unresolved external symbol __imp_SUNMatDestroy referenced in function main
cvAdvDiff_bnd.obj : error LNK2019: unresolved external symbol __imp_SUNBandMatrix referenced in function main
cvAdvDiff_bnd.obj : error LNK2019: unresolved external symbol __imp_SUNBandMatrix_Column referenced in function Jac
cvAdvDiff_bnd.obj : error LNK2019: unresolved external symbol __imp_SUNLinSolFree referenced in function main
cvAdvDiff_bnd.obj : error LNK2019: unresolved external symbol __imp_SUNBandLinearSolver referenced in function main
cvAdvDiff_bnd.obj : error LNK2019: unresolved external symbol __imp_CVDlsSetLinearSolver referenced in function main
cvAdvDiff_bnd.obj : error LNK2019: unresolved external symbol __imp_CVDlsSetJacFn referenced in function main
cvAdvDiff_bnd.obj : error LNK2019: unresolved external symbol __imp_CVDlsGetNumJacEvals referenced in function PrintFinalStats
cvAdvDiff_bnd.obj : error LNK2019: unresolved external symbol __imp_CVDlsGetNumRhsEvals referenced in function PrintFinalStats
cvAdvDiff_bnd.obj : error LNK2019: unresolved external symbol __imp_SUNRexp referenced in function SetIC
C:\oss\third_party\sundials\sundials-3.1.0-build\examples\cvode\serial\Release\cvAdvDiff_bnd.exe : fatal error LNK1120: 26 unresolved externals
