  arkode.c
  arkode_bandpre.c
  arkode_bbdpre.c
  arkode_butcher.c
  arkode_direct.c
  arkode_io.c
  arkode_spils.c
  sundials_nvector.c
  sundials_matrix.c
  sundials_linearsolver.c
  sundials_math.c
  sundials_band.c
  sundials_dense.c
  sundials_direct.c
  sundials_iterative.c
  sundials_version.c
  nvector_serial.c
  sunmatrix_band.c
  sunmatrix_dense.c
  sunmatrix_sparse.c
  Generating Code...
  Compiling...
  sunlinsol_band.c
  sunlinsol_dense.c
  sunlinsol_spbcgs.c
  sunlinsol_spfgmr.c
  sunlinsol_spgmr.c
  sunlinsol_sptfqmr.c
  sunlinsol_pcg.c
  Generating Code...
     Creating library C:/oss/third_party/sundials/sundials-3.1.0-build/src/arkode/Debug/sundials_arkode.lib and object C:/oss/third_party/sundials/sundials-3.1.0-build/src/arkode/Debug/sundials_arkode.exp
  sundials_arkode_shared.vcxproj -> C:\oss\third_party\sundials\sundials-3.1.0-build\src\arkode\Debug\sundials_arkode.dll
  sundials_arkode_shared.vcxproj -> C:/oss/third_party/sundials/sundials-3.1.0-build/src/arkode/Debug/sundials_arkode.pdb (Full PDB)
