cvDiurnal_kry_bp.obj : error LNK2019: unresolved external symbol __imp_N_VDestroy referenced in function main
cvDiurnal_kry_bp.obj : error LNK2019: unresolved external symbol __imp_N_VGetArrayPointer referenced in function PrintOutput
cvDiurnal_kry_bp.obj : error LNK2019: unresolved external symbol __imp_CVodeCreate referenced in function main
cvDiurnal_kry_bp.obj : error LNK2019: unresolved external symbol __imp_CVodeSetUserData referenced in function main
cvDiurnal_kry_bp.obj : error LNK2019: unresolved external symbol __imp_CVodeInit referenced in function main
cvDiurnal_kry_bp.obj : error LNK2019: unresolved external symbol __imp_CVodeReInit referenced in function main
cvDiurnal_kry_bp.obj : error LNK2019: unresolved external symbol __imp_CVodeSStolerances referenced in function main
cvDiurnal_kry_bp.obj : error LNK2019: unresolved external symbol __imp_CVode referenced in function main
cvDiurnal_kry_bp.obj : error LNK2019: unresolved external symbol __imp_CVodeGetWorkSpace referenced in function PrintFinalStats
cvDiurnal_kry_bp.obj : error LNK2019: unresolved external symbol __imp_CVodeGetNumSteps referenced in function PrintFinalStats
cvDiurnal_kry_bp.obj : error LNK2019: unresolved external symbol __imp_CVodeGetNumRhsEvals referenced in function PrintFinalStats
cvDiurnal_kry_bp.obj : error LNK2019: unresolved external symbol __imp_CVodeGetNumLinSolvSetups referenced in function PrintFinalStats
cvDiurnal_kry_bp.obj : error LNK2019: unresolved external symbol __imp_CVodeGetNumErrTestFails referenced in function PrintFinalStats
cvDiurnal_kry_bp.obj : error LNK2019: unresolved external symbol __imp_CVodeGetLastOrder referenced in function PrintOutput
cvDiurnal_kry_bp.obj : error LNK2019: unresolved external symbol __imp_CVodeGetLastStep referenced in function PrintOutput
cvDiurnal_kry_bp.obj : error LNK2019: unresolved external symbol __imp_CVodeGetNumNonlinSolvIters referenced in function PrintFinalStats
cvDiurnal_kry_bp.obj : error LNK2019: unresolved external symbol __imp_CVodeGetNumNonlinSolvConvFails referenced in function PrintFinalStats
cvDiurnal_kry_bp.obj : error LNK2019: unresolved external symbol __imp_CVodeFree referenced in function main
cvDiurnal_kry_bp.obj : error LNK2019: unresolved external symbol __imp_N_VNew_Serial referenced in function main
cvDiurnal_kry_bp.obj : error LNK2019: unresolved external symbol __imp_SUNLinSolFree referenced in function main
cvDiurnal_kry_bp.obj : error LNK2019: unresolved external symbol __imp_SUNSPGMR referenced in function main
cvDiurnal_kry_bp.obj : error LNK2019: unresolved external symbol __imp_SUNSPGMRSetPrecType referenced in function main
cvDiurnal_kry_bp.obj : error LNK2019: unresolved external symbol __imp_CVSpilsSetLinearSolver referenced in function main
cvDiurnal_kry_bp.obj : error LNK2019: unresolved external symbol __imp_CVSpilsGetWorkSpace referenced in function PrintFinalStats
cvDiurnal_kry_bp.obj : error LNK2019: unresolved external symbol __imp_CVSpilsGetNumPrecEvals referenced in function PrintFinalStats
cvDiurnal_kry_bp.obj : error LNK2019: unresolved external symbol __imp_CVSpilsGetNumPrecSolves referenced in function PrintFinalStats
cvDiurnal_kry_bp.obj : error LNK2019: unresolved external symbol __imp_CVSpilsGetNumLinIters referenced in function PrintFinalStats
cvDiurnal_kry_bp.obj : error LNK2019: unresolved external symbol __imp_CVSpilsGetNumConvFails referenced in function PrintFinalStats
cvDiurnal_kry_bp.obj : error LNK2019: unresolved external symbol __imp_CVSpilsGetNumRhsEvals referenced in function PrintFinalStats
cvDiurnal_kry_bp.obj : error LNK2019: unresolved external symbol __imp_CVBandPrecInit referenced in function main
cvDiurnal_kry_bp.obj : error LNK2019: unresolved external symbol __imp_CVBandPrecGetWorkSpace referenced in function PrintFinalStats
cvDiurnal_kry_bp.obj : error LNK2019: unresolved external symbol __imp_CVBandPrecGetNumRhsEvals referenced in function PrintFinalStats
cvDiurnal_kry_bp.obj : error LNK2019: unresolved external symbol __imp_SUNRexp referenced in function f
C:\oss\third_party\sundials\sundials-3.1.0-build\examples\cvode\serial\Release\cvDiurnal_kry_bp.exe : fatal error LNK1120: 33 unresolved externals
