idasRoberts_FSA_dns.obj : error LNK2019: unresolved external symbol __imp_N_VDestroy referenced in function main
idasRoberts_FSA_dns.obj : error LNK2019: unresolved external symbol __imp_N_VGetArrayPointer referenced in function PrintIC
idasRoberts_FSA_dns.obj : error LNK2019: unresolved external symbol __imp_N_VConst referenced in function main
idasRoberts_FSA_dns.obj : error LNK2019: unresolved external symbol __imp_N_VCloneVectorArray referenced in function main
idasRoberts_FSA_dns.obj : error LNK2019: unresolved external symbol __imp_N_VDestroyVectorArray referenced in function main
idasRoberts_FSA_dns.obj : error LNK2019: unresolved external symbol __imp_IDACreate referenced in function main
idasRoberts_FSA_dns.obj : error LNK2019: unresolved external symbol __imp_IDASetUserData referenced in function main
idasRoberts_FSA_dns.obj : error LNK2019: unresolved external symbol __imp_IDASetId referenced in function main
idasRoberts_FSA_dns.obj : error LNK2019: unresolved external symbol __imp_IDAInit referenced in function main
idasRoberts_FSA_dns.obj : error LNK2019: unresolved external symbol __imp_IDASVtolerances referenced in function main
idasRoberts_FSA_dns.obj : error LNK2019: unresolved external symbol __imp_IDAQuadInit referenced in function main
idasRoberts_FSA_dns.obj : error LNK2019: unresolved external symbol __imp_IDASetSensParams referenced in function main
idasRoberts_FSA_dns.obj : error LNK2019: unresolved external symbol __imp_IDASetSensErrCon referenced in function main
idasRoberts_FSA_dns.obj : error LNK2019: unresolved external symbol __imp_IDASensInit referenced in function main
idasRoberts_FSA_dns.obj : error LNK2019: unresolved external symbol __imp_IDASensEEtolerances referenced in function main
idasRoberts_FSA_dns.obj : error LNK2019: unresolved external symbol __imp_IDAQuadSensInit referenced in function main
idasRoberts_FSA_dns.obj : error LNK2019: unresolved external symbol __imp_IDACalcIC referenced in function main
idasRoberts_FSA_dns.obj : error LNK2019: unresolved external symbol __imp_IDASolve referenced in function main
idasRoberts_FSA_dns.obj : error LNK2019: unresolved external symbol __imp_IDAGetNumSteps referenced in function PrintFinalStats
idasRoberts_FSA_dns.obj : error LNK2019: unresolved external symbol __imp_IDAGetNumResEvals referenced in function PrintFinalStats
idasRoberts_FSA_dns.obj : error LNK2019: unresolved external symbol __imp_IDAGetNumLinSolvSetups referenced in function PrintFinalStats
idasRoberts_FSA_dns.obj : error LNK2019: unresolved external symbol __imp_IDAGetNumErrTestFails referenced in function PrintFinalStats
idasRoberts_FSA_dns.obj : error LNK2019: unresolved external symbol __imp_IDAGetConsistentIC referenced in function main
idasRoberts_FSA_dns.obj : error LNK2019: unresolved external symbol __imp_IDAGetLastOrder referenced in function PrintOutput
idasRoberts_FSA_dns.obj : error LNK2019: unresolved external symbol __imp_IDAGetLastStep referenced in function PrintOutput
idasRoberts_FSA_dns.obj : error LNK2019: unresolved external symbol __imp_IDAGetNumNonlinSolvIters referenced in function PrintFinalStats
idasRoberts_FSA_dns.obj : error LNK2019: unresolved external symbol __imp_IDAGetNumNonlinSolvConvFails referenced in function PrintFinalStats
idasRoberts_FSA_dns.obj : error LNK2019: unresolved external symbol __imp_IDAGetQuad referenced in function main
idasRoberts_FSA_dns.obj : error LNK2019: unresolved external symbol __imp_IDAGetSens referenced in function main
idasRoberts_FSA_dns.obj : error LNK2019: unresolved external symbol __imp_IDAGetSensConsistentIC referenced in function main
idasRoberts_FSA_dns.obj : error LNK2019: unresolved external symbol __imp_IDAGetSensNumResEvals referenced in function PrintFinalStats
idasRoberts_FSA_dns.obj : error LNK2019: unresolved external symbol __imp_IDAGetNumResEvalsSens referenced in function PrintFinalStats
idasRoberts_FSA_dns.obj : error LNK2019: unresolved external symbol __imp_IDAGetSensNumErrTestFails referenced in function PrintFinalStats
idasRoberts_FSA_dns.obj : error LNK2019: unresolved external symbol __imp_IDAGetSensNumLinSolvSetups referenced in function PrintFinalStats
idasRoberts_FSA_dns.obj : error LNK2019: unresolved external symbol __imp_IDAGetSensNumNonlinSolvIters referenced in function PrintFinalStats
idasRoberts_FSA_dns.obj : error LNK2019: unresolved external symbol __imp_IDAGetSensNumNonlinSolvConvFails referenced in function PrintFinalStats
idasRoberts_FSA_dns.obj : error LNK2019: unresolved external symbol __imp_IDAGetQuadSens referenced in function main
idasRoberts_FSA_dns.obj : error LNK2019: unresolved external symbol __imp_IDAFree referenced in function main
idasRoberts_FSA_dns.obj : error LNK2019: unresolved external symbol __imp_N_VNew_Serial referenced in function main
idasRoberts_FSA_dns.obj : error LNK2019: unresolved external symbol __imp_SUNMatDestroy referenced in function main
idasRoberts_FSA_dns.obj : error LNK2019: unresolved external symbol __imp_SUNDenseMatrix referenced in function main
idasRoberts_FSA_dns.obj : error LNK2019: unresolved external symbol __imp_SUNLinSolFree referenced in function main
idasRoberts_FSA_dns.obj : error LNK2019: unresolved external symbol __imp_SUNDenseLinearSolver referenced in function main
idasRoberts_FSA_dns.obj : error LNK2019: unresolved external symbol __imp_IDADlsSetLinearSolver referenced in function main
idasRoberts_FSA_dns.obj : error LNK2019: unresolved external symbol __imp_IDADlsGetNumJacEvals referenced in function PrintFinalStats
idasRoberts_FSA_dns.obj : error LNK2019: unresolved external symbol __imp_IDADlsGetNumResEvals referenced in function PrintFinalStats
C:\oss\third_party\sundials\sundials-3.1.0-build\examples\idas\serial\Release\idasRoberts_FSA_dns.exe : fatal error LNK1120: 46 unresolved externals
