CPack: Enable Verbose
CPack Verbose: Read CPack config file: 
CPack Verbose: Read CPack configuration file: C:/oss/third_party/matio/CMake-hdf5-1.10.1/build/CPackConfig.cmake
CPack Verbose: Specified generator: ZIP
CPack Verbose: Use generator: cmCPackZIPGenerator
CPack Verbose: For project: HDF5
CPack: Create package using ZIP
CPack Verbose: Read description file: C:/oss/third_party/matio/CMake-hdf5-1.10.1/hdf5-1.10.1/release_docs/RELEASE.txt
CPack Verbose: [ZIP] requested component grouping = ONE_PER_GROUP
CPack: Install projects
CPack: - Install project: HDF5
CPack Verbose: Install configuration: "Release"
CPack Verbose: Installing: C:/oss/third_party/matio/CMake-hdf5-1.10.1/build/_CPack_Packages/win64/ZIP/HDF5-1.10.1-win64/include/H5pubconf.h
CPack Verbose: Installing: C:/oss/third_party/matio/CMake-hdf5-1.10.1/build/_CPack_Packages/win64/ZIP/HDF5-1.10.1-win64/cmake/hdf5-targets.cmake
CPack Verbose: Installing: C:/oss/third_party/matio/CMake-hdf5-1.10.1/build/_CPack_Packages/win64/ZIP/HDF5-1.10.1-win64/cmake/hdf5-targets-release.cmake
CPack Verbose: Installing: C:/oss/third_party/matio/CMake-hdf5-1.10.1/build/_CPack_Packages/win64/ZIP/HDF5-1.10.1-win64/cmake/hdf5-config.cmake
CPack Verbose: Installing: C:/oss/third_party/matio/CMake-hdf5-1.10.1/build/_CPack_Packages/win64/ZIP/HDF5-1.10.1-win64/cmake/hdf5-config-version.cmake
CPack Verbose: Installing: C:/oss/third_party/matio/CMake-hdf5-1.10.1/build/_CPack_Packages/win64/ZIP/HDF5-1.10.1-win64/lib/libhdf5.settings
CPack Verbose: Installing: C:/oss/third_party/matio/CMake-hdf5-1.10.1/build/_CPack_Packages/win64/ZIP/HDF5-1.10.1-win64/./COPYING
CPack Verbose: Installing: C:/oss/third_party/matio/CMake-hdf5-1.10.1/build/_CPack_Packages/win64/ZIP/HDF5-1.10.1-win64/./USING_HDF5_CMake.txt
CPack Verbose: Installing: C:/oss/third_party/matio/CMake-hdf5-1.10.1/build/_CPack_Packages/win64/ZIP/HDF5-1.10.1-win64/./COPYING
CPack Verbose: Installing: C:/oss/third_party/matio/CMake-hdf5-1.10.1/build/_CPack_Packages/win64/ZIP/HDF5-1.10.1-win64/./RELEASE.txt
CPack Verbose: Installing: C:/oss/third_party/matio/CMake-hdf5-1.10.1/build/_CPack_Packages/win64/ZIP/HDF5-1.10.1-win64/./USING_HDF5_VS.txt
CPack Verbose: Installing: C:/oss/third_party/matio/CMake-hdf5-1.10.1/build/_CPack_Packages/win64/ZIP/HDF5-1.10.1-win64/bin/msvcp140.dll
CPack Verbose: Installing: C:/oss/third_party/matio/CMake-hdf5-1.10.1/build/_CPack_Packages/win64/ZIP/HDF5-1.10.1-win64/bin/vcruntime140.dll
CPack Verbose: Installing: C:/oss/third_party/matio/CMake-hdf5-1.10.1/build/_CPack_Packages/win64/ZIP/HDF5-1.10.1-win64/bin/concrt140.dll
CPack Verbose: Installing: C:/oss/third_party/matio/CMake-hdf5-1.10.1/build/_CPack_Packages/win64/ZIP/HDF5-1.10.1-win64/include/hdf5.h
CPack Verbose: Installing: C:/oss/third_party/matio/CMake-hdf5-1.10.1/build/_CPack_Packages/win64/ZIP/HDF5-1.10.1-win64/include/H5api_adpt.h
CPack Verbose: Installing: C:/oss/third_party/matio/CMake-hdf5-1.10.1/build/_CPack_Packages/win64/ZIP/HDF5-1.10.1-win64/include/H5public.h
CPack Verbose: Installing: C:/oss/third_party/matio/CMake-hdf5-1.10.1/build/_CPack_Packages/win64/ZIP/HDF5-1.10.1-win64/include/H5Apkg.h
CPack Verbose: Installing: C:/oss/third_party/matio/CMake-hdf5-1.10.1/build/_CPack_Packages/win64/ZIP/HDF5-1.10.1-win64/include/H5Apublic.h
CPack Verbose: Installing: C:/oss/third_party/matio/CMake-hdf5-1.10.1/build/_CPack_Packages/win64/ZIP/HDF5-1.10.1-win64/include/H5ACpkg.h
CPack Verbose: Installing: C:/oss/third_party/matio/CMake-hdf5-1.10.1/build/_CPack_Packages/win64/ZIP/HDF5-1.10.1-win64/include/H5ACpublic.h
CPack Verbose: Installing: C:/oss/third_party/matio/CMake-hdf5-1.10.1/build/_CPack_Packages/win64/ZIP/HDF5-1.10.1-win64/include/H5Bpkg.h
CPack Verbose: Installing: C:/oss/third_party/matio/CMake-hdf5-1.10.1/build/_CPack_Packages/win64/ZIP/HDF5-1.10.1-win64/include/H5Bpublic.h
CPack Verbose: Installing: C:/oss/third_party/matio/CMake-hdf5-1.10.1/build/_CPack_Packages/win64/ZIP/HDF5-1.10.1-win64/include/H5B2pkg.h
CPack Verbose: Installing: C:/oss/third_party/matio/CMake-hdf5-1.10.1/build/_CPack_Packages/win64/ZIP/HDF5-1.10.1-win64/include/H5B2public.h
CPack Verbose: Installing: C:/oss/third_party/matio/CMake-hdf5-1.10.1/build/_CPack_Packages/win64/ZIP/HDF5-1.10.1-win64/include/H5Cpkg.h
CPack Verbose: Installing: C:/oss/third_party/matio/CMake-hdf5-1.10.1/build/_CPack_Packages/win64/ZIP/HDF5-1.10.1-win64/include/H5Cpublic.h
CPack Verbose: Installing: C:/oss/third_party/matio/CMake-hdf5-1.10.1/build/_CPack_Packages/win64/ZIP/HDF5-1.10.1-win64/include/H5Dpkg.h
CPack Verbose: Installing: C:/oss/third_party/matio/CMake-hdf5-1.10.1/build/_CPack_Packages/win64/ZIP/HDF5-1.10.1-win64/include/H5Dpublic.h
CPack Verbose: Installing: C:/oss/third_party/matio/CMake-hdf5-1.10.1/build/_CPack_Packages/win64/ZIP/HDF5-1.10.1-win64/include/H5Epkg.h
CPack Verbose: Installing: C:/oss/third_party/matio/CMake-hdf5-1.10.1/build/_CPack_Packages/win64/ZIP/HDF5-1.10.1-win64/include/H5Epublic.h
CPack Verbose: Installing: C:/oss/third_party/matio/CMake-hdf5-1.10.1/build/_CPack_Packages/win64/ZIP/HDF5-1.10.1-win64/include/H5EApkg.h
CPack Verbose: Installing: C:/oss/third_party/matio/CMake-hdf5-1.10.1/build/_CPack_Packages/win64/ZIP/HDF5-1.10.1-win64/include/H5Fpkg.h
CPack Verbose: Installing: C:/oss/third_party/matio/CMake-hdf5-1.10.1/build/_CPack_Packages/win64/ZIP/HDF5-1.10.1-win64/include/H5Fpublic.h
CPack Verbose: Installing: C:/oss/third_party/matio/CMake-hdf5-1.10.1/build/_CPack_Packages/win64/ZIP/HDF5-1.10.1-win64/include/H5FApkg.h
CPack Verbose: Installing: C:/oss/third_party/matio/CMake-hdf5-1.10.1/build/_CPack_Packages/win64/ZIP/HDF5-1.10.1-win64/include/H5FDcore.h
CPack Verbose: Installing: C:/oss/third_party/matio/CMake-hdf5-1.10.1/build/_CPack_Packages/win64/ZIP/HDF5-1.10.1-win64/include/H5FDdirect.h
CPack Verbose: Installing: C:/oss/third_party/matio/CMake-hdf5-1.10.1/build/_CPack_Packages/win64/ZIP/HDF5-1.10.1-win64/include/H5FDfamily.h
CPack Verbose: Installing: C:/oss/third_party/matio/CMake-hdf5-1.10.1/build/_CPack_Packages/win64/ZIP/HDF5-1.10.1-win64/include/H5FDlog.h
CPack Verbose: Installing: C:/oss/third_party/matio/CMake-hdf5-1.10.1/build/_CPack_Packages/win64/ZIP/HDF5-1.10.1-win64/include/H5FDmpi.h
CPack Verbose: Installing: C:/oss/third_party/matio/CMake-hdf5-1.10.1/build/_CPack_Packages/win64/ZIP/HDF5-1.10.1-win64/include/H5FDmpio.h
CPack Verbose: Installing: C:/oss/third_party/matio/CMake-hdf5-1.10.1/build/_CPack_Packages/win64/ZIP/HDF5-1.10.1-win64/include/H5FDmulti.h
CPack Verbose: Installing: C:/oss/third_party/matio/CMake-hdf5-1.10.1/build/_CPack_Packages/win64/ZIP/HDF5-1.10.1-win64/include/H5FDpkg.h
CPack Verbose: Installing: C:/oss/third_party/matio/CMake-hdf5-1.10.1/build/_CPack_Packages/win64/ZIP/HDF5-1.10.1-win64/include/H5FDpublic.h
CPack Verbose: Installing: C:/oss/third_party/matio/CMake-hdf5-1.10.1/build/_CPack_Packages/win64/ZIP/HDF5-1.10.1-win64/include/H5FDsec2.h
CPack Verbose: Installing: C:/oss/third_party/matio/CMake-hdf5-1.10.1/build/_CPack_Packages/win64/ZIP/HDF5-1.10.1-win64/include/H5FDstdio.h
CPack Verbose: Installing: C:/oss/third_party/matio/CMake-hdf5-1.10.1/build/_CPack_Packages/win64/ZIP/HDF5-1.10.1-win64/include/H5FDwindows.h
CPack Verbose: Installing: C:/oss/third_party/matio/CMake-hdf5-1.10.1/build/_CPack_Packages/win64/ZIP/HDF5-1.10.1-win64/include/H5FSpkg.h
CPack Verbose: Installing: C:/oss/third_party/matio/CMake-hdf5-1.10.1/build/_CPack_Packages/win64/ZIP/HDF5-1.10.1-win64/include/H5FSpublic.h
CPack Verbose: Installing: C:/oss/third_party/matio/CMake-hdf5-1.10.1/build/_CPack_Packages/win64/ZIP/HDF5-1.10.1-win64/include/H5Gpkg.h
CPack Verbose: Installing: C:/oss/third_party/matio/CMake-hdf5-1.10.1/build/_CPack_Packages/win64/ZIP/HDF5-1.10.1-win64/include/H5Gpublic.h
CPack Verbose: Installing: C:/oss/third_party/matio/CMake-hdf5-1.10.1/build/_CPack_Packages/win64/ZIP/HDF5-1.10.1-win64/include/H5HFpkg.h
CPack Verbose: Installing: C:/oss/third_party/matio/CMake-hdf5-1.10.1/build/_CPack_Packages/win64/ZIP/HDF5-1.10.1-win64/include/H5HFpublic.h
CPack Verbose: Installing: C:/oss/third_party/matio/CMake-hdf5-1.10.1/build/_CPack_Packages/win64/ZIP/HDF5-1.10.1-win64/include/H5HGpkg.h
CPack Verbose: Installing: C:/oss/third_party/matio/CMake-hdf5-1.10.1/build/_CPack_Packages/win64/ZIP/HDF5-1.10.1-win64/include/H5HGpublic.h
CPack Verbose: Installing: C:/oss/third_party/matio/CMake-hdf5-1.10.1/build/_CPack_Packages/win64/ZIP/HDF5-1.10.1-win64/include/H5HLpkg.h
CPack Verbose: Installing: C:/oss/third_party/matio/CMake-hdf5-1.10.1/build/_CPack_Packages/win64/ZIP/HDF5-1.10.1-win64/include/H5HLpublic.h
CPack Verbose: Installing: C:/oss/third_party/matio/CMake-hdf5-1.10.1/build/_CPack_Packages/win64/ZIP/HDF5-1.10.1-win64/include/H5Ipkg.h
CPack Verbose: Installing: C:/oss/third_party/matio/CMake-hdf5-1.10.1/build/_CPack_Packages/win64/ZIP/HDF5-1.10.1-win64/include/H5Ipublic.h
CPack Verbose: Installing: C:/oss/third_party/matio/CMake-hdf5-1.10.1/build/_CPack_Packages/win64/ZIP/HDF5-1.10.1-win64/include/H5Lpkg.h
CPack Verbose: Installing: C:/oss/third_party/matio/CMake-hdf5-1.10.1/build/_CPack_Packages/win64/ZIP/HDF5-1.10.1-win64/include/H5Lpublic.h
CPack Verbose: Installing: C:/oss/third_party/matio/CMake-hdf5-1.10.1/build/_CPack_Packages/win64/ZIP/HDF5-1.10.1-win64/include/H5MMpublic.h
CPack Verbose: Installing: C:/oss/third_party/matio/CMake-hdf5-1.10.1/build/_CPack_Packages/win64/ZIP/HDF5-1.10.1-win64/include/H5MPpkg.h
CPack Verbose: Installing: C:/oss/third_party/matio/CMake-hdf5-1.10.1/build/_CPack_Packages/win64/ZIP/HDF5-1.10.1-win64/include/H5Opkg.h
CPack Verbose: Installing: C:/oss/third_party/matio/CMake-hdf5-1.10.1/build/_CPack_Packages/win64/ZIP/HDF5-1.10.1-win64/include/H5Opublic.h
CPack Verbose: Installing: C:/oss/third_party/matio/CMake-hdf5-1.10.1/build/_CPack_Packages/win64/ZIP/HDF5-1.10.1-win64/include/H5Oshared.h
CPack Verbose: Installing: C:/oss/third_party/matio/CMake-hdf5-1.10.1/build/_CPack_Packages/win64/ZIP/HDF5-1.10.1-win64/include/H5Ppkg.h
CPack Verbose: Installing: C:/oss/third_party/matio/CMake-hdf5-1.10.1/build/_CPack_Packages/win64/ZIP/HDF5-1.10.1-win64/include/H5Ppublic.h
CPack Verbose: Installing: C:/oss/third_party/matio/CMake-hdf5-1.10.1/build/_CPack_Packages/win64/ZIP/HDF5-1.10.1-win64/include/H5PBpkg.h
CPack Verbose: Installing: C:/oss/third_party/matio/CMake-hdf5-1.10.1/build/_CPack_Packages/win64/ZIP/HDF5-1.10.1-win64/include/H5PLextern.h
CPack Verbose: Installing: C:/oss/third_party/matio/CMake-hdf5-1.10.1/build/_CPack_Packages/win64/ZIP/HDF5-1.10.1-win64/include/H5PLpkg.h
CPack Verbose: Installing: C:/oss/third_party/matio/CMake-hdf5-1.10.1/build/_CPack_Packages/win64/ZIP/HDF5-1.10.1-win64/include/H5PLpublic.h
CPack Verbose: Installing: C:/oss/third_party/matio/CMake-hdf5-1.10.1/build/_CPack_Packages/win64/ZIP/HDF5-1.10.1-win64/include/H5Rpkg.h
CPack Verbose: Installing: C:/oss/third_party/matio/CMake-hdf5-1.10.1/build/_CPack_Packages/win64/ZIP/HDF5-1.10.1-win64/include/H5Rpublic.h
CPack Verbose: Installing: C:/oss/third_party/matio/CMake-hdf5-1.10.1/build/_CPack_Packages/win64/ZIP/HDF5-1.10.1-win64/include/H5Spkg.h
CPack Verbose: Installing: C:/oss/third_party/matio/CMake-hdf5-1.10.1/build/_CPack_Packages/win64/ZIP/HDF5-1.10.1-win64/include/H5Spublic.h
CPack Verbose: Installing: C:/oss/third_party/matio/CMake-hdf5-1.10.1/build/_CPack_Packages/win64/ZIP/HDF5-1.10.1-win64/include/H5SMpkg.h
CPack Verbose: Installing: C:/oss/third_party/matio/CMake-hdf5-1.10.1/build/_CPack_Packages/win64/ZIP/HDF5-1.10.1-win64/include/H5Tpkg.h
CPack Verbose: Installing: C:/oss/third_party/matio/CMake-hdf5-1.10.1/build/_CPack_Packages/win64/ZIP/HDF5-1.10.1-win64/include/H5Tpublic.h
CPack Verbose: Installing: C:/oss/third_party/matio/CMake-hdf5-1.10.1/build/_CPack_Packages/win64/ZIP/HDF5-1.10.1-win64/include/H5Zpkg.h
CPack Verbose: Installing: C:/oss/third_party/matio/CMake-hdf5-1.10.1/build/_CPack_Packages/win64/ZIP/HDF5-1.10.1-win64/include/H5Zpublic.h
CPack Verbose: Installing: C:/oss/third_party/matio/CMake-hdf5-1.10.1/build/_CPack_Packages/win64/ZIP/HDF5-1.10.1-win64/include/H5Edefin.h
CPack Verbose: Installing: C:/oss/third_party/matio/CMake-hdf5-1.10.1/build/_CPack_Packages/win64/ZIP/HDF5-1.10.1-win64/include/H5Einit.h
CPack Verbose: Installing: C:/oss/third_party/matio/CMake-hdf5-1.10.1/build/_CPack_Packages/win64/ZIP/HDF5-1.10.1-win64/include/H5Epubgen.h
CPack Verbose: Installing: C:/oss/third_party/matio/CMake-hdf5-1.10.1/build/_CPack_Packages/win64/ZIP/HDF5-1.10.1-win64/include/H5Eterm.h
CPack Verbose: Installing: C:/oss/third_party/matio/CMake-hdf5-1.10.1/build/_CPack_Packages/win64/ZIP/HDF5-1.10.1-win64/include/H5version.h
CPack Verbose: Installing: C:/oss/third_party/matio/CMake-hdf5-1.10.1/build/_CPack_Packages/win64/ZIP/HDF5-1.10.1-win64/include/H5overflow.h
CPack Verbose: Installing: C:/oss/third_party/matio/CMake-hdf5-1.10.1/build/_CPack_Packages/win64/ZIP/HDF5-1.10.1-win64/lib/libhdf5.lib
CPack Verbose: Installing: C:/oss/third_party/matio/CMake-hdf5-1.10.1/build/_CPack_Packages/win64/ZIP/HDF5-1.10.1-win64/include/h5trav.h
CPack Verbose: Installing: C:/oss/third_party/matio/CMake-hdf5-1.10.1/build/_CPack_Packages/win64/ZIP/HDF5-1.10.1-win64/include/h5tools.h
CPack Verbose: Installing: C:/oss/third_party/matio/CMake-hdf5-1.10.1/build/_CPack_Packages/win64/ZIP/HDF5-1.10.1-win64/include/h5tools_dump.h
CPack Verbose: Installing: C:/oss/third_party/matio/CMake-hdf5-1.10.1/build/_CPack_Packages/win64/ZIP/HDF5-1.10.1-win64/include/h5tools_utils.h
CPack Verbose: Installing: C:/oss/third_party/matio/CMake-hdf5-1.10.1/build/_CPack_Packages/win64/ZIP/HDF5-1.10.1-win64/include/h5tools_str.h
CPack Verbose: Installing: C:/oss/third_party/matio/CMake-hdf5-1.10.1/build/_CPack_Packages/win64/ZIP/HDF5-1.10.1-win64/include/h5tools_ref.h
CPack Verbose: Installing: C:/oss/third_party/matio/CMake-hdf5-1.10.1/build/_CPack_Packages/win64/ZIP/HDF5-1.10.1-win64/include/h5diff.h
CPack Verbose: Installing: C:/oss/third_party/matio/CMake-hdf5-1.10.1/build/_CPack_Packages/win64/ZIP/HDF5-1.10.1-win64/lib/libhdf5_tools.lib
CPack Verbose: Installing: C:/oss/third_party/matio/CMake-hdf5-1.10.1/build/_CPack_Packages/win64/ZIP/HDF5-1.10.1-win64/bin/h5diff.exe
CPack Verbose: Installing: C:/oss/third_party/matio/CMake-hdf5-1.10.1/build/_CPack_Packages/win64/ZIP/HDF5-1.10.1-win64/bin/h5ls.exe
CPack Verbose: Installing: C:/oss/third_party/matio/CMake-hdf5-1.10.1/build/_CPack_Packages/win64/ZIP/HDF5-1.10.1-win64/bin/h5debug.exe
CPack Verbose: Installing: C:/oss/third_party/matio/CMake-hdf5-1.10.1/build/_CPack_Packages/win64/ZIP/HDF5-1.10.1-win64/bin/h5repart.exe
CPack Verbose: Installing: C:/oss/third_party/matio/CMake-hdf5-1.10.1/build/_CPack_Packages/win64/ZIP/HDF5-1.10.1-win64/bin/h5mkgrp.exe
CPack Verbose: Installing: C:/oss/third_party/matio/CMake-hdf5-1.10.1/build/_CPack_Packages/win64/ZIP/HDF5-1.10.1-win64/bin/h5import.exe
CPack Verbose: Installing: C:/oss/third_party/matio/CMake-hdf5-1.10.1/build/_CPack_Packages/win64/ZIP/HDF5-1.10.1-win64/bin/h5repack.exe
CPack Verbose: Installing: C:/oss/third_party/matio/CMake-hdf5-1.10.1/build/_CPack_Packages/win64/ZIP/HDF5-1.10.1-win64/bin/h5jam.exe
CPack Verbose: Installing: C:/oss/third_party/matio/CMake-hdf5-1.10.1/build/_CPack_Packages/win64/ZIP/HDF5-1.10.1-win64/bin/h5unjam.exe
CPack Verbose: Installing: C:/oss/third_party/matio/CMake-hdf5-1.10.1/build/_CPack_Packages/win64/ZIP/HDF5-1.10.1-win64/bin/h5copy.exe
CPack Verbose: Installing: C:/oss/third_party/matio/CMake-hdf5-1.10.1/build/_CPack_Packages/win64/ZIP/HDF5-1.10.1-win64/bin/h5stat.exe
CPack Verbose: Installing: C:/oss/third_party/matio/CMake-hdf5-1.10.1/build/_CPack_Packages/win64/ZIP/HDF5-1.10.1-win64/bin/h5dump.exe
CPack Verbose: Installing: C:/oss/third_party/matio/CMake-hdf5-1.10.1/build/_CPack_Packages/win64/ZIP/HDF5-1.10.1-win64/bin/h5format_convert.exe
CPack Verbose: Installing: C:/oss/third_party/matio/CMake-hdf5-1.10.1/build/_CPack_Packages/win64/ZIP/HDF5-1.10.1-win64/include/H5DOpublic.h
CPack Verbose: Installing: C:/oss/third_party/matio/CMake-hdf5-1.10.1/build/_CPack_Packages/win64/ZIP/HDF5-1.10.1-win64/include/H5DSpublic.h
CPack Verbose: Installing: C:/oss/third_party/matio/CMake-hdf5-1.10.1/build/_CPack_Packages/win64/ZIP/HDF5-1.10.1-win64/include/H5IMpublic.h
CPack Verbose: Installing: C:/oss/third_party/matio/CMake-hdf5-1.10.1/build/_CPack_Packages/win64/ZIP/HDF5-1.10.1-win64/include/H5LTparse.h
CPack Verbose: Installing: C:/oss/third_party/matio/CMake-hdf5-1.10.1/build/_CPack_Packages/win64/ZIP/HDF5-1.10.1-win64/include/H5LTpublic.h
CPack Verbose: Installing: C:/oss/third_party/matio/CMake-hdf5-1.10.1/build/_CPack_Packages/win64/ZIP/HDF5-1.10.1-win64/include/H5PTpublic.h
CPack Verbose: Installing: C:/oss/third_party/matio/CMake-hdf5-1.10.1/build/_CPack_Packages/win64/ZIP/HDF5-1.10.1-win64/include/H5TBpublic.h
CPack Verbose: Installing: C:/oss/third_party/matio/CMake-hdf5-1.10.1/build/_CPack_Packages/win64/ZIP/HDF5-1.10.1-win64/include/H5LDpublic.h
CPack Verbose: Installing: C:/oss/third_party/matio/CMake-hdf5-1.10.1/build/_CPack_Packages/win64/ZIP/HDF5-1.10.1-win64/include/hdf5_hl.h
CPack Verbose: Installing: C:/oss/third_party/matio/CMake-hdf5-1.10.1/build/_CPack_Packages/win64/ZIP/HDF5-1.10.1-win64/lib/libhdf5_hl.lib
CPack Verbose: Installing: C:/oss/third_party/matio/CMake-hdf5-1.10.1/build/_CPack_Packages/win64/ZIP/HDF5-1.10.1-win64/bin/gif2h5.exe
CPack Verbose: Installing: C:/oss/third_party/matio/CMake-hdf5-1.10.1/build/_CPack_Packages/win64/ZIP/HDF5-1.10.1-win64/bin/h52gif.exe
CPack Verbose: Installing: C:/oss/third_party/matio/CMake-hdf5-1.10.1/build/_CPack_Packages/win64/ZIP/HDF5-1.10.1-win64/bin/h5watch.exe
CPack Verbose: Installing: C:/oss/third_party/matio/CMake-hdf5-1.10.1/build/_CPack_Packages/win64/ZIP/HDF5-1.10.1-win64/include/H5AbstractDs.h
CPack Verbose: Installing: C:/oss/third_party/matio/CMake-hdf5-1.10.1/build/_CPack_Packages/win64/ZIP/HDF5-1.10.1-win64/include/H5Alltypes.h
CPack Verbose: Installing: C:/oss/third_party/matio/CMake-hdf5-1.10.1/build/_CPack_Packages/win64/ZIP/HDF5-1.10.1-win64/include/H5ArrayType.h
CPack Verbose: Installing: C:/oss/third_party/matio/CMake-hdf5-1.10.1/build/_CPack_Packages/win64/ZIP/HDF5-1.10.1-win64/include/H5AtomType.h
CPack Verbose: Installing: C:/oss/third_party/matio/CMake-hdf5-1.10.1/build/_CPack_Packages/win64/ZIP/HDF5-1.10.1-win64/include/H5Attribute.h
CPack Verbose: Installing: C:/oss/third_party/matio/CMake-hdf5-1.10.1/build/_CPack_Packages/win64/ZIP/HDF5-1.10.1-win64/include/H5Classes.h
CPack Verbose: Installing: C:/oss/third_party/matio/CMake-hdf5-1.10.1/build/_CPack_Packages/win64/ZIP/HDF5-1.10.1-win64/include/H5CommonFG.h
CPack Verbose: Installing: C:/oss/third_party/matio/CMake-hdf5-1.10.1/build/_CPack_Packages/win64/ZIP/HDF5-1.10.1-win64/include/H5CompType.h
CPack Verbose: Installing: C:/oss/third_party/matio/CMake-hdf5-1.10.1/build/_CPack_Packages/win64/ZIP/HDF5-1.10.1-win64/include/H5Cpp.h
CPack Verbose: Installing: C:/oss/third_party/matio/CMake-hdf5-1.10.1/build/_CPack_Packages/win64/ZIP/HDF5-1.10.1-win64/include/H5CppDoc.h
CPack Verbose: Installing: C:/oss/third_party/matio/CMake-hdf5-1.10.1/build/_CPack_Packages/win64/ZIP/HDF5-1.10.1-win64/include/H5DataSet.h
CPack Verbose: Installing: C:/oss/third_party/matio/CMake-hdf5-1.10.1/build/_CPack_Packages/win64/ZIP/HDF5-1.10.1-win64/include/H5DataSpace.h
CPack Verbose: Installing: C:/oss/third_party/matio/CMake-hdf5-1.10.1/build/_CPack_Packages/win64/ZIP/HDF5-1.10.1-win64/include/H5DataType.h
CPack Verbose: Installing: C:/oss/third_party/matio/CMake-hdf5-1.10.1/build/_CPack_Packages/win64/ZIP/HDF5-1.10.1-win64/include/H5DcreatProp.h
CPack Verbose: Installing: C:/oss/third_party/matio/CMake-hdf5-1.10.1/build/_CPack_Packages/win64/ZIP/HDF5-1.10.1-win64/include/H5DxferProp.h
CPack Verbose: Installing: C:/oss/third_party/matio/CMake-hdf5-1.10.1/build/_CPack_Packages/win64/ZIP/HDF5-1.10.1-win64/include/H5EnumType.h
CPack Verbose: Installing: C:/oss/third_party/matio/CMake-hdf5-1.10.1/build/_CPack_Packages/win64/ZIP/HDF5-1.10.1-win64/include/H5Exception.h
CPack Verbose: Installing: C:/oss/third_party/matio/CMake-hdf5-1.10.1/build/_CPack_Packages/win64/ZIP/HDF5-1.10.1-win64/include/H5FaccProp.h
CPack Verbose: Installing: C:/oss/third_party/matio/CMake-hdf5-1.10.1/build/_CPack_Packages/win64/ZIP/HDF5-1.10.1-win64/include/H5FcreatProp.h
CPack Verbose: Installing: C:/oss/third_party/matio/CMake-hdf5-1.10.1/build/_CPack_Packages/win64/ZIP/HDF5-1.10.1-win64/include/H5File.h
CPack Verbose: Installing: C:/oss/third_party/matio/CMake-hdf5-1.10.1/build/_CPack_Packages/win64/ZIP/HDF5-1.10.1-win64/include/H5FloatType.h
CPack Verbose: Installing: C:/oss/third_party/matio/CMake-hdf5-1.10.1/build/_CPack_Packages/win64/ZIP/HDF5-1.10.1-win64/include/H5Group.h
CPack Verbose: Installing: C:/oss/third_party/matio/CMake-hdf5-1.10.1/build/_CPack_Packages/win64/ZIP/HDF5-1.10.1-win64/include/H5IdComponent.h
CPack Verbose: Installing: C:/oss/third_party/matio/CMake-hdf5-1.10.1/build/_CPack_Packages/win64/ZIP/HDF5-1.10.1-win64/include/H5Include.h
CPack Verbose: Installing: C:/oss/third_party/matio/CMake-hdf5-1.10.1/build/_CPack_Packages/win64/ZIP/HDF5-1.10.1-win64/include/H5IntType.h
CPack Verbose: Installing: C:/oss/third_party/matio/CMake-hdf5-1.10.1/build/_CPack_Packages/win64/ZIP/HDF5-1.10.1-win64/include/H5LaccProp.h
CPack Verbose: Installing: C:/oss/third_party/matio/CMake-hdf5-1.10.1/build/_CPack_Packages/win64/ZIP/HDF5-1.10.1-win64/include/H5Library.h
CPack Verbose: Installing: C:/oss/third_party/matio/CMake-hdf5-1.10.1/build/_CPack_Packages/win64/ZIP/HDF5-1.10.1-win64/include/H5Location.h
CPack Verbose: Installing: C:/oss/third_party/matio/CMake-hdf5-1.10.1/build/_CPack_Packages/win64/ZIP/HDF5-1.10.1-win64/include/H5Object.h
CPack Verbose: Installing: C:/oss/third_party/matio/CMake-hdf5-1.10.1/build/_CPack_Packages/win64/ZIP/HDF5-1.10.1-win64/include/H5OcreatProp.h
CPack Verbose: Installing: C:/oss/third_party/matio/CMake-hdf5-1.10.1/build/_CPack_Packages/win64/ZIP/HDF5-1.10.1-win64/include/H5PredType.h
CPack Verbose: Installing: C:/oss/third_party/matio/CMake-hdf5-1.10.1/build/_CPack_Packages/win64/ZIP/HDF5-1.10.1-win64/include/H5PropList.h
CPack Verbose: Installing: C:/oss/third_party/matio/CMake-hdf5-1.10.1/build/_CPack_Packages/win64/ZIP/HDF5-1.10.1-win64/include/H5StrType.h
CPack Verbose: Installing: C:/oss/third_party/matio/CMake-hdf5-1.10.1/build/_CPack_Packages/win64/ZIP/HDF5-1.10.1-win64/include/H5VarLenType.h
CPack Verbose: Installing: C:/oss/third_party/matio/CMake-hdf5-1.10.1/build/_CPack_Packages/win64/ZIP/HDF5-1.10.1-win64/lib/libhdf5_cpp.lib
CPack Verbose: Installing: C:/oss/third_party/matio/CMake-hdf5-1.10.1/build/_CPack_Packages/win64/ZIP/HDF5-1.10.1-win64/include/H5PacketTable.h
CPack Verbose: Installing: C:/oss/third_party/matio/CMake-hdf5-1.10.1/build/_CPack_Packages/win64/ZIP/HDF5-1.10.1-win64/lib/libhdf5_hl_cpp.lib
CPack: - Install project: ZLIB
CPack Verbose: Install configuration: "Release"
CPack Verbose: Installing: C:/oss/third_party/matio/CMake-hdf5-1.10.1/build/_CPack_Packages/win64/ZIP/HDF5-1.10.1-win64/lib/libzlib.lib
CPack Verbose: Installing: C:/oss/third_party/matio/CMake-hdf5-1.10.1/build/_CPack_Packages/win64/ZIP/HDF5-1.10.1-win64/include/zlib.h
CPack Verbose: Installing: C:/oss/third_party/matio/CMake-hdf5-1.10.1/build/_CPack_Packages/win64/ZIP/HDF5-1.10.1-win64/share/man/man3/zlib.3
CPack Verbose: Installing: C:/oss/third_party/matio/CMake-hdf5-1.10.1/build/_CPack_Packages/win64/ZIP/HDF5-1.10.1-win64/include/zconf.h
CPack Verbose: Installing: C:/oss/third_party/matio/CMake-hdf5-1.10.1/build/_CPack_Packages/win64/ZIP/HDF5-1.10.1-win64/cmake/zlib-targets.cmake
CPack Verbose: Installing: C:/oss/third_party/matio/CMake-hdf5-1.10.1/build/_CPack_Packages/win64/ZIP/HDF5-1.10.1-win64/cmake/zlib-targets-release.cmake
CPack Verbose: Installing: C:/oss/third_party/matio/CMake-hdf5-1.10.1/build/_CPack_Packages/win64/ZIP/HDF5-1.10.1-win64/cmake/zlib-config.cmake
CPack Verbose: Installing: C:/oss/third_party/matio/CMake-hdf5-1.10.1/build/_CPack_Packages/win64/ZIP/HDF5-1.10.1-win64/cmake/zlib-config-version.cmake
CPack Verbose: Installing: C:/oss/third_party/matio/CMake-hdf5-1.10.1/build/_CPack_Packages/win64/ZIP/HDF5-1.10.1-win64/./FAQ
CPack Verbose: Installing: C:/oss/third_party/matio/CMake-hdf5-1.10.1/build/_CPack_Packages/win64/ZIP/HDF5-1.10.1-win64/./README
CPack Verbose: Installing: C:/oss/third_party/matio/CMake-hdf5-1.10.1/build/_CPack_Packages/win64/ZIP/HDF5-1.10.1-win64/./INDEX
CPack Verbose: Installing: C:/oss/third_party/matio/CMake-hdf5-1.10.1/build/_CPack_Packages/win64/ZIP/HDF5-1.10.1-win64/./RELEASE_HDF.txt
CPack Verbose: Up-to-date: C:/oss/third_party/matio/CMake-hdf5-1.10.1/build/_CPack_Packages/win64/ZIP/HDF5-1.10.1-win64/bin/msvcp140.dll
CPack Verbose: Up-to-date: C:/oss/third_party/matio/CMake-hdf5-1.10.1/build/_CPack_Packages/win64/ZIP/HDF5-1.10.1-win64/bin/vcruntime140.dll
CPack Verbose: Up-to-date: C:/oss/third_party/matio/CMake-hdf5-1.10.1/build/_CPack_Packages/win64/ZIP/HDF5-1.10.1-win64/bin/concrt140.dll
CPack: - Install project: SZIP
CPack Verbose: Install configuration: "Release"
CPack Verbose: Installing: C:/oss/third_party/matio/CMake-hdf5-1.10.1/build/_CPack_Packages/win64/ZIP/HDF5-1.10.1-win64/include/SZconfig.h
CPack Verbose: Installing: C:/oss/third_party/matio/CMake-hdf5-1.10.1/build/_CPack_Packages/win64/ZIP/HDF5-1.10.1-win64/cmake/szip-targets.cmake
CPack Verbose: Installing: C:/oss/third_party/matio/CMake-hdf5-1.10.1/build/_CPack_Packages/win64/ZIP/HDF5-1.10.1-win64/cmake/szip-targets-release.cmake
CPack Verbose: Installing: C:/oss/third_party/matio/CMake-hdf5-1.10.1/build/_CPack_Packages/win64/ZIP/HDF5-1.10.1-win64/cmake/szip-config.cmake
CPack Verbose: Installing: C:/oss/third_party/matio/CMake-hdf5-1.10.1/build/_CPack_Packages/win64/ZIP/HDF5-1.10.1-win64/cmake/szip-config-version.cmake
CPack Verbose: Installing: C:/oss/third_party/matio/CMake-hdf5-1.10.1/build/_CPack_Packages/win64/ZIP/HDF5-1.10.1-win64/./COPYING
CPack Verbose: Installing: C:/oss/third_party/matio/CMake-hdf5-1.10.1/build/_CPack_Packages/win64/ZIP/HDF5-1.10.1-win64/./README
CPack Verbose: Installing: C:/oss/third_party/matio/CMake-hdf5-1.10.1/build/_CPack_Packages/win64/ZIP/HDF5-1.10.1-win64/./INSTALL
CPack Verbose: Installing: C:/oss/third_party/matio/CMake-hdf5-1.10.1/build/_CPack_Packages/win64/ZIP/HDF5-1.10.1-win64/./RELEASE.txt
CPack Verbose: Up-to-date: C:/oss/third_party/matio/CMake-hdf5-1.10.1/build/_CPack_Packages/win64/ZIP/HDF5-1.10.1-win64/bin/msvcp140.dll
CPack Verbose: Up-to-date: C:/oss/third_party/matio/CMake-hdf5-1.10.1/build/_CPack_Packages/win64/ZIP/HDF5-1.10.1-win64/bin/vcruntime140.dll
CPack Verbose: Up-to-date: C:/oss/third_party/matio/CMake-hdf5-1.10.1/build/_CPack_Packages/win64/ZIP/HDF5-1.10.1-win64/bin/concrt140.dll
CPack Verbose: Installing: C:/oss/third_party/matio/CMake-hdf5-1.10.1/build/_CPack_Packages/win64/ZIP/HDF5-1.10.1-win64/lib/libszip.lib
CPack Verbose: Installing: C:/oss/third_party/matio/CMake-hdf5-1.10.1/build/_CPack_Packages/win64/ZIP/HDF5-1.10.1-win64/include/ricehdf.h
CPack Verbose: Installing: C:/oss/third_party/matio/CMake-hdf5-1.10.1/build/_CPack_Packages/win64/ZIP/HDF5-1.10.1-win64/include/szip_adpt.h
CPack Verbose: Installing: C:/oss/third_party/matio/CMake-hdf5-1.10.1/build/_CPack_Packages/win64/ZIP/HDF5-1.10.1-win64/include/szlib.h
CPack: Create package
CPack Verbose: Package files to: C:/oss/third_party/matio/CMake-hdf5-1.10.1/build/_CPack_Packages/win64/ZIP/HDF5-1.10.1-win64.zip
CPack Verbose: Copying final package(s) [1]:
CPack: - package: C:/oss/third_party/matio/CMake-hdf5-1.10.1/build/HDF5-1.10.1-win64.zip generated.
