idasRoberts_dns.obj : error LNK2019: unresolved external symbol __imp_N_VClone referenced in function check_ans
idasRoberts_dns.obj : error LNK2019: unresolved external symbol __imp_N_VDestroy referenced in function check_ans
idasRoberts_dns.obj : error LNK2019: unresolved external symbol __imp_N_VGetArrayPointer referenced in function PrintHeader
idasRoberts_dns.obj : error LNK2019: unresolved external symbol __imp_N_VLinearSum referenced in function check_ans
idasRoberts_dns.obj : error LNK2019: unresolved external symbol __imp_N_VAbs referenced in function check_ans
idasRoberts_dns.obj : error LNK2019: unresolved external symbol __imp_N_VInv referenced in function check_ans
idasRoberts_dns.obj : error LNK2019: unresolved external symbol __imp_N_VWrmsNorm referenced in function check_ans
idasRoberts_dns.obj : error LNK2019: unresolved external symbol __imp_N_VMin referenced in function check_ans
idasRoberts_dns.obj : error LNK2019: unresolved external symbol __imp_IDACreate referenced in function main
idasRoberts_dns.obj : error LNK2019: unresolved external symbol __imp_IDAInit referenced in function main
idasRoberts_dns.obj : error LNK2019: unresolved external symbol __imp_IDASVtolerances referenced in function main
idasRoberts_dns.obj : error LNK2019: unresolved external symbol __imp_IDARootInit referenced in function main
idasRoberts_dns.obj : error LNK2019: unresolved external symbol __imp_IDASolve referenced in function main
idasRoberts_dns.obj : error LNK2019: unresolved external symbol __imp_IDAGetNumSteps referenced in function PrintFinalStats
idasRoberts_dns.obj : error LNK2019: unresolved external symbol __imp_IDAGetNumResEvals referenced in function PrintFinalStats
idasRoberts_dns.obj : error LNK2019: unresolved external symbol __imp_IDAGetNumErrTestFails referenced in function PrintFinalStats
idasRoberts_dns.obj : error LNK2019: unresolved external symbol __imp_IDAGetLastOrder referenced in function PrintOutput
idasRoberts_dns.obj : error LNK2019: unresolved external symbol __imp_IDAGetLastStep referenced in function PrintOutput
idasRoberts_dns.obj : error LNK2019: unresolved external symbol __imp_IDAGetNumGEvals referenced in function PrintFinalStats
idasRoberts_dns.obj : error LNK2019: unresolved external symbol __imp_IDAGetRootInfo referenced in function main
idasRoberts_dns.obj : error LNK2019: unresolved external symbol __imp_IDAGetNumNonlinSolvIters referenced in function PrintFinalStats
idasRoberts_dns.obj : error LNK2019: unresolved external symbol __imp_IDAGetNumNonlinSolvConvFails referenced in function PrintFinalStats
idasRoberts_dns.obj : error LNK2019: unresolved external symbol __imp_IDAFree referenced in function main
idasRoberts_dns.obj : error LNK2019: unresolved external symbol __imp_N_VNew_Serial referenced in function main
idasRoberts_dns.obj : error LNK2019: unresolved external symbol __imp_SUNMatDestroy referenced in function main
idasRoberts_dns.obj : error LNK2019: unresolved external symbol __imp_SUNDenseMatrix referenced in function main
idasRoberts_dns.obj : error LNK2019: unresolved external symbol __imp_SUNLinSolFree referenced in function main
idasRoberts_dns.obj : error LNK2019: unresolved external symbol __imp_SUNDenseLinearSolver referenced in function main
idasRoberts_dns.obj : error LNK2019: unresolved external symbol __imp_IDADlsSetLinearSolver referenced in function main
idasRoberts_dns.obj : error LNK2019: unresolved external symbol __imp_IDADlsSetJacFn referenced in function main
idasRoberts_dns.obj : error LNK2019: unresolved external symbol __imp_IDADlsGetNumJacEvals referenced in function PrintFinalStats
idasRoberts_dns.obj : error LNK2019: unresolved external symbol __imp_IDADlsGetNumResEvals referenced in function PrintFinalStats
C:\oss\third_party\sundials\sundials-3.1.0-build\examples\idas\serial\Release\idasRoberts_dns.exe : fatal error LNK1120: 32 unresolved externals
