  ark_analytic.c
ark_analytic.obj : error LNK2019: unresolved external symbol __imp_N_VDestroy referenced in function main
ark_analytic.obj : error LNK2019: unresolved external symbol __imp_N_VConst referenced in function main
ark_analytic.obj : error LNK2019: unresolved external symbol __imp_ARKodeCreate referenced in function main
ark_analytic.obj : error LNK2019: unresolved external symbol __imp_ARKodeSetUserData referenced in function main
ark_analytic.obj : error LNK2019: unresolved external symbol __imp_ARKodeSetLinear referenced in function main
ark_analytic.obj : error LNK2019: unresolved external symbol __imp_ARKodeInit referenced in function main
ark_analytic.obj : error LNK2019: unresolved external symbol __imp_ARKodeSStolerances referenced in function main
ark_analytic.obj : error LNK2019: unresolved external symbol __imp_ARKode referenced in function main
ark_analytic.obj : error LNK2019: unresolved external symbol __imp_ARKodeGetNumSteps referenced in function main
ark_analytic.obj : error LNK2019: unresolved external symbol __imp_ARKodeGetNumStepAttempts referenced in function main
ark_analytic.obj : error LNK2019: unresolved external symbol __imp_ARKodeGetNumRhsEvals referenced in function main
ark_analytic.obj : error LNK2019: unresolved external symbol __imp_ARKodeGetNumLinSolvSetups referenced in function main
ark_analytic.obj : error LNK2019: unresolved external symbol __imp_ARKodeGetNumErrTestFails referenced in function main
ark_analytic.obj : error LNK2019: unresolved external symbol __imp_ARKodeGetNumNonlinSolvIters referenced in function main
ark_analytic.obj : error LNK2019: unresolved external symbol __imp_ARKodeGetNumNonlinSolvConvFails referenced in function main
ark_analytic.obj : error LNK2019: unresolved external symbol __imp_ARKodeFree referenced in function main
ark_analytic.obj : error LNK2019: unresolved external symbol __imp_N_VNew_Serial referenced in function main
ark_analytic.obj : error LNK2019: unresolved external symbol __imp_SUNMatDestroy referenced in function main
ark_analytic.obj : error LNK2019: unresolved external symbol __imp_SUNDenseMatrix referenced in function main
ark_analytic.obj : error LNK2019: unresolved external symbol __imp_SUNDenseMatrix_Data referenced in function Jac
ark_analytic.obj : error LNK2019: unresolved external symbol __imp_SUNLinSolFree referenced in function main
ark_analytic.obj : error LNK2019: unresolved external symbol __imp_SUNDenseLinearSolver referenced in function main
ark_analytic.obj : error LNK2019: unresolved external symbol __imp_ARKDlsSetLinearSolver referenced in function main
ark_analytic.obj : error LNK2019: unresolved external symbol __imp_ARKDlsSetJacFn referenced in function main
ark_analytic.obj : error LNK2019: unresolved external symbol __imp_ARKDlsGetNumJacEvals referenced in function main
ark_analytic.obj : error LNK2019: unresolved external symbol __imp_ARKDlsGetNumRhsEvals referenced in function main
ark_analytic.obj : error LNK2019: unresolved external symbol __imp_SUNRabs referenced in function check_ans
C:\oss\third_party\sundials\sundials-3.1.0-build\examples\arkode\C_serial\Debug\ark_analytic.exe : fatal error LNK1120: 27 unresolved externals
