c:\oss\third_party\sundials\sundials-3.1.0-build\src\kinsol\sundials_kinsol_shared.dir\release\sunlinsol_dense.obj
c:\oss\third_party\sundials\sundials-3.1.0-build\src\kinsol\sundials_kinsol_shared.dir\release\sunlinsol_band.obj
c:\oss\third_party\sundials\sundials-3.1.0-build\src\kinsol\sundials_kinsol_shared.dir\release\sunmatrix_sparse.obj
c:\oss\third_party\sundials\sundials-3.1.0-build\src\kinsol\sundials_kinsol_shared.dir\release\sunmatrix_dense.obj
c:\oss\third_party\sundials\sundials-3.1.0-build\src\kinsol\sundials_kinsol_shared.dir\release\sunmatrix_band.obj
c:\oss\third_party\sundials\sundials-3.1.0-build\src\kinsol\sundials_kinsol_shared.dir\release\nvector_serial.obj
c:\oss\third_party\sundials\sundials-3.1.0-build\src\kinsol\sundials_kinsol_shared.dir\release\sundials_version.obj
c:\oss\third_party\sundials\sundials-3.1.0-build\src\kinsol\sundials_kinsol_shared.dir\release\sundials_iterative.obj
c:\oss\third_party\sundials\sundials-3.1.0-build\src\kinsol\sundials_kinsol_shared.dir\release\sundials_direct.obj
c:\oss\third_party\sundials\sundials-3.1.0-build\src\kinsol\sundials_kinsol_shared.dir\release\sundials_dense.obj
c:\oss\third_party\sundials\sundials-3.1.0-build\src\kinsol\sundials_kinsol_shared.dir\release\sundials_band.obj
c:\oss\third_party\sundials\sundials-3.1.0-build\src\kinsol\sundials_kinsol_shared.dir\release\sundials_math.obj
c:\oss\third_party\sundials\sundials-3.1.0-build\src\kinsol\sundials_kinsol_shared.dir\release\sundials_linearsolver.obj
c:\oss\third_party\sundials\sundials-3.1.0-build\src\kinsol\sundials_kinsol_shared.dir\release\sundials_matrix.obj
c:\oss\third_party\sundials\sundials-3.1.0-build\src\kinsol\sundials_kinsol_shared.dir\release\sundials_nvector.obj
c:\oss\third_party\sundials\sundials-3.1.0-build\src\kinsol\sundials_kinsol_shared.dir\release\kinsol_bbdpre.obj
c:\oss\third_party\sundials\sundials-3.1.0-build\src\kinsol\sundials_kinsol_shared.dir\release\kinsol_spils.obj
c:\oss\third_party\sundials\sundials-3.1.0-build\src\kinsol\sundials_kinsol_shared.dir\release\kinsol_direct.obj
c:\oss\third_party\sundials\sundials-3.1.0-build\src\kinsol\sundials_kinsol_shared.dir\release\kinsol_io.obj
c:\oss\third_party\sundials\sundials-3.1.0-build\src\kinsol\sundials_kinsol_shared.dir\release\kinsol.obj
c:\oss\third_party\sundials\sundials-3.1.0-build\src\kinsol\sundials_kinsol_shared.dir\release\sunlinsol_pcg.obj
c:\oss\third_party\sundials\sundials-3.1.0-build\src\kinsol\sundials_kinsol_shared.dir\release\sunlinsol_sptfqmr.obj
c:\oss\third_party\sundials\sundials-3.1.0-build\src\kinsol\sundials_kinsol_shared.dir\release\sunlinsol_spgmr.obj
c:\oss\third_party\sundials\sundials-3.1.0-build\src\kinsol\sundials_kinsol_shared.dir\release\sunlinsol_spfgmr.obj
c:\oss\third_party\sundials\sundials-3.1.0-build\src\kinsol\sundials_kinsol_shared.dir\release\sunlinsol_spbcgs.obj
c:\oss\third_party\sundials\sundials-3.1.0-build\src\kinsol\cmakefiles\generate.stamp
c:\oss\third_party\sundials\sundials-3.1.0-build\src\kinsol\release\sundials_kinsol.dll
c:\oss\third_party\sundials\sundials-3.1.0-build\src\kinsol\release\sundials_kinsol.lib
c:\oss\third_party\sundials\sundials-3.1.0-build\src\kinsol\release\sundials_kinsol.exp
c:\oss\third_party\sundials\sundials-3.1.0-build\src\kinsol\sundials_kinsol_shared.dir\release\sundials.034f42c6.tlog\cl.command.1.tlog
c:\oss\third_party\sundials\sundials-3.1.0-build\src\kinsol\sundials_kinsol_shared.dir\release\sundials.034f42c6.tlog\cl.read.1.tlog
c:\oss\third_party\sundials\sundials-3.1.0-build\src\kinsol\sundials_kinsol_shared.dir\release\sundials.034f42c6.tlog\cl.write.1.tlog
c:\oss\third_party\sundials\sundials-3.1.0-build\src\kinsol\sundials_kinsol_shared.dir\release\sundials.034f42c6.tlog\custombuild.command.1.tlog
c:\oss\third_party\sundials\sundials-3.1.0-build\src\kinsol\sundials_kinsol_shared.dir\release\sundials.034f42c6.tlog\custombuild.read.1.tlog
c:\oss\third_party\sundials\sundials-3.1.0-build\src\kinsol\sundials_kinsol_shared.dir\release\sundials.034f42c6.tlog\custombuild.write.1.tlog
c:\oss\third_party\sundials\sundials-3.1.0-build\src\kinsol\sundials_kinsol_shared.dir\release\sundials.034f42c6.tlog\link.command.1.tlog
c:\oss\third_party\sundials\sundials-3.1.0-build\src\kinsol\sundials_kinsol_shared.dir\release\sundials.034f42c6.tlog\link.read.1.tlog
c:\oss\third_party\sundials\sundials-3.1.0-build\src\kinsol\sundials_kinsol_shared.dir\release\sundials.034f42c6.tlog\link.write.1.tlog
c:\oss\third_party\sundials\sundials-3.1.0-build\src\kinsol\sundials_kinsol_shared.dir\release\sundials.034f42c6.tlog\sundials_kinsol_shared.write.1u.tlog
