c:\oss\third_party\sundials\sundials-3.1.0-build\src\cvode\sundials_cvode_shared.dir\release\sunmatrix_sparse.obj
c:\oss\third_party\sundials\sundials-3.1.0-build\src\cvode\sundials_cvode_shared.dir\release\sunmatrix_dense.obj
c:\oss\third_party\sundials\sundials-3.1.0-build\src\cvode\sundials_cvode_shared.dir\release\sunmatrix_band.obj
c:\oss\third_party\sundials\sundials-3.1.0-build\src\cvode\sundials_cvode_shared.dir\release\nvector_serial.obj
c:\oss\third_party\sundials\sundials-3.1.0-build\src\cvode\sundials_cvode_shared.dir\release\sundials_version.obj
c:\oss\third_party\sundials\sundials-3.1.0-build\src\cvode\sundials_cvode_shared.dir\release\sundials_iterative.obj
c:\oss\third_party\sundials\sundials-3.1.0-build\src\cvode\sundials_cvode_shared.dir\release\sundials_direct.obj
c:\oss\third_party\sundials\sundials-3.1.0-build\src\cvode\sundials_cvode_shared.dir\release\sundials_dense.obj
c:\oss\third_party\sundials\sundials-3.1.0-build\src\cvode\sundials_cvode_shared.dir\release\sundials_band.obj
c:\oss\third_party\sundials\sundials-3.1.0-build\src\cvode\sundials_cvode_shared.dir\release\sundials_math.obj
c:\oss\third_party\sundials\sundials-3.1.0-build\src\cvode\sundials_cvode_shared.dir\release\sundials_linearsolver.obj
c:\oss\third_party\sundials\sundials-3.1.0-build\src\cvode\sundials_cvode_shared.dir\release\sundials_matrix.obj
c:\oss\third_party\sundials\sundials-3.1.0-build\src\cvode\sundials_cvode_shared.dir\release\sundials_nvector.obj
c:\oss\third_party\sundials\sundials-3.1.0-build\src\cvode\sundials_cvode_shared.dir\release\cvode_spils.obj
c:\oss\third_party\sundials\sundials-3.1.0-build\src\cvode\sundials_cvode_shared.dir\release\cvode_io.obj
c:\oss\third_party\sundials\sundials-3.1.0-build\src\cvode\sundials_cvode_shared.dir\release\cvode_direct.obj
c:\oss\third_party\sundials\sundials-3.1.0-build\src\cvode\sundials_cvode_shared.dir\release\cvode_diag.obj
c:\oss\third_party\sundials\sundials-3.1.0-build\src\cvode\sundials_cvode_shared.dir\release\cvode_bbdpre.obj
c:\oss\third_party\sundials\sundials-3.1.0-build\src\cvode\sundials_cvode_shared.dir\release\cvode_bandpre.obj
c:\oss\third_party\sundials\sundials-3.1.0-build\src\cvode\sundials_cvode_shared.dir\release\cvode.obj
c:\oss\third_party\sundials\sundials-3.1.0-build\src\cvode\sundials_cvode_shared.dir\release\sunlinsol_pcg.obj
c:\oss\third_party\sundials\sundials-3.1.0-build\src\cvode\sundials_cvode_shared.dir\release\sunlinsol_sptfqmr.obj
c:\oss\third_party\sundials\sundials-3.1.0-build\src\cvode\sundials_cvode_shared.dir\release\sunlinsol_spgmr.obj
c:\oss\third_party\sundials\sundials-3.1.0-build\src\cvode\sundials_cvode_shared.dir\release\sunlinsol_spfgmr.obj
c:\oss\third_party\sundials\sundials-3.1.0-build\src\cvode\sundials_cvode_shared.dir\release\sunlinsol_spbcgs.obj
c:\oss\third_party\sundials\sundials-3.1.0-build\src\cvode\sundials_cvode_shared.dir\release\sunlinsol_dense.obj
c:\oss\third_party\sundials\sundials-3.1.0-build\src\cvode\sundials_cvode_shared.dir\release\sunlinsol_band.obj
c:\oss\third_party\sundials\sundials-3.1.0-build\src\cvode\cmakefiles\generate.stamp
c:\oss\third_party\sundials\sundials-3.1.0-build\src\cvode\release\sundials_cvode.dll
c:\oss\third_party\sundials\sundials-3.1.0-build\src\cvode\release\sundials_cvode.lib
c:\oss\third_party\sundials\sundials-3.1.0-build\src\cvode\release\sundials_cvode.exp
c:\oss\third_party\sundials\sundials-3.1.0-build\src\cvode\sundials_cvode_shared.dir\release\sundials.f72fc20a.tlog\cl.command.1.tlog
c:\oss\third_party\sundials\sundials-3.1.0-build\src\cvode\sundials_cvode_shared.dir\release\sundials.f72fc20a.tlog\cl.read.1.tlog
c:\oss\third_party\sundials\sundials-3.1.0-build\src\cvode\sundials_cvode_shared.dir\release\sundials.f72fc20a.tlog\cl.write.1.tlog
c:\oss\third_party\sundials\sundials-3.1.0-build\src\cvode\sundials_cvode_shared.dir\release\sundials.f72fc20a.tlog\custombuild.command.1.tlog
c:\oss\third_party\sundials\sundials-3.1.0-build\src\cvode\sundials_cvode_shared.dir\release\sundials.f72fc20a.tlog\custombuild.read.1.tlog
c:\oss\third_party\sundials\sundials-3.1.0-build\src\cvode\sundials_cvode_shared.dir\release\sundials.f72fc20a.tlog\custombuild.write.1.tlog
c:\oss\third_party\sundials\sundials-3.1.0-build\src\cvode\sundials_cvode_shared.dir\release\sundials.f72fc20a.tlog\link.command.1.tlog
c:\oss\third_party\sundials\sundials-3.1.0-build\src\cvode\sundials_cvode_shared.dir\release\sundials.f72fc20a.tlog\link.read.1.tlog
c:\oss\third_party\sundials\sundials-3.1.0-build\src\cvode\sundials_cvode_shared.dir\release\sundials.f72fc20a.tlog\link.write.1.tlog
c:\oss\third_party\sundials\sundials-3.1.0-build\src\cvode\sundials_cvode_shared.dir\release\sundials.f72fc20a.tlog\sundials_cvode_shared.write.1u.tlog
