  Building Custom Rule C:/oss/third_party/sundials/sundials-3.1.0/src/cvodes/CMakeLists.txt
  CMake does not need to re-run because C:/oss/third_party/sundials/sundials-3.1.0-build/src/cvodes/CMakeFiles/generate.stamp is up-to-date.
  cvodea.c
  cvodea_io.c
  cvodes.c
  cvodes_bandpre.c
  cvodes_bbdpre.c
  cvodes_io.c
  cvodes_diag.c
  cvodes_direct.c
  cvodes_spils.c
  sundials_nvector.c
  sundials_matrix.c
  sundials_linearsolver.c
  sundials_math.c
  sundials_band.c
  sundials_dense.c
  sundials_direct.c
  sundials_iterative.c
  sundials_version.c
  nvector_serial.c
  sunmatrix_band.c
  Generating Code...
  Compiling...
  sunmatrix_dense.c
  sunmatrix_sparse.c
  sunlinsol_band.c
  sunlinsol_dense.c
  sunlinsol_spbcgs.c
  sunlinsol_spfgmr.c
  sunlinsol_spgmr.c
  sunlinsol_sptfqmr.c
  sunlinsol_pcg.c
  Generating Code...
     Creating library C:/oss/third_party/sundials/sundials-3.1.0-build/src/cvodes/MinSizeRel/sundials_cvodes.lib and object C:/oss/third_party/sundials/sundials-3.1.0-build/src/cvodes/MinSizeRel/sundials_cvodes.exp
  sundials_cvodes_shared.vcxproj -> C:\oss\third_party\sundials\sundials-3.1.0-build\src\cvodes\MinSizeRel\sundials_cvodes.dll
