  Checking Build System
  CMake does not need to re-run because C:/oss/third_party/sundials/sundials-3.1.0-build/CMakeFiles/generate.stamp is up-to-date.
  CMake does not need to re-run because C:/oss/third_party/sundials/sundials-3.1.0-build/src/sundials/CMakeFiles/generate.stamp is up-to-date.
  CMake does not need to re-run because C:/oss/third_party/sundials/sundials-3.1.0-build/src/nvec_ser/CMakeFiles/generate.stamp is up-to-date.
  CMake does not need to re-run because C:/oss/third_party/sundials/sundials-3.1.0-build/src/sunmat_dense/CMakeFiles/generate.stamp is up-to-date.
  CMake does not need to re-run because C:/oss/third_party/sundials/sundials-3.1.0-build/src/sunmat_band/CMakeFiles/generate.stamp is up-to-date.
  CMake does not need to re-run because C:/oss/third_party/sundials/sundials-3.1.0-build/src/sunmat_sparse/CMakeFiles/generate.stamp is up-to-date.
  CMake does not need to re-run because C:/oss/third_party/sundials/sundials-3.1.0-build/src/sunlinsol_band/CMakeFiles/generate.stamp is up-to-date.
  CMake does not need to re-run because C:/oss/third_party/sundials/sundials-3.1.0-build/src/sunlinsol_dense/CMakeFiles/generate.stamp is up-to-date.
  CMake does not need to re-run because C:/oss/third_party/sundials/sundials-3.1.0-build/src/sunlinsol_spgmr/CMakeFiles/generate.stamp is up-to-date.
  CMake does not need to re-run because C:/oss/third_party/sundials/sundials-3.1.0-build/src/sunlinsol_spfgmr/CMakeFiles/generate.stamp is up-to-date.
  CMake does not need to re-run because C:/oss/third_party/sundials/sundials-3.1.0-build/src/sunlinsol_spbcgs/CMakeFiles/generate.stamp is up-to-date.
  CMake does not need to re-run because C:/oss/third_party/sundials/sundials-3.1.0-build/src/sunlinsol_sptfqmr/CMakeFiles/generate.stamp is up-to-date.
  CMake does not need to re-run because C:/oss/third_party/sundials/sundials-3.1.0-build/src/sunlinsol_pcg/CMakeFiles/generate.stamp is up-to-date.
  CMake does not need to re-run because C:/oss/third_party/sundials/sundials-3.1.0-build/src/arkode/CMakeFiles/generate.stamp is up-to-date.
  CMake does not need to re-run because C:/oss/third_party/sundials/sundials-3.1.0-build/src/cvode/CMakeFiles/generate.stamp is up-to-date.
  CMake does not need to re-run because C:/oss/third_party/sundials/sundials-3.1.0-build/src/cvodes/CMakeFiles/generate.stamp is up-to-date.
  CMake does not need to re-run because C:/oss/third_party/sundials/sundials-3.1.0-build/src/ida/CMakeFiles/generate.stamp is up-to-date.
  CMake does not need to re-run because C:/oss/third_party/sundials/sundials-3.1.0-build/src/idas/CMakeFiles/generate.stamp is up-to-date.
  CMake does not need to re-run because C:/oss/third_party/sundials/sundials-3.1.0-build/src/kinsol/CMakeFiles/generate.stamp is up-to-date.
