ark_heat1D_adapt.obj : error LNK2019: unresolved external symbol __imp_N_VDestroy referenced in function main
ark_heat1D_adapt.obj : error LNK2019: unresolved external symbol __imp_N_VGetArrayPointer referenced in function Jac
ark_heat1D_adapt.obj : error LNK2019: unresolved external symbol __imp_N_VConst referenced in function Jac
ark_heat1D_adapt.obj : error LNK2019: unresolved external symbol __imp_N_VDotProd referenced in function main
ark_heat1D_adapt.obj : error LNK2019: unresolved external symbol __imp_ARKodeCreate referenced in function main
ark_heat1D_adapt.obj : error LNK2019: unresolved external symbol __imp_ARKodeSetUserData referenced in function main
ark_heat1D_adapt.obj : error LNK2019: unresolved external symbol __imp_ARKodeSetLinear referenced in function main
ark_heat1D_adapt.obj : error LNK2019: unresolved external symbol __imp_ARKodeSetMaxNumSteps referenced in function main
ark_heat1D_adapt.obj : error LNK2019: unresolved external symbol __imp_ARKodeSetInitStep referenced in function main
ark_heat1D_adapt.obj : error LNK2019: unresolved external symbol __imp_ARKodeSetStopTime referenced in function main
ark_heat1D_adapt.obj : error LNK2019: unresolved external symbol __imp_ARKodeSetAdaptivityMethod referenced in function main
ark_heat1D_adapt.obj : error LNK2019: unresolved external symbol __imp_ARKodeSetPredictorMethod referenced in function main
ark_heat1D_adapt.obj : error LNK2019: unresolved external symbol __imp_ARKodeInit referenced in function main
ark_heat1D_adapt.obj : error LNK2019: unresolved external symbol __imp_ARKodeResize referenced in function main
ark_heat1D_adapt.obj : error LNK2019: unresolved external symbol __imp_ARKodeSStolerances referenced in function main
ark_heat1D_adapt.obj : error LNK2019: unresolved external symbol __imp_ARKode referenced in function main
ark_heat1D_adapt.obj : error LNK2019: unresolved external symbol __imp_ARKodeGetLastStep referenced in function main
ark_heat1D_adapt.obj : error LNK2019: unresolved external symbol __imp_ARKodeGetCurrentStep referenced in function main
ark_heat1D_adapt.obj : error LNK2019: unresolved external symbol __imp_ARKodeGetNumNonlinSolvIters referenced in function main
ark_heat1D_adapt.obj : error LNK2019: unresolved external symbol __imp_ARKodeFree referenced in function main
ark_heat1D_adapt.obj : error LNK2019: unresolved external symbol __imp_N_VNew_Serial referenced in function main
ark_heat1D_adapt.obj : error LNK2019: unresolved external symbol __imp_SUNLinSolFree referenced in function main
ark_heat1D_adapt.obj : error LNK2019: unresolved external symbol __imp_SUNPCG referenced in function main
ark_heat1D_adapt.obj : error LNK2019: unresolved external symbol __imp_ARKSpilsSetLinearSolver referenced in function main
ark_heat1D_adapt.obj : error LNK2019: unresolved external symbol __imp_ARKSpilsSetJacTimes referenced in function main
ark_heat1D_adapt.obj : error LNK2019: unresolved external symbol __imp_ARKSpilsGetNumLinIters referenced in function main
ark_heat1D_adapt.obj : error LNK2019: unresolved external symbol __imp_SUNRsqrt referenced in function main
ark_heat1D_adapt.obj : error LNK2019: unresolved external symbol __imp_SUNRexp referenced in function f
C:\oss\third_party\sundials\sundials-3.1.0-build\examples\arkode\C_serial\Release\ark_heat1D_adapt.exe : fatal error LNK1120: 28 unresolved externals
