kinKrylovDemo_ls.obj : error LNK2019: unresolved external symbol __imp_N_VConst referenced in function main
kinKrylovDemo_ls.obj : error LNK2019: unresolved external symbol __imp_N_VWL2Norm referenced in function PrecSetupBD
kinKrylovDemo_ls.obj : error LNK2019: unresolved external symbol __imp_KINCreate referenced in function main
kinKrylovDemo_ls.obj : error LNK2019: unresolved external symbol __imp_KINSetUserData referenced in function main
kinKrylovDemo_ls.obj : error LNK2019: unresolved external symbol __imp_KINSetFuncNormTol referenced in function main
kinKrylovDemo_ls.obj : error LNK2019: unresolved external symbol __imp_KINSetScaledStepTol referenced in function main
kinKrylovDemo_ls.obj : error LNK2019: unresolved external symbol __imp_KINSetConstraints referenced in function main
kinKrylovDemo_ls.obj : error LNK2019: unresolved external symbol __imp_KINInit referenced in function main
kinKrylovDemo_ls.obj : error LNK2019: unresolved external symbol __imp_KINSol referenced in function main
kinKrylovDemo_ls.obj : error LNK2019: unresolved external symbol __imp_KINGetNumNonlinSolvIters referenced in function PrintFinalStats
kinKrylovDemo_ls.obj : error LNK2019: unresolved external symbol __imp_KINGetNumFuncEvals referenced in function PrintFinalStats
kinKrylovDemo_ls.obj : error LNK2019: unresolved external symbol __imp_KINFree referenced in function main
kinKrylovDemo_ls.obj : error LNK2019: unresolved external symbol __imp_N_VNew_Serial referenced in function main
kinKrylovDemo_ls.obj : error LNK2019: unresolved external symbol __imp_N_VDestroy_Serial referenced in function FreeUserData
kinKrylovDemo_ls.obj : error LNK2019: unresolved external symbol __imp_SUNLinSolFree referenced in function main
kinKrylovDemo_ls.obj : error LNK2019: unresolved external symbol __imp_KINSpilsSetLinearSolver referenced in function main
kinKrylovDemo_ls.obj : error LNK2019: unresolved external symbol __imp_KINSpilsSetPreconditioner referenced in function main
kinKrylovDemo_ls.obj : error LNK2019: unresolved external symbol __imp_KINSpilsGetNumPrecEvals referenced in function PrintFinalStats
kinKrylovDemo_ls.obj : error LNK2019: unresolved external symbol __imp_KINSpilsGetNumPrecSolves referenced in function PrintFinalStats
kinKrylovDemo_ls.obj : error LNK2019: unresolved external symbol __imp_KINSpilsGetNumLinIters referenced in function PrintFinalStats
kinKrylovDemo_ls.obj : error LNK2019: unresolved external symbol __imp_KINSpilsGetNumConvFails referenced in function PrintFinalStats
kinKrylovDemo_ls.obj : error LNK2019: unresolved external symbol __imp_KINSpilsGetNumFuncEvals referenced in function PrintFinalStats
kinKrylovDemo_ls.obj : error LNK2019: unresolved external symbol __imp_SUNSPGMR referenced in function main
kinKrylovDemo_ls.obj : error LNK2019: unresolved external symbol __imp_SUNSPGMRSetMaxRestarts referenced in function main
kinKrylovDemo_ls.obj : error LNK2019: unresolved external symbol __imp_SUNSPBCGS referenced in function main
kinKrylovDemo_ls.obj : error LNK2019: unresolved external symbol __imp_SUNSPTFQMR referenced in function main
kinKrylovDemo_ls.obj : error LNK2019: unresolved external symbol __imp_SUNSPFGMR referenced in function main
kinKrylovDemo_ls.obj : error LNK2019: unresolved external symbol __imp_newDenseMat referenced in function AllocUserData
kinKrylovDemo_ls.obj : error LNK2019: unresolved external symbol __imp_destroyMat referenced in function FreeUserData
kinKrylovDemo_ls.obj : error LNK2019: unresolved external symbol __imp_newIndexArray referenced in function AllocUserData
kinKrylovDemo_ls.obj : error LNK2019: unresolved external symbol __imp_destroyArray referenced in function FreeUserData
kinKrylovDemo_ls.obj : error LNK2019: unresolved external symbol __imp_denseGETRF referenced in function PrecSetupBD
kinKrylovDemo_ls.obj : error LNK2019: unresolved external symbol __imp_denseGETRS referenced in function PrecSolveBD
kinKrylovDemo_ls.obj : error LNK2019: unresolved external symbol __imp_SUNRsqrt referenced in function InitUserData
kinKrylovDemo_ls.obj : error LNK2019: unresolved external symbol __imp_SUNRabs referenced in function PrecSetupBD
C:\oss\third_party\sundials\sundials-3.1.0-build\examples\kinsol\serial\Release\kinKrylovDemo_ls.exe : fatal error LNK1120: 35 unresolved externals
