cvsRoberts_FSA_dns.obj : error LNK2019: unresolved external symbol __imp_N_VDestroy referenced in function main
cvsRoberts_FSA_dns.obj : error LNK2019: unresolved external symbol __imp_N_VGetArrayPointer referenced in function PrintOutput
cvsRoberts_FSA_dns.obj : error LNK2019: unresolved external symbol __imp_N_VConst referenced in function main
cvsRoberts_FSA_dns.obj : error LNK2019: unresolved external symbol __imp_N_VCloneVectorArray referenced in function main
cvsRoberts_FSA_dns.obj : error LNK2019: unresolved external symbol __imp_N_VDestroyVectorArray referenced in function main
cvsRoberts_FSA_dns.obj : error LNK2019: unresolved external symbol __imp_CVodeCreate referenced in function main
cvsRoberts_FSA_dns.obj : error LNK2019: unresolved external symbol __imp_CVodeInit referenced in function main
cvsRoberts_FSA_dns.obj : error LNK2019: unresolved external symbol __imp_CVodeWFtolerances referenced in function main
cvsRoberts_FSA_dns.obj : error LNK2019: unresolved external symbol __imp_CVodeSensInit1 referenced in function main
cvsRoberts_FSA_dns.obj : error LNK2019: unresolved external symbol __imp_CVodeSensEEtolerances referenced in function main
cvsRoberts_FSA_dns.obj : error LNK2019: unresolved external symbol __imp_CVodeFree referenced in function main
cvsRoberts_FSA_dns.obj : error LNK2019: unresolved external symbol __imp_CVodeSetUserData referenced in function main
cvsRoberts_FSA_dns.obj : error LNK2019: unresolved external symbol __imp_CVodeSetSensErrCon referenced in function main
cvsRoberts_FSA_dns.obj : error LNK2019: unresolved external symbol __imp_CVodeSetSensParams referenced in function main
cvsRoberts_FSA_dns.obj : error LNK2019: unresolved external symbol __imp_CVode referenced in function main
cvsRoberts_FSA_dns.obj : error LNK2019: unresolved external symbol __imp_CVodeGetSens referenced in function main
cvsRoberts_FSA_dns.obj : error LNK2019: unresolved external symbol __imp_CVodeGetNumSteps referenced in function PrintFinalStats
cvsRoberts_FSA_dns.obj : error LNK2019: unresolved external symbol __imp_CVodeGetNumRhsEvals referenced in function PrintFinalStats
cvsRoberts_FSA_dns.obj : error LNK2019: unresolved external symbol __imp_CVodeGetNumLinSolvSetups referenced in function PrintFinalStats
cvsRoberts_FSA_dns.obj : error LNK2019: unresolved external symbol __imp_CVodeGetNumErrTestFails referenced in function PrintFinalStats
cvsRoberts_FSA_dns.obj : error LNK2019: unresolved external symbol __imp_CVodeGetLastOrder referenced in function PrintOutput
cvsRoberts_FSA_dns.obj : error LNK2019: unresolved external symbol __imp_CVodeGetLastStep referenced in function PrintOutput
cvsRoberts_FSA_dns.obj : error LNK2019: unresolved external symbol __imp_CVodeGetNumNonlinSolvIters referenced in function PrintFinalStats
cvsRoberts_FSA_dns.obj : error LNK2019: unresolved external symbol __imp_CVodeGetNumNonlinSolvConvFails referenced in function PrintFinalStats
cvsRoberts_FSA_dns.obj : error LNK2019: unresolved external symbol __imp_CVodeGetSensNumRhsEvals referenced in function PrintFinalStats
cvsRoberts_FSA_dns.obj : error LNK2019: unresolved external symbol __imp_CVodeGetNumRhsEvalsSens referenced in function PrintFinalStats
cvsRoberts_FSA_dns.obj : error LNK2019: unresolved external symbol __imp_CVodeGetSensNumErrTestFails referenced in function PrintFinalStats
cvsRoberts_FSA_dns.obj : error LNK2019: unresolved external symbol __imp_CVodeGetSensNumLinSolvSetups referenced in function PrintFinalStats
cvsRoberts_FSA_dns.obj : error LNK2019: unresolved external symbol __imp_CVodeGetSensNumNonlinSolvIters referenced in function PrintFinalStats
cvsRoberts_FSA_dns.obj : error LNK2019: unresolved external symbol __imp_CVodeGetSensNumNonlinSolvConvFails referenced in function PrintFinalStats
cvsRoberts_FSA_dns.obj : error LNK2019: unresolved external symbol __imp_N_VNew_Serial referenced in function main
cvsRoberts_FSA_dns.obj : error LNK2019: unresolved external symbol __imp_SUNMatDestroy referenced in function main
cvsRoberts_FSA_dns.obj : error LNK2019: unresolved external symbol __imp_SUNDenseMatrix referenced in function main
cvsRoberts_FSA_dns.obj : error LNK2019: unresolved external symbol __imp_SUNLinSolFree referenced in function main
cvsRoberts_FSA_dns.obj : error LNK2019: unresolved external symbol __imp_SUNDenseLinearSolver referenced in function main
cvsRoberts_FSA_dns.obj : error LNK2019: unresolved external symbol __imp_CVDlsSetLinearSolver referenced in function main
cvsRoberts_FSA_dns.obj : error LNK2019: unresolved external symbol __imp_CVDlsSetJacFn referenced in function main
cvsRoberts_FSA_dns.obj : error LNK2019: unresolved external symbol __imp_CVDlsGetNumJacEvals referenced in function PrintFinalStats
cvsRoberts_FSA_dns.obj : error LNK2019: unresolved external symbol __imp_CVDlsGetNumRhsEvals referenced in function PrintFinalStats
cvsRoberts_FSA_dns.obj : error LNK2019: unresolved external symbol __imp_SUNRabs referenced in function ewt
C:\oss\third_party\sundials\sundials-3.1.0-build\examples\cvodes\serial\Release\cvsRoberts_FSA_dns.exe : fatal error LNK1120: 40 unresolved externals
