c:\oss\third_party\sundials\sundials-3.1.0-build\src\ida\sundials_ida_shared.dir\release\sunlinsol_band.obj
c:\oss\third_party\sundials\sundials-3.1.0-build\src\ida\sundials_ida_shared.dir\release\sunmatrix_sparse.obj
c:\oss\third_party\sundials\sundials-3.1.0-build\src\ida\sundials_ida_shared.dir\release\sunmatrix_dense.obj
c:\oss\third_party\sundials\sundials-3.1.0-build\src\ida\sundials_ida_shared.dir\release\sunmatrix_band.obj
c:\oss\third_party\sundials\sundials-3.1.0-build\src\ida\sundials_ida_shared.dir\release\nvector_serial.obj
c:\oss\third_party\sundials\sundials-3.1.0-build\src\ida\sundials_ida_shared.dir\release\sundials_version.obj
c:\oss\third_party\sundials\sundials-3.1.0-build\src\ida\sundials_ida_shared.dir\release\sundials_iterative.obj
c:\oss\third_party\sundials\sundials-3.1.0-build\src\ida\sundials_ida_shared.dir\release\sundials_direct.obj
c:\oss\third_party\sundials\sundials-3.1.0-build\src\ida\sundials_ida_shared.dir\release\sundials_dense.obj
c:\oss\third_party\sundials\sundials-3.1.0-build\src\ida\sundials_ida_shared.dir\release\sundials_band.obj
c:\oss\third_party\sundials\sundials-3.1.0-build\src\ida\sundials_ida_shared.dir\release\sundials_math.obj
c:\oss\third_party\sundials\sundials-3.1.0-build\src\ida\sundials_ida_shared.dir\release\sundials_linearsolver.obj
c:\oss\third_party\sundials\sundials-3.1.0-build\src\ida\sundials_ida_shared.dir\release\sundials_matrix.obj
c:\oss\third_party\sundials\sundials-3.1.0-build\src\ida\sundials_ida_shared.dir\release\sundials_nvector.obj
c:\oss\third_party\sundials\sundials-3.1.0-build\src\ida\sundials_ida_shared.dir\release\ida_spils.obj
c:\oss\third_party\sundials\sundials-3.1.0-build\src\ida\sundials_ida_shared.dir\release\ida_io.obj
c:\oss\third_party\sundials\sundials-3.1.0-build\src\ida\sundials_ida_shared.dir\release\ida_ic.obj
c:\oss\third_party\sundials\sundials-3.1.0-build\src\ida\sundials_ida_shared.dir\release\ida_direct.obj
c:\oss\third_party\sundials\sundials-3.1.0-build\src\ida\sundials_ida_shared.dir\release\ida_bbdpre.obj
c:\oss\third_party\sundials\sundials-3.1.0-build\src\ida\sundials_ida_shared.dir\release\ida.obj
c:\oss\third_party\sundials\sundials-3.1.0-build\src\ida\sundials_ida_shared.dir\release\sunlinsol_pcg.obj
c:\oss\third_party\sundials\sundials-3.1.0-build\src\ida\sundials_ida_shared.dir\release\sunlinsol_sptfqmr.obj
c:\oss\third_party\sundials\sundials-3.1.0-build\src\ida\sundials_ida_shared.dir\release\sunlinsol_spgmr.obj
c:\oss\third_party\sundials\sundials-3.1.0-build\src\ida\sundials_ida_shared.dir\release\sunlinsol_spfgmr.obj
c:\oss\third_party\sundials\sundials-3.1.0-build\src\ida\sundials_ida_shared.dir\release\sunlinsol_spbcgs.obj
c:\oss\third_party\sundials\sundials-3.1.0-build\src\ida\sundials_ida_shared.dir\release\sunlinsol_dense.obj
c:\oss\third_party\sundials\sundials-3.1.0-build\src\ida\cmakefiles\generate.stamp
c:\oss\third_party\sundials\sundials-3.1.0-build\src\ida\release\sundials_ida.dll
c:\oss\third_party\sundials\sundials-3.1.0-build\src\ida\release\sundials_ida.lib
c:\oss\third_party\sundials\sundials-3.1.0-build\src\ida\release\sundials_ida.exp
c:\oss\third_party\sundials\sundials-3.1.0-build\src\ida\sundials_ida_shared.dir\release\sundials.30ca808b.tlog\cl.command.1.tlog
c:\oss\third_party\sundials\sundials-3.1.0-build\src\ida\sundials_ida_shared.dir\release\sundials.30ca808b.tlog\cl.read.1.tlog
c:\oss\third_party\sundials\sundials-3.1.0-build\src\ida\sundials_ida_shared.dir\release\sundials.30ca808b.tlog\cl.write.1.tlog
c:\oss\third_party\sundials\sundials-3.1.0-build\src\ida\sundials_ida_shared.dir\release\sundials.30ca808b.tlog\custombuild.command.1.tlog
c:\oss\third_party\sundials\sundials-3.1.0-build\src\ida\sundials_ida_shared.dir\release\sundials.30ca808b.tlog\custombuild.read.1.tlog
c:\oss\third_party\sundials\sundials-3.1.0-build\src\ida\sundials_ida_shared.dir\release\sundials.30ca808b.tlog\custombuild.write.1.tlog
c:\oss\third_party\sundials\sundials-3.1.0-build\src\ida\sundials_ida_shared.dir\release\sundials.30ca808b.tlog\link.command.1.tlog
c:\oss\third_party\sundials\sundials-3.1.0-build\src\ida\sundials_ida_shared.dir\release\sundials.30ca808b.tlog\link.read.1.tlog
c:\oss\third_party\sundials\sundials-3.1.0-build\src\ida\sundials_ida_shared.dir\release\sundials.30ca808b.tlog\link.write.1.tlog
c:\oss\third_party\sundials\sundials-3.1.0-build\src\ida\sundials_ida_shared.dir\release\sundials.30ca808b.tlog\sundials_ida_shared.write.1u.tlog
