  Building Custom Rule C:/oss/third_party/sundials/sundials-3.1.0/src/idas/CMakeLists.txt
  CMake does not need to re-run because C:/oss/third_party/sundials/sundials-3.1.0-build/src/idas/CMakeFiles/generate.stamp is up-to-date.
  idas.c
  idaa.c
  idas_io.c
  idas_ic.c
  idaa_io.c
  idas_direct.c
  idas_spils.c
  idas_bbdpre.c
  sundials_nvector.c
  sundials_matrix.c
  sundials_linearsolver.c
  sundials_math.c
  sundials_band.c
  sundials_dense.c
  sundials_direct.c
  sundials_iterative.c
  sundials_version.c
  nvector_serial.c
  sunmatrix_band.c
  sunmatrix_dense.c
  Generating Code...
  Compiling...
  sunmatrix_sparse.c
  sunlinsol_band.c
  sunlinsol_dense.c
  sunlinsol_spbcgs.c
  sunlinsol_spfgmr.c
  sunlinsol_spgmr.c
  sunlinsol_sptfqmr.c
  sunlinsol_pcg.c
  Generating Code...
     Creating library C:/oss/third_party/sundials/sundials-3.1.0-build/src/idas/MinSizeRel/sundials_idas.lib and object C:/oss/third_party/sundials/sundials-3.1.0-build/src/idas/MinSizeRel/sundials_idas.exp
  sundials_idas_shared.vcxproj -> C:\oss\third_party\sundials\sundials-3.1.0-build\src\idas\MinSizeRel\sundials_idas.dll
