ark_KrylovDemo_prec.obj : error LNK2019: unresolved external symbol __imp_N_VDestroy referenced in function main
ark_KrylovDemo_prec.obj : error LNK2019: unresolved external symbol __imp_N_VGetArrayPointer referenced in function CInit
ark_KrylovDemo_prec.obj : error LNK2019: unresolved external symbol __imp_N_VLinearSum referenced in function GSIter
ark_KrylovDemo_prec.obj : error LNK2019: unresolved external symbol __imp_N_VConst referenced in function GSIter
ark_KrylovDemo_prec.obj : error LNK2019: unresolved external symbol __imp_N_VScale referenced in function PSolve
ark_KrylovDemo_prec.obj : error LNK2019: unresolved external symbol __imp_N_VWrmsNorm referenced in function Precond
ark_KrylovDemo_prec.obj : error LNK2019: unresolved external symbol __imp_ARKodeCreate referenced in function main
ark_KrylovDemo_prec.obj : error LNK2019: unresolved external symbol __imp_ARKodeSetUserData referenced in function main
ark_KrylovDemo_prec.obj : error LNK2019: unresolved external symbol __imp_ARKodeSetMaxNumSteps referenced in function main
ark_KrylovDemo_prec.obj : error LNK2019: unresolved external symbol __imp_ARKodeSetNonlinConvCoef referenced in function main
ark_KrylovDemo_prec.obj : error LNK2019: unresolved external symbol __imp_ARKodeInit referenced in function main
ark_KrylovDemo_prec.obj : error LNK2019: unresolved external symbol __imp_ARKodeReInit referenced in function main
ark_KrylovDemo_prec.obj : error LNK2019: unresolved external symbol __imp_ARKodeSStolerances referenced in function main
ark_KrylovDemo_prec.obj : error LNK2019: unresolved external symbol __imp_ARKode referenced in function main
ark_KrylovDemo_prec.obj : error LNK2019: unresolved external symbol __imp_ARKodeGetWorkSpace referenced in function PrintFinalStats
ark_KrylovDemo_prec.obj : error LNK2019: unresolved external symbol __imp_ARKodeGetNumSteps referenced in function PrintFinalStats
ark_KrylovDemo_prec.obj : error LNK2019: unresolved external symbol __imp_ARKodeGetNumRhsEvals referenced in function PrintFinalStats
ark_KrylovDemo_prec.obj : error LNK2019: unresolved external symbol __imp_ARKodeGetNumLinSolvSetups referenced in function PrintFinalStats
ark_KrylovDemo_prec.obj : error LNK2019: unresolved external symbol __imp_ARKodeGetNumErrTestFails referenced in function PrintFinalStats
ark_KrylovDemo_prec.obj : error LNK2019: unresolved external symbol __imp_ARKodeGetLastStep referenced in function PrintOutput
ark_KrylovDemo_prec.obj : error LNK2019: unresolved external symbol __imp_ARKodeGetErrWeights referenced in function Precond
ark_KrylovDemo_prec.obj : error LNK2019: unresolved external symbol __imp_ARKodeGetNumNonlinSolvIters referenced in function PrintFinalStats
ark_KrylovDemo_prec.obj : error LNK2019: unresolved external symbol __imp_ARKodeGetNumNonlinSolvConvFails referenced in function PrintFinalStats
ark_KrylovDemo_prec.obj : error LNK2019: unresolved external symbol __imp_ARKodeFree referenced in function main
ark_KrylovDemo_prec.obj : error LNK2019: unresolved external symbol __imp_SUNLinSolFree referenced in function main
ark_KrylovDemo_prec.obj : error LNK2019: unresolved external symbol __imp_SUNSPGMR referenced in function main
ark_KrylovDemo_prec.obj : error LNK2019: unresolved external symbol __imp_SUNSPGMRSetPrecType referenced in function main
ark_KrylovDemo_prec.obj : error LNK2019: unresolved external symbol __imp_SUNSPGMRSetGSType referenced in function main
ark_KrylovDemo_prec.obj : error LNK2019: unresolved external symbol __imp_ARKSpilsSetLinearSolver referenced in function main
ark_KrylovDemo_prec.obj : error LNK2019: unresolved external symbol __imp_ARKSpilsSetEpsLin referenced in function main
ark_KrylovDemo_prec.obj : error LNK2019: unresolved external symbol __imp_ARKSpilsSetPreconditioner referenced in function main
ark_KrylovDemo_prec.obj : error LNK2019: unresolved external symbol __imp_ARKSpilsGetWorkSpace referenced in function PrintFinalStats
ark_KrylovDemo_prec.obj : error LNK2019: unresolved external symbol __imp_ARKSpilsGetNumPrecEvals referenced in function PrintFinalStats
ark_KrylovDemo_prec.obj : error LNK2019: unresolved external symbol __imp_ARKSpilsGetNumPrecSolves referenced in function PrintFinalStats
ark_KrylovDemo_prec.obj : error LNK2019: unresolved external symbol __imp_ARKSpilsGetNumLinIters referenced in function PrintFinalStats
ark_KrylovDemo_prec.obj : error LNK2019: unresolved external symbol __imp_ARKSpilsGetNumConvFails referenced in function PrintFinalStats
ark_KrylovDemo_prec.obj : error LNK2019: unresolved external symbol __imp_ARKSpilsGetNumRhsEvals referenced in function PrintFinalStats
ark_KrylovDemo_prec.obj : error LNK2019: unresolved external symbol __imp_N_VNew_Serial referenced in function AllocUserData
ark_KrylovDemo_prec.obj : error LNK2019: unresolved external symbol __imp_N_VDestroy_Serial referenced in function main
ark_KrylovDemo_prec.obj : error LNK2019: unresolved external symbol __imp_newDenseMat referenced in function AllocUserData
ark_KrylovDemo_prec.obj : error LNK2019: unresolved external symbol __imp_destroyMat referenced in function main
ark_KrylovDemo_prec.obj : error LNK2019: unresolved external symbol __imp_newIndexArray referenced in function AllocUserData
ark_KrylovDemo_prec.obj : error LNK2019: unresolved external symbol __imp_destroyArray referenced in function main
ark_KrylovDemo_prec.obj : error LNK2019: unresolved external symbol __imp_denseGETRF referenced in function Precond
ark_KrylovDemo_prec.obj : error LNK2019: unresolved external symbol __imp_denseGETRS referenced in function PSolve
ark_KrylovDemo_prec.obj : error LNK2019: unresolved external symbol __imp_denseAddIdentity referenced in function Precond
ark_KrylovDemo_prec.obj : error LNK2019: unresolved external symbol __imp_SUNRsqrt referenced in function InitUserData
ark_KrylovDemo_prec.obj : error LNK2019: unresolved external symbol __imp_SUNRabs referenced in function Precond
C:\oss\third_party\sundials\sundials-3.1.0-build\examples\arkode\C_serial\Release\ark_KrylovDemo_prec.exe : fatal error LNK1120: 48 unresolved externals
