  ida.c
  ida_bbdpre.c
  ida_direct.c
  ida_ic.c
  ida_io.c
  ida_spils.c
  sundials_nvector.c
  sundials_matrix.c
  sundials_linearsolver.c
  sundials_math.c
  sundials_band.c
  sundials_dense.c
  sundials_direct.c
  sundials_iterative.c
  sundials_version.c
  nvector_serial.c
  sunmatrix_band.c
  sunmatrix_dense.c
  sunmatrix_sparse.c
  sunlinsol_band.c
  Generating Code...
  Compiling...
  sunlinsol_dense.c
  sunlinsol_spbcgs.c
  sunlinsol_spfgmr.c
  sunlinsol_spgmr.c
  sunlinsol_sptfqmr.c
  sunlinsol_pcg.c
  Generating Code...
     Creating library C:/oss/third_party/sundials/sundials-3.1.0-build/src/ida/Debug/sundials_ida.lib and object C:/oss/third_party/sundials/sundials-3.1.0-build/src/ida/Debug/sundials_ida.exp
  sundials_ida_shared.vcxproj -> C:\oss\third_party\sundials\sundials-3.1.0-build\src\ida\Debug\sundials_ida.dll
  sundials_ida_shared.vcxproj -> C:/oss/third_party/sundials/sundials-3.1.0-build/src/ida/Debug/sundials_ida.pdb (Full PDB)
