idasRoberts_ASAi_dns.obj : error LNK2019: unresolved external symbol __imp_N_VClone referenced in function main
idasRoberts_ASAi_dns.obj : error LNK2019: unresolved external symbol __imp_N_VDestroy referenced in function main
idasRoberts_ASAi_dns.obj : error LNK2019: unresolved external symbol __imp_N_VGetArrayPointer referenced in function res
idasRoberts_ASAi_dns.obj : error LNK2019: unresolved external symbol __imp_N_VScale referenced in function main
idasRoberts_ASAi_dns.obj : error LNK2019: unresolved external symbol __imp_IDACreate referenced in function main
idasRoberts_ASAi_dns.obj : error LNK2019: unresolved external symbol __imp_IDASetUserData referenced in function main
idasRoberts_ASAi_dns.obj : error LNK2019: unresolved external symbol __imp_IDAInit referenced in function main
idasRoberts_ASAi_dns.obj : error LNK2019: unresolved external symbol __imp_IDAWFtolerances referenced in function main
idasRoberts_ASAi_dns.obj : error LNK2019: unresolved external symbol __imp_IDASetQuadErrCon referenced in function main
idasRoberts_ASAi_dns.obj : error LNK2019: unresolved external symbol __imp_IDAQuadInit referenced in function main
idasRoberts_ASAi_dns.obj : error LNK2019: unresolved external symbol __imp_IDAQuadSStolerances referenced in function main
idasRoberts_ASAi_dns.obj : error LNK2019: unresolved external symbol __imp_IDAGetNumSteps referenced in function main
idasRoberts_ASAi_dns.obj : error LNK2019: unresolved external symbol __imp_IDAGetQuad referenced in function main
idasRoberts_ASAi_dns.obj : error LNK2019: unresolved external symbol __imp_IDAFree referenced in function main
idasRoberts_ASAi_dns.obj : error LNK2019: unresolved external symbol __imp_IDAAdjInit referenced in function main
idasRoberts_ASAi_dns.obj : error LNK2019: unresolved external symbol __imp_IDACreateB referenced in function main
idasRoberts_ASAi_dns.obj : error LNK2019: unresolved external symbol __imp_IDAInitB referenced in function main
idasRoberts_ASAi_dns.obj : error LNK2019: unresolved external symbol __imp_IDAReInitB referenced in function main
idasRoberts_ASAi_dns.obj : error LNK2019: unresolved external symbol __imp_IDASStolerancesB referenced in function main
idasRoberts_ASAi_dns.obj : error LNK2019: unresolved external symbol __imp_IDAQuadInitB referenced in function main
idasRoberts_ASAi_dns.obj : error LNK2019: unresolved external symbol __imp_IDAQuadSStolerancesB referenced in function main
idasRoberts_ASAi_dns.obj : error LNK2019: unresolved external symbol __imp_IDACalcICB referenced in function main
idasRoberts_ASAi_dns.obj : error LNK2019: unresolved external symbol __imp_IDASolveF referenced in function main
idasRoberts_ASAi_dns.obj : error LNK2019: unresolved external symbol __imp_IDASolveB referenced in function main
idasRoberts_ASAi_dns.obj : error LNK2019: unresolved external symbol __imp_IDASetUserDataB referenced in function main
idasRoberts_ASAi_dns.obj : error LNK2019: unresolved external symbol __imp_IDASetMaxNumStepsB referenced in function main
idasRoberts_ASAi_dns.obj : error LNK2019: unresolved external symbol __imp_IDASetIdB referenced in function main
idasRoberts_ASAi_dns.obj : error LNK2019: unresolved external symbol __imp_IDASetQuadErrConB referenced in function main
idasRoberts_ASAi_dns.obj : error LNK2019: unresolved external symbol __imp_IDAGetB referenced in function main
idasRoberts_ASAi_dns.obj : error LNK2019: unresolved external symbol __imp_IDAGetQuadB referenced in function main
idasRoberts_ASAi_dns.obj : error LNK2019: unresolved external symbol __imp_IDAGetAdjIDABmem referenced in function main
idasRoberts_ASAi_dns.obj : error LNK2019: unresolved external symbol __imp_IDAGetConsistentICB referenced in function main
idasRoberts_ASAi_dns.obj : error LNK2019: unresolved external symbol __imp_N_VNew_Serial referenced in function main
idasRoberts_ASAi_dns.obj : error LNK2019: unresolved external symbol __imp_SUNMatDestroy referenced in function main
idasRoberts_ASAi_dns.obj : error LNK2019: unresolved external symbol __imp_SUNDenseMatrix referenced in function main
idasRoberts_ASAi_dns.obj : error LNK2019: unresolved external symbol __imp_SUNLinSolFree referenced in function main
idasRoberts_ASAi_dns.obj : error LNK2019: unresolved external symbol __imp_SUNDenseLinearSolver referenced in function main
idasRoberts_ASAi_dns.obj : error LNK2019: unresolved external symbol __imp_IDADlsSetLinearSolver referenced in function main
idasRoberts_ASAi_dns.obj : error LNK2019: unresolved external symbol __imp_IDADlsSetJacFn referenced in function main
idasRoberts_ASAi_dns.obj : error LNK2019: unresolved external symbol __imp_IDADlsSetLinearSolverB referenced in function main
idasRoberts_ASAi_dns.obj : error LNK2019: unresolved external symbol __imp_IDADlsSetJacFnB referenced in function main
idasRoberts_ASAi_dns.obj : error LNK2019: unresolved external symbol __imp_SUNRabs referenced in function ewt
C:\oss\third_party\sundials\sundials-3.1.0-build\examples\idas\serial\Release\idasRoberts_ASAi_dns.exe : fatal error LNK1120: 42 unresolved externals
