c:\oss\third_party\sundials\sundials-3.1.0-build\src\arkode\sundials_arkode_shared.dir\release\sunmatrix_sparse.obj
c:\oss\third_party\sundials\sundials-3.1.0-build\src\arkode\sundials_arkode_shared.dir\release\sunmatrix_dense.obj
c:\oss\third_party\sundials\sundials-3.1.0-build\src\arkode\sundials_arkode_shared.dir\release\sunmatrix_band.obj
c:\oss\third_party\sundials\sundials-3.1.0-build\src\arkode\sundials_arkode_shared.dir\release\nvector_serial.obj
c:\oss\third_party\sundials\sundials-3.1.0-build\src\arkode\sundials_arkode_shared.dir\release\sundials_version.obj
c:\oss\third_party\sundials\sundials-3.1.0-build\src\arkode\sundials_arkode_shared.dir\release\sundials_iterative.obj
c:\oss\third_party\sundials\sundials-3.1.0-build\src\arkode\sundials_arkode_shared.dir\release\sundials_direct.obj
c:\oss\third_party\sundials\sundials-3.1.0-build\src\arkode\sundials_arkode_shared.dir\release\sundials_dense.obj
c:\oss\third_party\sundials\sundials-3.1.0-build\src\arkode\sundials_arkode_shared.dir\release\sundials_band.obj
c:\oss\third_party\sundials\sundials-3.1.0-build\src\arkode\sundials_arkode_shared.dir\release\sundials_math.obj
c:\oss\third_party\sundials\sundials-3.1.0-build\src\arkode\sundials_arkode_shared.dir\release\sundials_linearsolver.obj
c:\oss\third_party\sundials\sundials-3.1.0-build\src\arkode\sundials_arkode_shared.dir\release\sundials_matrix.obj
c:\oss\third_party\sundials\sundials-3.1.0-build\src\arkode\sundials_arkode_shared.dir\release\sundials_nvector.obj
c:\oss\third_party\sundials\sundials-3.1.0-build\src\arkode\sundials_arkode_shared.dir\release\arkode_spils.obj
c:\oss\third_party\sundials\sundials-3.1.0-build\src\arkode\sundials_arkode_shared.dir\release\arkode_io.obj
c:\oss\third_party\sundials\sundials-3.1.0-build\src\arkode\sundials_arkode_shared.dir\release\arkode_direct.obj
c:\oss\third_party\sundials\sundials-3.1.0-build\src\arkode\sundials_arkode_shared.dir\release\arkode_butcher.obj
c:\oss\third_party\sundials\sundials-3.1.0-build\src\arkode\sundials_arkode_shared.dir\release\arkode_bbdpre.obj
c:\oss\third_party\sundials\sundials-3.1.0-build\src\arkode\sundials_arkode_shared.dir\release\arkode_bandpre.obj
c:\oss\third_party\sundials\sundials-3.1.0-build\src\arkode\sundials_arkode_shared.dir\release\arkode.obj
c:\oss\third_party\sundials\sundials-3.1.0-build\src\arkode\sundials_arkode_shared.dir\release\sunlinsol_pcg.obj
c:\oss\third_party\sundials\sundials-3.1.0-build\src\arkode\sundials_arkode_shared.dir\release\sunlinsol_sptfqmr.obj
c:\oss\third_party\sundials\sundials-3.1.0-build\src\arkode\sundials_arkode_shared.dir\release\sunlinsol_spgmr.obj
c:\oss\third_party\sundials\sundials-3.1.0-build\src\arkode\sundials_arkode_shared.dir\release\sunlinsol_spfgmr.obj
c:\oss\third_party\sundials\sundials-3.1.0-build\src\arkode\sundials_arkode_shared.dir\release\sunlinsol_spbcgs.obj
c:\oss\third_party\sundials\sundials-3.1.0-build\src\arkode\sundials_arkode_shared.dir\release\sunlinsol_dense.obj
c:\oss\third_party\sundials\sundials-3.1.0-build\src\arkode\sundials_arkode_shared.dir\release\sunlinsol_band.obj
c:\oss\third_party\sundials\sundials-3.1.0-build\src\arkode\cmakefiles\generate.stamp
c:\oss\third_party\sundials\sundials-3.1.0-build\src\arkode\release\sundials_arkode.dll
c:\oss\third_party\sundials\sundials-3.1.0-build\src\arkode\release\sundials_arkode.lib
c:\oss\third_party\sundials\sundials-3.1.0-build\src\arkode\release\sundials_arkode.exp
c:\oss\third_party\sundials\sundials-3.1.0-build\src\arkode\sundials_arkode_shared.dir\release\sundials.c0fa6506.tlog\cl.command.1.tlog
c:\oss\third_party\sundials\sundials-3.1.0-build\src\arkode\sundials_arkode_shared.dir\release\sundials.c0fa6506.tlog\cl.read.1.tlog
c:\oss\third_party\sundials\sundials-3.1.0-build\src\arkode\sundials_arkode_shared.dir\release\sundials.c0fa6506.tlog\cl.write.1.tlog
c:\oss\third_party\sundials\sundials-3.1.0-build\src\arkode\sundials_arkode_shared.dir\release\sundials.c0fa6506.tlog\custombuild.command.1.tlog
c:\oss\third_party\sundials\sundials-3.1.0-build\src\arkode\sundials_arkode_shared.dir\release\sundials.c0fa6506.tlog\custombuild.read.1.tlog
c:\oss\third_party\sundials\sundials-3.1.0-build\src\arkode\sundials_arkode_shared.dir\release\sundials.c0fa6506.tlog\custombuild.write.1.tlog
c:\oss\third_party\sundials\sundials-3.1.0-build\src\arkode\sundials_arkode_shared.dir\release\sundials.c0fa6506.tlog\link.command.1.tlog
c:\oss\third_party\sundials\sundials-3.1.0-build\src\arkode\sundials_arkode_shared.dir\release\sundials.c0fa6506.tlog\link.read.1.tlog
c:\oss\third_party\sundials\sundials-3.1.0-build\src\arkode\sundials_arkode_shared.dir\release\sundials.c0fa6506.tlog\link.write.1.tlog
c:\oss\third_party\sundials\sundials-3.1.0-build\src\arkode\sundials_arkode_shared.dir\release\sundials.c0fa6506.tlog\sundials_arkode_shared.write.1u.tlog
