cvDirectDemo_ls.obj : error LNK2019: unresolved external symbol __imp_N_VDestroy referenced in function Problem1
cvDirectDemo_ls.obj : error LNK2019: unresolved external symbol __imp_N_VGetArrayPointer referenced in function MaxError
cvDirectDemo_ls.obj : error LNK2019: unresolved external symbol __imp_N_VConst referenced in function Problem2
cvDirectDemo_ls.obj : error LNK2019: unresolved external symbol __imp_CVodeCreate referenced in function Problem1
cvDirectDemo_ls.obj : error LNK2019: unresolved external symbol __imp_CVodeSetIterType referenced in function Problem1
cvDirectDemo_ls.obj : error LNK2019: unresolved external symbol __imp_CVodeInit referenced in function Problem1
cvDirectDemo_ls.obj : error LNK2019: unresolved external symbol __imp_CVodeReInit referenced in function Problem1
cvDirectDemo_ls.obj : error LNK2019: unresolved external symbol __imp_CVodeSStolerances referenced in function Problem1
cvDirectDemo_ls.obj : error LNK2019: unresolved external symbol __imp_CVode referenced in function Problem1
cvDirectDemo_ls.obj : error LNK2019: unresolved external symbol __imp_CVodeGetWorkSpace referenced in function PrintFinalStats
cvDirectDemo_ls.obj : error LNK2019: unresolved external symbol __imp_CVodeGetNumSteps referenced in function PrintFinalStats
cvDirectDemo_ls.obj : error LNK2019: unresolved external symbol __imp_CVodeGetNumRhsEvals referenced in function PrintFinalStats
cvDirectDemo_ls.obj : error LNK2019: unresolved external symbol __imp_CVodeGetNumLinSolvSetups referenced in function PrintFinalStats
cvDirectDemo_ls.obj : error LNK2019: unresolved external symbol __imp_CVodeGetNumErrTestFails referenced in function PrintFinalStats
cvDirectDemo_ls.obj : error LNK2019: unresolved external symbol __imp_CVodeGetLastOrder referenced in function Problem1
cvDirectDemo_ls.obj : error LNK2019: unresolved external symbol __imp_CVodeGetLastStep referenced in function Problem1
cvDirectDemo_ls.obj : error LNK2019: unresolved external symbol __imp_CVodeGetNumNonlinSolvIters referenced in function PrintFinalStats
cvDirectDemo_ls.obj : error LNK2019: unresolved external symbol __imp_CVodeGetNumNonlinSolvConvFails referenced in function PrintFinalStats
cvDirectDemo_ls.obj : error LNK2019: unresolved external symbol __imp_CVodeFree referenced in function Problem1
cvDirectDemo_ls.obj : error LNK2019: unresolved external symbol __imp_N_VNew_Serial referenced in function Problem1
cvDirectDemo_ls.obj : error LNK2019: unresolved external symbol __imp_SUNDenseMatrix referenced in function PrepareNextRun
cvDirectDemo_ls.obj : error LNK2019: unresolved external symbol __imp_SUNDenseLinearSolver referenced in function PrepareNextRun
cvDirectDemo_ls.obj : error LNK2019: unresolved external symbol __imp_SUNBandMatrix referenced in function PrepareNextRun
cvDirectDemo_ls.obj : error LNK2019: unresolved external symbol __imp_SUNBandLinearSolver referenced in function PrepareNextRun
cvDirectDemo_ls.obj : error LNK2019: unresolved external symbol __imp_CVDlsSetLinearSolver referenced in function PrepareNextRun
cvDirectDemo_ls.obj : error LNK2019: unresolved external symbol __imp_CVDlsSetJacFn referenced in function PrepareNextRun
cvDirectDemo_ls.obj : error LNK2019: unresolved external symbol __imp_CVDlsGetWorkSpace referenced in function PrintFinalStats
cvDirectDemo_ls.obj : error LNK2019: unresolved external symbol __imp_CVDlsGetNumJacEvals referenced in function PrintFinalStats
cvDirectDemo_ls.obj : error LNK2019: unresolved external symbol __imp_CVDlsGetNumRhsEvals referenced in function PrintFinalStats
cvDirectDemo_ls.obj : error LNK2019: unresolved external symbol __imp_CVDiag referenced in function PrepareNextRun
cvDirectDemo_ls.obj : error LNK2019: unresolved external symbol __imp_CVDiagGetWorkSpace referenced in function PrintFinalStats
cvDirectDemo_ls.obj : error LNK2019: unresolved external symbol __imp_CVDiagGetNumRhsEvals referenced in function PrintFinalStats
cvDirectDemo_ls.obj : error LNK2019: unresolved external symbol __imp_SUNRpowerI referenced in function MaxError
cvDirectDemo_ls.obj : error LNK2019: unresolved external symbol __imp_SUNRabs referenced in function MaxError
cvDirectDemo_ls.obj : error LNK2019: unresolved external symbol __imp_SUNRexp referenced in function MaxError
C:\oss\third_party\sundials\sundials-3.1.0-build\examples\cvode\serial\Release\cvDirectDemo_ls.exe : fatal error LNK1120: 35 unresolved externals
