cvsAdvDiff_ASAi_bnd.obj : error LNK2019: unresolved external symbol __imp_N_VDestroy referenced in function main
cvsAdvDiff_ASAi_bnd.obj : error LNK2019: unresolved external symbol __imp_N_VGetArrayPointer referenced in function PrintOutput
cvsAdvDiff_ASAi_bnd.obj : error LNK2019: unresolved external symbol __imp_N_VConst referenced in function main
cvsAdvDiff_ASAi_bnd.obj : error LNK2019: unresolved external symbol __imp_CVodeCreate referenced in function main
cvsAdvDiff_ASAi_bnd.obj : error LNK2019: unresolved external symbol __imp_CVodeInit referenced in function main
cvsAdvDiff_ASAi_bnd.obj : error LNK2019: unresolved external symbol __imp_CVodeSStolerances referenced in function main
cvsAdvDiff_ASAi_bnd.obj : error LNK2019: unresolved external symbol __imp_CVodeFree referenced in function main
cvsAdvDiff_ASAi_bnd.obj : error LNK2019: unresolved external symbol __imp_CVodeSetUserData referenced in function main
cvsAdvDiff_ASAi_bnd.obj : error LNK2019: unresolved external symbol __imp_CVodeAdjInit referenced in function main
cvsAdvDiff_ASAi_bnd.obj : error LNK2019: unresolved external symbol __imp_CVodeCreateB referenced in function main
cvsAdvDiff_ASAi_bnd.obj : error LNK2019: unresolved external symbol __imp_CVodeInitB referenced in function main
cvsAdvDiff_ASAi_bnd.obj : error LNK2019: unresolved external symbol __imp_CVodeSStolerancesB referenced in function main
cvsAdvDiff_ASAi_bnd.obj : error LNK2019: unresolved external symbol __imp_CVodeF referenced in function main
cvsAdvDiff_ASAi_bnd.obj : error LNK2019: unresolved external symbol __imp_CVodeB referenced in function main
cvsAdvDiff_ASAi_bnd.obj : error LNK2019: unresolved external symbol __imp_CVodeSetUserDataB referenced in function main
cvsAdvDiff_ASAi_bnd.obj : error LNK2019: unresolved external symbol __imp_CVodeGetB referenced in function main
cvsAdvDiff_ASAi_bnd.obj : error LNK2019: unresolved external symbol __imp_N_VNew_Serial referenced in function main
cvsAdvDiff_ASAi_bnd.obj : error LNK2019: unresolved external symbol __imp_SUNMatDestroy referenced in function main
cvsAdvDiff_ASAi_bnd.obj : error LNK2019: unresolved external symbol __imp_SUNBandMatrix referenced in function main
cvsAdvDiff_ASAi_bnd.obj : error LNK2019: unresolved external symbol __imp_SUNBandMatrix_Column referenced in function Jac
cvsAdvDiff_ASAi_bnd.obj : error LNK2019: unresolved external symbol __imp_SUNLinSolFree referenced in function main
cvsAdvDiff_ASAi_bnd.obj : error LNK2019: unresolved external symbol __imp_SUNBandLinearSolver referenced in function main
cvsAdvDiff_ASAi_bnd.obj : error LNK2019: unresolved external symbol __imp_CVDlsSetLinearSolver referenced in function main
cvsAdvDiff_ASAi_bnd.obj : error LNK2019: unresolved external symbol __imp_CVDlsSetJacFn referenced in function main
cvsAdvDiff_ASAi_bnd.obj : error LNK2019: unresolved external symbol __imp_CVDlsSetLinearSolverB referenced in function main
cvsAdvDiff_ASAi_bnd.obj : error LNK2019: unresolved external symbol __imp_CVDlsSetJacFnB referenced in function main
cvsAdvDiff_ASAi_bnd.obj : error LNK2019: unresolved external symbol __imp_SUNRabs referenced in function PrintOutput
cvsAdvDiff_ASAi_bnd.obj : error LNK2019: unresolved external symbol __imp_SUNRexp referenced in function SetIC
C:\oss\third_party\sundials\sundials-3.1.0-build\examples\cvodes\serial\Release\cvsAdvDiff_ASAi_bnd.exe : fatal error LNK1120: 28 unresolved externals
