kinFerTron_dns.obj : error LNK2019: unresolved external symbol __imp_KINCreate referenced in function main
kinFerTron_dns.obj : error LNK2019: unresolved external symbol __imp_KINSetUserData referenced in function main
kinFerTron_dns.obj : error LNK2019: unresolved external symbol __imp_KINSetMaxSetupCalls referenced in function SolveIt
kinFerTron_dns.obj : error LNK2019: unresolved external symbol __imp_KINSetFuncNormTol referenced in function main
kinFerTron_dns.obj : error LNK2019: unresolved external symbol __imp_KINSetScaledStepTol referenced in function main
kinFerTron_dns.obj : error LNK2019: unresolved external symbol __imp_KINSetConstraints referenced in function main
kinFerTron_dns.obj : error LNK2019: unresolved external symbol __imp_KINInit referenced in function main
kinFerTron_dns.obj : error LNK2019: unresolved external symbol __imp_KINSol referenced in function SolveIt
kinFerTron_dns.obj : error LNK2019: unresolved external symbol __imp_KINGetNumNonlinSolvIters referenced in function PrintFinalStats
kinFerTron_dns.obj : error LNK2019: unresolved external symbol __imp_KINGetNumFuncEvals referenced in function PrintFinalStats
kinFerTron_dns.obj : error LNK2019: unresolved external symbol __imp_KINFree referenced in function main
kinFerTron_dns.obj : error LNK2019: unresolved external symbol __imp_N_VNew_Serial referenced in function main
kinFerTron_dns.obj : error LNK2019: unresolved external symbol __imp_N_VDestroy_Serial referenced in function main
kinFerTron_dns.obj : error LNK2019: unresolved external symbol __imp_N_VGetArrayPointer_Serial referenced in function func
kinFerTron_dns.obj : error LNK2019: unresolved external symbol __imp_N_VConst_Serial referenced in function main
kinFerTron_dns.obj : error LNK2019: unresolved external symbol __imp_N_VScale_Serial referenced in function main
kinFerTron_dns.obj : error LNK2019: unresolved external symbol __imp_SUNMatDestroy referenced in function main
kinFerTron_dns.obj : error LNK2019: unresolved external symbol __imp_SUNDenseMatrix referenced in function main
kinFerTron_dns.obj : error LNK2019: unresolved external symbol __imp_SUNLinSolFree referenced in function main
kinFerTron_dns.obj : error LNK2019: unresolved external symbol __imp_KINDlsSetLinearSolver referenced in function main
kinFerTron_dns.obj : error LNK2019: unresolved external symbol __imp_KINDlsGetNumJacEvals referenced in function PrintFinalStats
kinFerTron_dns.obj : error LNK2019: unresolved external symbol __imp_KINDlsGetNumFuncEvals referenced in function PrintFinalStats
kinFerTron_dns.obj : error LNK2019: unresolved external symbol __imp_SUNDenseLinearSolver referenced in function main
kinFerTron_dns.obj : error LNK2019: unresolved external symbol __imp_SUNRexp referenced in function func
C:\oss\third_party\sundials\sundials-3.1.0-build\examples\kinsol\serial\Release\kinFerTron_dns.exe : fatal error LNK1120: 24 unresolved externals
