cvKrylovDemo_prec.obj : error LNK2019: unresolved external symbol __imp_N_VDestroy referenced in function main
cvKrylovDemo_prec.obj : error LNK2019: unresolved external symbol __imp_N_VGetArrayPointer referenced in function CInit
cvKrylovDemo_prec.obj : error LNK2019: unresolved external symbol __imp_N_VLinearSum referenced in function GSIter
cvKrylovDemo_prec.obj : error LNK2019: unresolved external symbol __imp_N_VConst referenced in function GSIter
cvKrylovDemo_prec.obj : error LNK2019: unresolved external symbol __imp_N_VScale referenced in function PSolve
cvKrylovDemo_prec.obj : error LNK2019: unresolved external symbol __imp_N_VWrmsNorm referenced in function Precond
cvKrylovDemo_prec.obj : error LNK2019: unresolved external symbol __imp_CVodeCreate referenced in function main
cvKrylovDemo_prec.obj : error LNK2019: unresolved external symbol __imp_CVodeSetUserData referenced in function main
cvKrylovDemo_prec.obj : error LNK2019: unresolved external symbol __imp_CVodeInit referenced in function main
cvKrylovDemo_prec.obj : error LNK2019: unresolved external symbol __imp_CVodeReInit referenced in function main
cvKrylovDemo_prec.obj : error LNK2019: unresolved external symbol __imp_CVodeSStolerances referenced in function main
cvKrylovDemo_prec.obj : error LNK2019: unresolved external symbol __imp_CVode referenced in function main
cvKrylovDemo_prec.obj : error LNK2019: unresolved external symbol __imp_CVodeGetWorkSpace referenced in function PrintFinalStats
cvKrylovDemo_prec.obj : error LNK2019: unresolved external symbol __imp_CVodeGetNumSteps referenced in function PrintFinalStats
cvKrylovDemo_prec.obj : error LNK2019: unresolved external symbol __imp_CVodeGetNumRhsEvals referenced in function PrintFinalStats
cvKrylovDemo_prec.obj : error LNK2019: unresolved external symbol __imp_CVodeGetNumLinSolvSetups referenced in function PrintFinalStats
cvKrylovDemo_prec.obj : error LNK2019: unresolved external symbol __imp_CVodeGetNumErrTestFails referenced in function PrintFinalStats
cvKrylovDemo_prec.obj : error LNK2019: unresolved external symbol __imp_CVodeGetLastOrder referenced in function PrintOutput
cvKrylovDemo_prec.obj : error LNK2019: unresolved external symbol __imp_CVodeGetLastStep referenced in function PrintOutput
cvKrylovDemo_prec.obj : error LNK2019: unresolved external symbol __imp_CVodeGetErrWeights referenced in function Precond
cvKrylovDemo_prec.obj : error LNK2019: unresolved external symbol __imp_CVodeGetNumNonlinSolvIters referenced in function PrintFinalStats
cvKrylovDemo_prec.obj : error LNK2019: unresolved external symbol __imp_CVodeGetNumNonlinSolvConvFails referenced in function PrintFinalStats
cvKrylovDemo_prec.obj : error LNK2019: unresolved external symbol __imp_CVodeFree referenced in function main
cvKrylovDemo_prec.obj : error LNK2019: unresolved external symbol __imp_SUNLinSolFree referenced in function main
cvKrylovDemo_prec.obj : error LNK2019: unresolved external symbol __imp_SUNSPGMR referenced in function main
cvKrylovDemo_prec.obj : error LNK2019: unresolved external symbol __imp_SUNSPGMRSetPrecType referenced in function main
cvKrylovDemo_prec.obj : error LNK2019: unresolved external symbol __imp_SUNSPGMRSetGSType referenced in function main
cvKrylovDemo_prec.obj : error LNK2019: unresolved external symbol __imp_CVSpilsSetLinearSolver referenced in function main
cvKrylovDemo_prec.obj : error LNK2019: unresolved external symbol __imp_CVSpilsSetEpsLin referenced in function main
cvKrylovDemo_prec.obj : error LNK2019: unresolved external symbol __imp_CVSpilsSetPreconditioner referenced in function main
cvKrylovDemo_prec.obj : error LNK2019: unresolved external symbol __imp_CVSpilsGetWorkSpace referenced in function PrintFinalStats
cvKrylovDemo_prec.obj : error LNK2019: unresolved external symbol __imp_CVSpilsGetNumPrecEvals referenced in function PrintFinalStats
cvKrylovDemo_prec.obj : error LNK2019: unresolved external symbol __imp_CVSpilsGetNumPrecSolves referenced in function PrintFinalStats
cvKrylovDemo_prec.obj : error LNK2019: unresolved external symbol __imp_CVSpilsGetNumLinIters referenced in function PrintFinalStats
cvKrylovDemo_prec.obj : error LNK2019: unresolved external symbol __imp_CVSpilsGetNumConvFails referenced in function PrintFinalStats
cvKrylovDemo_prec.obj : error LNK2019: unresolved external symbol __imp_CVSpilsGetNumRhsEvals referenced in function PrintFinalStats
cvKrylovDemo_prec.obj : error LNK2019: unresolved external symbol __imp_N_VNew_Serial referenced in function AllocUserData
cvKrylovDemo_prec.obj : error LNK2019: unresolved external symbol __imp_newDenseMat referenced in function AllocUserData
cvKrylovDemo_prec.obj : error LNK2019: unresolved external symbol __imp_destroyMat referenced in function main
cvKrylovDemo_prec.obj : error LNK2019: unresolved external symbol __imp_newIndexArray referenced in function AllocUserData
cvKrylovDemo_prec.obj : error LNK2019: unresolved external symbol __imp_destroyArray referenced in function main
cvKrylovDemo_prec.obj : error LNK2019: unresolved external symbol __imp_denseGETRF referenced in function Precond
cvKrylovDemo_prec.obj : error LNK2019: unresolved external symbol __imp_denseGETRS referenced in function PSolve
cvKrylovDemo_prec.obj : error LNK2019: unresolved external symbol __imp_denseAddIdentity referenced in function Precond
cvKrylovDemo_prec.obj : error LNK2019: unresolved external symbol __imp_SUNRsqrt referenced in function InitUserData
cvKrylovDemo_prec.obj : error LNK2019: unresolved external symbol __imp_SUNRabs referenced in function Precond
C:\oss\third_party\sundials\sundials-3.1.0-build\examples\cvode\serial\Release\cvKrylovDemo_prec.exe : fatal error LNK1120: 46 unresolved externals
