c:\oss\third_party\sundials\sundials-3.1.0-build\cmakefiles\generate.stamp
c:\oss\third_party\sundials\sundials-3.1.0-build\src\sundials\cmakefiles\generate.stamp
c:\oss\third_party\sundials\sundials-3.1.0-build\src\nvec_ser\cmakefiles\generate.stamp
c:\oss\third_party\sundials\sundials-3.1.0-build\src\sunmat_dense\cmakefiles\generate.stamp
c:\oss\third_party\sundials\sundials-3.1.0-build\src\sunmat_band\cmakefiles\generate.stamp
c:\oss\third_party\sundials\sundials-3.1.0-build\src\sunmat_sparse\cmakefiles\generate.stamp
c:\oss\third_party\sundials\sundials-3.1.0-build\src\sunlinsol_band\cmakefiles\generate.stamp
c:\oss\third_party\sundials\sundials-3.1.0-build\src\sunlinsol_dense\cmakefiles\generate.stamp
c:\oss\third_party\sundials\sundials-3.1.0-build\src\sunlinsol_spgmr\cmakefiles\generate.stamp
c:\oss\third_party\sundials\sundials-3.1.0-build\src\sunlinsol_spfgmr\cmakefiles\generate.stamp
c:\oss\third_party\sundials\sundials-3.1.0-build\src\sunlinsol_spbcgs\cmakefiles\generate.stamp
c:\oss\third_party\sundials\sundials-3.1.0-build\src\sunlinsol_sptfqmr\cmakefiles\generate.stamp
c:\oss\third_party\sundials\sundials-3.1.0-build\src\sunlinsol_pcg\cmakefiles\generate.stamp
c:\oss\third_party\sundials\sundials-3.1.0-build\src\arkode\cmakefiles\generate.stamp
c:\oss\third_party\sundials\sundials-3.1.0-build\src\cvode\cmakefiles\generate.stamp
c:\oss\third_party\sundials\sundials-3.1.0-build\src\cvodes\cmakefiles\generate.stamp
c:\oss\third_party\sundials\sundials-3.1.0-build\src\ida\cmakefiles\generate.stamp
c:\oss\third_party\sundials\sundials-3.1.0-build\src\idas\cmakefiles\generate.stamp
c:\oss\third_party\sundials\sundials-3.1.0-build\src\kinsol\cmakefiles\generate.stamp
c:\oss\third_party\sundials\sundials-3.1.0-build\examples\arkode\c_serial\cmakefiles\generate.stamp
c:\oss\third_party\sundials\sundials-3.1.0-build\examples\cvode\serial\cmakefiles\generate.stamp
c:\oss\third_party\sundials\sundials-3.1.0-build\examples\cvodes\serial\cmakefiles\generate.stamp
c:\oss\third_party\sundials\sundials-3.1.0-build\examples\ida\serial\cmakefiles\generate.stamp
c:\oss\third_party\sundials\sundials-3.1.0-build\examples\idas\serial\cmakefiles\generate.stamp
c:\oss\third_party\sundials\sundials-3.1.0-build\examples\kinsol\serial\cmakefiles\generate.stamp
c:\oss\third_party\sundials\sundials-3.1.0-build\examples\nvector\serial\cmakefiles\generate.stamp
c:\oss\third_party\sundials\sundials-3.1.0-build\examples\sunmatrix\dense\cmakefiles\generate.stamp
c:\oss\third_party\sundials\sundials-3.1.0-build\examples\sunmatrix\band\cmakefiles\generate.stamp
c:\oss\third_party\sundials\sundials-3.1.0-build\examples\sunmatrix\sparse\cmakefiles\generate.stamp
c:\oss\third_party\sundials\sundials-3.1.0-build\examples\sunlinsol\band\cmakefiles\generate.stamp
c:\oss\third_party\sundials\sundials-3.1.0-build\examples\sunlinsol\dense\cmakefiles\generate.stamp
c:\oss\third_party\sundials\sundials-3.1.0-build\examples\sunlinsol\spgmr\serial\cmakefiles\generate.stamp
c:\oss\third_party\sundials\sundials-3.1.0-build\examples\sunlinsol\spfgmr\serial\cmakefiles\generate.stamp
c:\oss\third_party\sundials\sundials-3.1.0-build\examples\sunlinsol\spbcgs\serial\cmakefiles\generate.stamp
c:\oss\third_party\sundials\sundials-3.1.0-build\examples\sunlinsol\sptfqmr\serial\cmakefiles\generate.stamp
c:\oss\third_party\sundials\sundials-3.1.0-build\examples\sunlinsol\pcg\serial\cmakefiles\generate.stamp
c:\oss\third_party\sundials\sundials-3.1.0-build\x64\release\zero_check\zero_check.tlog\custombuild.command.1.tlog
c:\oss\third_party\sundials\sundials-3.1.0-build\x64\release\zero_check\zero_check.tlog\custombuild.read.1.tlog
c:\oss\third_party\sundials\sundials-3.1.0-build\x64\release\zero_check\zero_check.tlog\custombuild.write.1.tlog
