idaSlCrank_dns.obj : error LNK2019: unresolved external symbol __imp_N_VDestroy referenced in function main
idaSlCrank_dns.obj : error LNK2019: unresolved external symbol __imp_N_VGetArrayPointer referenced in function PrintOutput
idaSlCrank_dns.obj : error LNK2019: unresolved external symbol __imp_N_VConst referenced in function main
idaSlCrank_dns.obj : error LNK2019: unresolved external symbol __imp_IDACreate referenced in function main
idaSlCrank_dns.obj : error LNK2019: unresolved external symbol __imp_IDASetUserData referenced in function main
idaSlCrank_dns.obj : error LNK2019: unresolved external symbol __imp_IDASetSuppressAlg referenced in function main
idaSlCrank_dns.obj : error LNK2019: unresolved external symbol __imp_IDASetId referenced in function main
idaSlCrank_dns.obj : error LNK2019: unresolved external symbol __imp_IDAInit referenced in function main
idaSlCrank_dns.obj : error LNK2019: unresolved external symbol __imp_IDASStolerances referenced in function main
idaSlCrank_dns.obj : error LNK2019: unresolved external symbol __imp_IDASolve referenced in function main
idaSlCrank_dns.obj : error LNK2019: unresolved external symbol __imp_IDAGetNumSteps referenced in function PrintFinalStats
idaSlCrank_dns.obj : error LNK2019: unresolved external symbol __imp_IDAGetNumResEvals referenced in function PrintFinalStats
idaSlCrank_dns.obj : error LNK2019: unresolved external symbol __imp_IDAGetNumErrTestFails referenced in function PrintFinalStats
idaSlCrank_dns.obj : error LNK2019: unresolved external symbol __imp_IDAGetLastOrder referenced in function PrintOutput
idaSlCrank_dns.obj : error LNK2019: unresolved external symbol __imp_IDAGetLastStep referenced in function PrintOutput
idaSlCrank_dns.obj : error LNK2019: unresolved external symbol __imp_IDAGetNumNonlinSolvIters referenced in function PrintFinalStats
idaSlCrank_dns.obj : error LNK2019: unresolved external symbol __imp_IDAGetNumNonlinSolvConvFails referenced in function PrintFinalStats
idaSlCrank_dns.obj : error LNK2019: unresolved external symbol __imp_IDAFree referenced in function main
idaSlCrank_dns.obj : error LNK2019: unresolved external symbol __imp_N_VNew_Serial referenced in function main
idaSlCrank_dns.obj : error LNK2019: unresolved external symbol __imp_SUNMatDestroy referenced in function main
idaSlCrank_dns.obj : error LNK2019: unresolved external symbol __imp_SUNDenseMatrix referenced in function main
idaSlCrank_dns.obj : error LNK2019: unresolved external symbol __imp_SUNLinSolFree referenced in function main
idaSlCrank_dns.obj : error LNK2019: unresolved external symbol __imp_SUNDenseLinearSolver referenced in function main
idaSlCrank_dns.obj : error LNK2019: unresolved external symbol __imp_IDADlsSetLinearSolver referenced in function main
idaSlCrank_dns.obj : error LNK2019: unresolved external symbol __imp_IDADlsGetNumJacEvals referenced in function PrintFinalStats
idaSlCrank_dns.obj : error LNK2019: unresolved external symbol __imp_IDADlsGetNumResEvals referenced in function PrintFinalStats
idaSlCrank_dns.obj : error LNK2019: unresolved external symbol __imp_SUNRsqrt referenced in function force
C:\oss\third_party\sundials\sundials-3.1.0-build\examples\ida\serial\Release\idaSlCrank_dns.exe : fatal error LNK1120: 27 unresolved externals
