cvsHessian_ASA_FSA.obj : error LNK2019: unresolved external symbol __imp_N_VDestroy referenced in function main
cvsHessian_ASA_FSA.obj : error LNK2019: unresolved external symbol __imp_N_VConst referenced in function main
cvsHessian_ASA_FSA.obj : error LNK2019: unresolved external symbol __imp_N_VCloneVectorArray referenced in function main
cvsHessian_ASA_FSA.obj : error LNK2019: unresolved external symbol __imp_N_VDestroyVectorArray referenced in function main
cvsHessian_ASA_FSA.obj : error LNK2019: unresolved external symbol __imp_CVodeCreate referenced in function main
cvsHessian_ASA_FSA.obj : error LNK2019: unresolved external symbol __imp_CVodeInit referenced in function main
cvsHessian_ASA_FSA.obj : error LNK2019: unresolved external symbol __imp_CVodeReInit referenced in function main
cvsHessian_ASA_FSA.obj : error LNK2019: unresolved external symbol __imp_CVodeSStolerances referenced in function main
cvsHessian_ASA_FSA.obj : error LNK2019: unresolved external symbol __imp_CVodeQuadInit referenced in function main
cvsHessian_ASA_FSA.obj : error LNK2019: unresolved external symbol __imp_CVodeQuadReInit referenced in function main
cvsHessian_ASA_FSA.obj : error LNK2019: unresolved external symbol __imp_CVodeQuadSStolerances referenced in function main
cvsHessian_ASA_FSA.obj : error LNK2019: unresolved external symbol __imp_CVodeSensInit referenced in function main
cvsHessian_ASA_FSA.obj : error LNK2019: unresolved external symbol __imp_CVodeSensEEtolerances referenced in function main
cvsHessian_ASA_FSA.obj : error LNK2019: unresolved external symbol __imp_CVodeQuadSensInit referenced in function main
cvsHessian_ASA_FSA.obj : error LNK2019: unresolved external symbol __imp_CVodeQuadSensEEtolerances referenced in function main
cvsHessian_ASA_FSA.obj : error LNK2019: unresolved external symbol __imp_CVodeFree referenced in function main
cvsHessian_ASA_FSA.obj : error LNK2019: unresolved external symbol __imp_CVodeSetUserData referenced in function main
cvsHessian_ASA_FSA.obj : error LNK2019: unresolved external symbol __imp_CVodeSetQuadErrCon referenced in function main
cvsHessian_ASA_FSA.obj : error LNK2019: unresolved external symbol __imp_CVodeSetSensErrCon referenced in function main
cvsHessian_ASA_FSA.obj : error LNK2019: unresolved external symbol __imp_CVodeSetQuadSensErrCon referenced in function main
cvsHessian_ASA_FSA.obj : error LNK2019: unresolved external symbol __imp_CVode referenced in function main
cvsHessian_ASA_FSA.obj : error LNK2019: unresolved external symbol __imp_CVodeGetQuad referenced in function main
cvsHessian_ASA_FSA.obj : error LNK2019: unresolved external symbol __imp_CVodeGetSens referenced in function main
cvsHessian_ASA_FSA.obj : error LNK2019: unresolved external symbol __imp_CVodeGetQuadSens referenced in function main
cvsHessian_ASA_FSA.obj : error LNK2019: unresolved external symbol __imp_CVodeGetIntegratorStats referenced in function PrintBckStats
cvsHessian_ASA_FSA.obj : error LNK2019: unresolved external symbol __imp_CVodeGetNonlinSolvStats referenced in function PrintBckStats
cvsHessian_ASA_FSA.obj : error LNK2019: unresolved external symbol __imp_CVodeGetQuadStats referenced in function PrintBckStats
cvsHessian_ASA_FSA.obj : error LNK2019: unresolved external symbol __imp_CVodeGetSensStats referenced in function PrintFwdStats
cvsHessian_ASA_FSA.obj : error LNK2019: unresolved external symbol __imp_CVodeGetSensNonlinSolvStats referenced in function PrintFwdStats
cvsHessian_ASA_FSA.obj : error LNK2019: unresolved external symbol __imp_CVodeGetQuadSensStats referenced in function PrintFwdStats
cvsHessian_ASA_FSA.obj : error LNK2019: unresolved external symbol __imp_CVodeAdjInit referenced in function main
cvsHessian_ASA_FSA.obj : error LNK2019: unresolved external symbol __imp_CVodeCreateB referenced in function main
cvsHessian_ASA_FSA.obj : error LNK2019: unresolved external symbol __imp_CVodeInitBS referenced in function main
cvsHessian_ASA_FSA.obj : error LNK2019: unresolved external symbol __imp_CVodeSStolerancesB referenced in function main
cvsHessian_ASA_FSA.obj : error LNK2019: unresolved external symbol __imp_CVodeQuadInitBS referenced in function main
cvsHessian_ASA_FSA.obj : error LNK2019: unresolved external symbol __imp_CVodeQuadSStolerancesB referenced in function main
cvsHessian_ASA_FSA.obj : error LNK2019: unresolved external symbol __imp_CVodeF referenced in function main
cvsHessian_ASA_FSA.obj : error LNK2019: unresolved external symbol __imp_CVodeB referenced in function main
cvsHessian_ASA_FSA.obj : error LNK2019: unresolved external symbol __imp_CVodeSetUserDataB referenced in function main
cvsHessian_ASA_FSA.obj : error LNK2019: unresolved external symbol __imp_CVodeSetQuadErrConB referenced in function main
cvsHessian_ASA_FSA.obj : error LNK2019: unresolved external symbol __imp_CVodeGetB referenced in function main
cvsHessian_ASA_FSA.obj : error LNK2019: unresolved external symbol __imp_CVodeGetQuadB referenced in function main
cvsHessian_ASA_FSA.obj : error LNK2019: unresolved external symbol __imp_CVodeGetAdjCVodeBmem referenced in function PrintBckStats
cvsHessian_ASA_FSA.obj : error LNK2019: unresolved external symbol __imp_N_VNew_Serial referenced in function main
cvsHessian_ASA_FSA.obj : error LNK2019: unresolved external symbol __imp_SUNMatDestroy referenced in function main
cvsHessian_ASA_FSA.obj : error LNK2019: unresolved external symbol __imp_SUNDenseMatrix referenced in function main
cvsHessian_ASA_FSA.obj : error LNK2019: unresolved external symbol __imp_SUNLinSolFree referenced in function main
cvsHessian_ASA_FSA.obj : error LNK2019: unresolved external symbol __imp_SUNDenseLinearSolver referenced in function main
cvsHessian_ASA_FSA.obj : error LNK2019: unresolved external symbol __imp_CVDlsSetLinearSolver referenced in function main
cvsHessian_ASA_FSA.obj : error LNK2019: unresolved external symbol __imp_CVDlsSetLinearSolverB referenced in function main
C:\oss\third_party\sundials\sundials-3.1.0-build\examples\cvodes\serial\Release\cvsHessian_ASA_FSA.exe : fatal error LNK1120: 50 unresolved externals
