idasKrylovDemo_ls.obj : error LNK2019: unresolved external symbol __imp_N_VDestroy referenced in function main
idasKrylovDemo_ls.obj : error LNK2019: unresolved external symbol __imp_N_VGetArrayPointer referenced in function PsetupHeat
idasKrylovDemo_ls.obj : error LNK2019: unresolved external symbol __imp_N_VConst referenced in function PsetupHeat
idasKrylovDemo_ls.obj : error LNK2019: unresolved external symbol __imp_N_VProd referenced in function PsolveHeat
idasKrylovDemo_ls.obj : error LNK2019: unresolved external symbol __imp_N_VScale referenced in function SetInitialProfile
idasKrylovDemo_ls.obj : error LNK2019: unresolved external symbol __imp_N_VMaxNorm referenced in function PrintOutput
idasKrylovDemo_ls.obj : error LNK2019: unresolved external symbol __imp_IDACreate referenced in function main
idasKrylovDemo_ls.obj : error LNK2019: unresolved external symbol __imp_IDASetUserData referenced in function main
idasKrylovDemo_ls.obj : error LNK2019: unresolved external symbol __imp_IDASetConstraints referenced in function main
idasKrylovDemo_ls.obj : error LNK2019: unresolved external symbol __imp_IDAInit referenced in function main
idasKrylovDemo_ls.obj : error LNK2019: unresolved external symbol __imp_IDAReInit referenced in function main
idasKrylovDemo_ls.obj : error LNK2019: unresolved external symbol __imp_IDASStolerances referenced in function main
idasKrylovDemo_ls.obj : error LNK2019: unresolved external symbol __imp_IDASolve referenced in function main
idasKrylovDemo_ls.obj : error LNK2019: unresolved external symbol __imp_IDAGetNumSteps referenced in function PrintOutput
idasKrylovDemo_ls.obj : error LNK2019: unresolved external symbol __imp_IDAGetNumResEvals referenced in function PrintOutput
idasKrylovDemo_ls.obj : error LNK2019: unresolved external symbol __imp_IDAGetNumErrTestFails referenced in function main
idasKrylovDemo_ls.obj : error LNK2019: unresolved external symbol __imp_IDAGetLastOrder referenced in function PrintOutput
idasKrylovDemo_ls.obj : error LNK2019: unresolved external symbol __imp_IDAGetLastStep referenced in function PrintOutput
idasKrylovDemo_ls.obj : error LNK2019: unresolved external symbol __imp_IDAGetNumNonlinSolvIters referenced in function PrintOutput
idasKrylovDemo_ls.obj : error LNK2019: unresolved external symbol __imp_IDAGetNumNonlinSolvConvFails referenced in function main
idasKrylovDemo_ls.obj : error LNK2019: unresolved external symbol __imp_IDAFree referenced in function main
idasKrylovDemo_ls.obj : error LNK2019: unresolved external symbol __imp_SUNLinSolFree referenced in function main
idasKrylovDemo_ls.obj : error LNK2019: unresolved external symbol __imp_IDASpilsSetLinearSolver referenced in function main
idasKrylovDemo_ls.obj : error LNK2019: unresolved external symbol __imp_IDASpilsSetPreconditioner referenced in function main
idasKrylovDemo_ls.obj : error LNK2019: unresolved external symbol __imp_IDASpilsGetNumPrecEvals referenced in function PrintOutput
idasKrylovDemo_ls.obj : error LNK2019: unresolved external symbol __imp_IDASpilsGetNumPrecSolves referenced in function PrintOutput
idasKrylovDemo_ls.obj : error LNK2019: unresolved external symbol __imp_IDASpilsGetNumLinIters referenced in function PrintOutput
idasKrylovDemo_ls.obj : error LNK2019: unresolved external symbol __imp_IDASpilsGetNumConvFails referenced in function main
idasKrylovDemo_ls.obj : error LNK2019: unresolved external symbol __imp_IDASpilsGetNumJtimesEvals referenced in function PrintOutput
idasKrylovDemo_ls.obj : error LNK2019: unresolved external symbol __imp_IDASpilsGetNumResEvals referenced in function PrintOutput
idasKrylovDemo_ls.obj : error LNK2019: unresolved external symbol __imp_SUNSPGMR referenced in function main
idasKrylovDemo_ls.obj : error LNK2019: unresolved external symbol __imp_SUNSPBCGS referenced in function main
idasKrylovDemo_ls.obj : error LNK2019: unresolved external symbol __imp_SUNSPTFQMR referenced in function main
idasKrylovDemo_ls.obj : error LNK2019: unresolved external symbol __imp_N_VNew_Serial referenced in function main
C:\oss\third_party\sundials\sundials-3.1.0-build\examples\idas\serial\Release\idasKrylovDemo_ls.exe : fatal error LNK1120: 34 unresolved externals
