idasAkzoNob_ASAi_dns.obj : error LNK2019: unresolved external symbol __imp_N_VDestroy referenced in function main
idasAkzoNob_ASAi_dns.obj : error LNK2019: unresolved external symbol __imp_N_VConst referenced in function main
idasAkzoNob_ASAi_dns.obj : error LNK2019: unresolved external symbol __imp_N_VScale referenced in function main
idasAkzoNob_ASAi_dns.obj : error LNK2019: unresolved external symbol __imp_IDACreate referenced in function main
idasAkzoNob_ASAi_dns.obj : error LNK2019: unresolved external symbol __imp_IDASetUserData referenced in function main
idasAkzoNob_ASAi_dns.obj : error LNK2019: unresolved external symbol __imp_IDAInit referenced in function main
idasAkzoNob_ASAi_dns.obj : error LNK2019: unresolved external symbol __imp_IDASStolerances referenced in function main
idasAkzoNob_ASAi_dns.obj : error LNK2019: unresolved external symbol __imp_IDASetQuadErrCon referenced in function main
idasAkzoNob_ASAi_dns.obj : error LNK2019: unresolved external symbol __imp_IDAQuadInit referenced in function main
idasAkzoNob_ASAi_dns.obj : error LNK2019: unresolved external symbol __imp_IDAQuadSStolerances referenced in function main
idasAkzoNob_ASAi_dns.obj : error LNK2019: unresolved external symbol __imp_IDAGetNumSteps referenced in function main
idasAkzoNob_ASAi_dns.obj : error LNK2019: unresolved external symbol __imp_IDAGetQuad referenced in function main
idasAkzoNob_ASAi_dns.obj : error LNK2019: unresolved external symbol __imp_IDAFree referenced in function main
idasAkzoNob_ASAi_dns.obj : error LNK2019: unresolved external symbol __imp_IDAAdjInit referenced in function main
idasAkzoNob_ASAi_dns.obj : error LNK2019: unresolved external symbol __imp_IDACreateB referenced in function main
idasAkzoNob_ASAi_dns.obj : error LNK2019: unresolved external symbol __imp_IDAInitB referenced in function main
idasAkzoNob_ASAi_dns.obj : error LNK2019: unresolved external symbol __imp_IDASStolerancesB referenced in function main
idasAkzoNob_ASAi_dns.obj : error LNK2019: unresolved external symbol __imp_IDASolveF referenced in function main
idasAkzoNob_ASAi_dns.obj : error LNK2019: unresolved external symbol __imp_IDASolveB referenced in function main
idasAkzoNob_ASAi_dns.obj : error LNK2019: unresolved external symbol __imp_IDASetUserDataB referenced in function main
idasAkzoNob_ASAi_dns.obj : error LNK2019: unresolved external symbol __imp_IDASetMaxNumStepsB referenced in function main
idasAkzoNob_ASAi_dns.obj : error LNK2019: unresolved external symbol __imp_IDAGetB referenced in function main
idasAkzoNob_ASAi_dns.obj : error LNK2019: unresolved external symbol __imp_IDAGetAdjIDABmem referenced in function main
idasAkzoNob_ASAi_dns.obj : error LNK2019: unresolved external symbol __imp_N_VNew_Serial referenced in function main
idasAkzoNob_ASAi_dns.obj : error LNK2019: unresolved external symbol __imp_SUNMatDestroy referenced in function main
idasAkzoNob_ASAi_dns.obj : error LNK2019: unresolved external symbol __imp_SUNDenseMatrix referenced in function main
idasAkzoNob_ASAi_dns.obj : error LNK2019: unresolved external symbol __imp_SUNLinSolFree referenced in function main
idasAkzoNob_ASAi_dns.obj : error LNK2019: unresolved external symbol __imp_SUNDenseLinearSolver referenced in function main
idasAkzoNob_ASAi_dns.obj : error LNK2019: unresolved external symbol __imp_IDADlsSetLinearSolver referenced in function main
idasAkzoNob_ASAi_dns.obj : error LNK2019: unresolved external symbol __imp_IDADlsSetLinearSolverB referenced in function main
idasAkzoNob_ASAi_dns.obj : error LNK2019: unresolved external symbol __imp_SUNRpowerI referenced in function res
idasAkzoNob_ASAi_dns.obj : error LNK2019: unresolved external symbol __imp_SUNRsqrt referenced in function res
C:\oss\third_party\sundials\sundials-3.1.0-build\examples\idas\serial\Release\idasAkzoNob_ASAi_dns.exe : fatal error LNK1120: 32 unresolved externals
