idaFoodWeb_kry.obj : error LNK2019: unresolved external symbol __imp_N_VDestroy referenced in function main
idaFoodWeb_kry.obj : error LNK2019: unresolved external symbol __imp_N_VGetArrayPointer referenced in function SetInitialProfiles
idaFoodWeb_kry.obj : error LNK2019: unresolved external symbol __imp_N_VScale referenced in function PSolve
idaFoodWeb_kry.obj : error LNK2019: unresolved external symbol __imp_IDACreate referenced in function main
idaFoodWeb_kry.obj : error LNK2019: unresolved external symbol __imp_IDASetUserData referenced in function main
idaFoodWeb_kry.obj : error LNK2019: unresolved external symbol __imp_IDASetId referenced in function main
idaFoodWeb_kry.obj : error LNK2019: unresolved external symbol __imp_IDAInit referenced in function main
idaFoodWeb_kry.obj : error LNK2019: unresolved external symbol __imp_IDASStolerances referenced in function main
idaFoodWeb_kry.obj : error LNK2019: unresolved external symbol __imp_IDACalcIC referenced in function main
idaFoodWeb_kry.obj : error LNK2019: unresolved external symbol __imp_IDASolve referenced in function main
idaFoodWeb_kry.obj : error LNK2019: unresolved external symbol __imp_IDAGetNumSteps referenced in function PrintFinalStats
idaFoodWeb_kry.obj : error LNK2019: unresolved external symbol __imp_IDAGetNumResEvals referenced in function PrintFinalStats
idaFoodWeb_kry.obj : error LNK2019: unresolved external symbol __imp_IDAGetNumErrTestFails referenced in function PrintFinalStats
idaFoodWeb_kry.obj : error LNK2019: unresolved external symbol __imp_IDAGetLastOrder referenced in function PrintOutput
idaFoodWeb_kry.obj : error LNK2019: unresolved external symbol __imp_IDAGetLastStep referenced in function PrintOutput
idaFoodWeb_kry.obj : error LNK2019: unresolved external symbol __imp_IDAGetCurrentStep referenced in function Precond
idaFoodWeb_kry.obj : error LNK2019: unresolved external symbol __imp_IDAGetErrWeights referenced in function Precond
idaFoodWeb_kry.obj : error LNK2019: unresolved external symbol __imp_IDAFree referenced in function main
idaFoodWeb_kry.obj : error LNK2019: unresolved external symbol __imp_N_VNew_Serial referenced in function main
idaFoodWeb_kry.obj : error LNK2019: unresolved external symbol __imp_SUNLinSolFree referenced in function main
idaFoodWeb_kry.obj : error LNK2019: unresolved external symbol __imp_IDASpilsSetLinearSolver referenced in function main
idaFoodWeb_kry.obj : error LNK2019: unresolved external symbol __imp_IDASpilsSetPreconditioner referenced in function main
idaFoodWeb_kry.obj : error LNK2019: unresolved external symbol __imp_IDASpilsGetNumPrecEvals referenced in function PrintFinalStats
idaFoodWeb_kry.obj : error LNK2019: unresolved external symbol __imp_IDASpilsGetNumPrecSolves referenced in function PrintFinalStats
idaFoodWeb_kry.obj : error LNK2019: unresolved external symbol __imp_IDASpilsGetNumLinIters referenced in function PrintFinalStats
idaFoodWeb_kry.obj : error LNK2019: unresolved external symbol __imp_IDASpilsGetNumResEvals referenced in function PrintFinalStats
idaFoodWeb_kry.obj : error LNK2019: unresolved external symbol __imp_SUNSPGMR referenced in function main
idaFoodWeb_kry.obj : error LNK2019: unresolved external symbol __imp_SUNSPGMRSetMaxRestarts referenced in function main
idaFoodWeb_kry.obj : error LNK2019: unresolved external symbol __imp_newDenseMat referenced in function main
idaFoodWeb_kry.obj : error LNK2019: unresolved external symbol __imp_destroyMat referenced in function main
idaFoodWeb_kry.obj : error LNK2019: unresolved external symbol __imp_newIndexArray referenced in function main
idaFoodWeb_kry.obj : error LNK2019: unresolved external symbol __imp_destroyArray referenced in function main
idaFoodWeb_kry.obj : error LNK2019: unresolved external symbol __imp_denseGETRF referenced in function Precond
idaFoodWeb_kry.obj : error LNK2019: unresolved external symbol __imp_denseGETRS referenced in function PSolve
idaFoodWeb_kry.obj : error LNK2019: unresolved external symbol __imp_SUNRsqrt referenced in function Precond
idaFoodWeb_kry.obj : error LNK2019: unresolved external symbol __imp_SUNRabs referenced in function Precond
C:\oss\third_party\sundials\sundials-3.1.0-build\examples\ida\serial\Release\idaFoodWeb_kry.exe : fatal error LNK1120: 36 unresolved externals
