  Building Custom Rule C:/oss/third_party/sundials/sundials-3.1.0/src/kinsol/CMakeLists.txt
  CMake does not need to re-run because C:/oss/third_party/sundials/sundials-3.1.0-build/src/kinsol/CMakeFiles/generate.stamp is up-to-date.
  kinsol.c
C:\oss\third_party\sundials\sundials-3.1.0\src\kinsol\kinsol.c(243): warning C4244: '=': conversion from 'double' to 'sunindextype', possible loss of data
  kinsol_io.c
  kinsol_direct.c
  kinsol_spils.c
  kinsol_bbdpre.c
  sundials_nvector.c
  sundials_matrix.c
  sundials_linearsolver.c
  sundials_math.c
  sundials_band.c
  sundials_dense.c
  sundials_direct.c
  sundials_iterative.c
  sundials_version.c
  nvector_serial.c
  sunmatrix_band.c
  sunmatrix_dense.c
  sunmatrix_sparse.c
  sunlinsol_band.c
  sunlinsol_dense.c
  Generating Code...
  Compiling...
  sunlinsol_spbcgs.c
  sunlinsol_spfgmr.c
  sunlinsol_spgmr.c
  sunlinsol_sptfqmr.c
  sunlinsol_pcg.c
  Generating Code...
  sundials_kinsol_static.vcxproj -> C:\oss\third_party\sundials\sundials-3.1.0-build\src\kinsol\Release\sundials_kinsol.lib
