c:\oss\third_party\fftw\fftw-3.2.2\fftw-3.2.2-libs\libfftw-3.2.2\release\vc140.pdb
c:\oss\third_party\fftw\fftw-3.2.2\fftw-3.2.2-libs\libfftw-3.2.2\release\api\import-wisdom.obj
c:\oss\third_party\fftw\fftw-3.2.2\fftw-3.2.2-libs\libfftw-3.2.2\release\api\import-wisdom-from-string.obj
c:\oss\third_party\fftw\fftw-3.2.2\fftw-3.2.2-libs\libfftw-3.2.2\release\api\import-wisdom-from-file.obj
c:\oss\third_party\fftw\fftw-3.2.2\fftw-3.2.2-libs\libfftw-3.2.2\release\api\import-system-wisdom.obj
c:\oss\third_party\fftw\fftw-3.2.2\fftw-3.2.2-libs\libfftw-3.2.2\release\api\forget-wisdom.obj
c:\oss\third_party\fftw\fftw-3.2.2\fftw-3.2.2-libs\libfftw-3.2.2\release\api\flops.obj
c:\oss\third_party\fftw\fftw-3.2.2\fftw-3.2.2-libs\libfftw-3.2.2\release\api\f77api.obj
c:\oss\third_party\fftw\fftw-3.2.2\fftw-3.2.2-libs\libfftw-3.2.2\release\api\export-wisdom.obj
c:\oss\third_party\fftw\fftw-3.2.2\fftw-3.2.2-libs\libfftw-3.2.2\release\api\export-wisdom-to-string.obj
c:\oss\third_party\fftw\fftw-3.2.2\fftw-3.2.2-libs\libfftw-3.2.2\release\api\export-wisdom-to-file.obj
c:\oss\third_party\fftw\fftw-3.2.2\fftw-3.2.2-libs\libfftw-3.2.2\release\api\execute.obj
c:\oss\third_party\fftw\fftw-3.2.2\fftw-3.2.2-libs\libfftw-3.2.2\release\api\execute-split-dft.obj
c:\oss\third_party\fftw\fftw-3.2.2\fftw-3.2.2-libs\libfftw-3.2.2\release\api\execute-split-dft-r2c.obj
c:\oss\third_party\fftw\fftw-3.2.2\fftw-3.2.2-libs\libfftw-3.2.2\release\api\execute-split-dft-c2r.obj
c:\oss\third_party\fftw\fftw-3.2.2\fftw-3.2.2-libs\libfftw-3.2.2\release\api\execute-r2r.obj
c:\oss\third_party\fftw\fftw-3.2.2\fftw-3.2.2-libs\libfftw-3.2.2\release\api\execute-dft.obj
c:\oss\third_party\fftw\fftw-3.2.2\fftw-3.2.2-libs\libfftw-3.2.2\release\api\execute-dft-r2c.obj
c:\oss\third_party\fftw\fftw-3.2.2\fftw-3.2.2-libs\libfftw-3.2.2\release\api\execute-dft-c2r.obj
c:\oss\third_party\fftw\fftw-3.2.2\fftw-3.2.2-libs\libfftw-3.2.2\release\api\configure.obj
c:\oss\third_party\fftw\fftw-3.2.2\fftw-3.2.2-libs\libfftw-3.2.2\release\api\apiplan.obj
c:\oss\third_party\fftw\fftw-3.2.2\fftw-3.2.2-libs\libfftw-3.2.2\release\api\plan-guru-dft-c2r.obj
c:\oss\third_party\fftw\fftw-3.2.2\fftw-3.2.2-libs\libfftw-3.2.2\release\api\plan-dft.obj
c:\oss\third_party\fftw\fftw-3.2.2\fftw-3.2.2-libs\libfftw-3.2.2\release\api\plan-dft-r2c.obj
c:\oss\third_party\fftw\fftw-3.2.2\fftw-3.2.2-libs\libfftw-3.2.2\release\api\plan-dft-r2c-3d.obj
c:\oss\third_party\fftw\fftw-3.2.2\fftw-3.2.2-libs\libfftw-3.2.2\release\api\plan-dft-r2c-2d.obj
c:\oss\third_party\fftw\fftw-3.2.2\fftw-3.2.2-libs\libfftw-3.2.2\release\api\plan-dft-r2c-1d.obj
c:\oss\third_party\fftw\fftw-3.2.2\fftw-3.2.2-libs\libfftw-3.2.2\release\api\plan-dft-c2r.obj
c:\oss\third_party\fftw\fftw-3.2.2\fftw-3.2.2-libs\libfftw-3.2.2\release\api\plan-dft-c2r-3d.obj
c:\oss\third_party\fftw\fftw-3.2.2\fftw-3.2.2-libs\libfftw-3.2.2\release\api\plan-dft-c2r-2d.obj
c:\oss\third_party\fftw\fftw-3.2.2\fftw-3.2.2-libs\libfftw-3.2.2\release\api\plan-dft-c2r-1d.obj
c:\oss\third_party\fftw\fftw-3.2.2\fftw-3.2.2-libs\libfftw-3.2.2\release\api\plan-dft-3d.obj
c:\oss\third_party\fftw\fftw-3.2.2\fftw-3.2.2-libs\libfftw-3.2.2\release\api\plan-dft-2d.obj
c:\oss\third_party\fftw\fftw-3.2.2\fftw-3.2.2-libs\libfftw-3.2.2\release\api\plan-dft-1d.obj
c:\oss\third_party\fftw\fftw-3.2.2\fftw-3.2.2-libs\libfftw-3.2.2\release\api\mktensor-rowmajor.obj
c:\oss\third_party\fftw\fftw-3.2.2\fftw-3.2.2-libs\libfftw-3.2.2\release\api\mktensor-iodims64.obj
c:\oss\third_party\fftw\fftw-3.2.2\fftw-3.2.2-libs\libfftw-3.2.2\release\api\mktensor-iodims.obj
c:\oss\third_party\fftw\fftw-3.2.2\fftw-3.2.2-libs\libfftw-3.2.2\release\api\mkprinter-file.obj
c:\oss\third_party\fftw\fftw-3.2.2\fftw-3.2.2-libs\libfftw-3.2.2\release\api\mapflags.obj
c:\oss\third_party\fftw\fftw-3.2.2\fftw-3.2.2-libs\libfftw-3.2.2\release\api\map-r2r-kind.obj
c:\oss\third_party\fftw\fftw-3.2.2\fftw-3.2.2-libs\libfftw-3.2.2\release\api\malloc.obj
c:\oss\third_party\fftw\fftw-3.2.2\fftw-3.2.2-libs\libfftw-3.2.2\release\api\plan-r2r-3d.obj
c:\oss\third_party\fftw\fftw-3.2.2\fftw-3.2.2-libs\libfftw-3.2.2\release\api\plan-r2r-2d.obj
c:\oss\third_party\fftw\fftw-3.2.2\fftw-3.2.2-libs\libfftw-3.2.2\release\api\plan-r2r-1d.obj
c:\oss\third_party\fftw\fftw-3.2.2\fftw-3.2.2-libs\libfftw-3.2.2\release\api\plan-many-r2r.obj
c:\oss\third_party\fftw\fftw-3.2.2\fftw-3.2.2-libs\libfftw-3.2.2\release\api\plan-many-dft.obj
c:\oss\third_party\fftw\fftw-3.2.2\fftw-3.2.2-libs\libfftw-3.2.2\release\api\plan-many-dft-r2c.obj
c:\oss\third_party\fftw\fftw-3.2.2\fftw-3.2.2-libs\libfftw-3.2.2\release\api\plan-many-dft-c2r.obj
c:\oss\third_party\fftw\fftw-3.2.2\fftw-3.2.2-libs\libfftw-3.2.2\release\api\plan-guru64-split-dft.obj
c:\oss\third_party\fftw\fftw-3.2.2\fftw-3.2.2-libs\libfftw-3.2.2\release\api\plan-guru64-split-dft-r2c.obj
c:\oss\third_party\fftw\fftw-3.2.2\fftw-3.2.2-libs\libfftw-3.2.2\release\api\plan-guru64-split-dft-c2r.obj
c:\oss\third_party\fftw\fftw-3.2.2\fftw-3.2.2-libs\libfftw-3.2.2\release\api\plan-guru64-r2r.obj
c:\oss\third_party\fftw\fftw-3.2.2\fftw-3.2.2-libs\libfftw-3.2.2\release\api\plan-guru64-dft.obj
c:\oss\third_party\fftw\fftw-3.2.2\fftw-3.2.2-libs\libfftw-3.2.2\release\api\plan-guru64-dft-r2c.obj
c:\oss\third_party\fftw\fftw-3.2.2\fftw-3.2.2-libs\libfftw-3.2.2\release\api\plan-guru64-dft-c2r.obj
c:\oss\third_party\fftw\fftw-3.2.2\fftw-3.2.2-libs\libfftw-3.2.2\release\api\plan-guru-split-dft.obj
c:\oss\third_party\fftw\fftw-3.2.2\fftw-3.2.2-libs\libfftw-3.2.2\release\api\plan-guru-split-dft-r2c.obj
c:\oss\third_party\fftw\fftw-3.2.2\fftw-3.2.2-libs\libfftw-3.2.2\release\api\plan-guru-split-dft-c2r.obj
c:\oss\third_party\fftw\fftw-3.2.2\fftw-3.2.2-libs\libfftw-3.2.2\release\api\plan-guru-r2r.obj
c:\oss\third_party\fftw\fftw-3.2.2\fftw-3.2.2-libs\libfftw-3.2.2\release\api\plan-guru-dft.obj
c:\oss\third_party\fftw\fftw-3.2.2\fftw-3.2.2-libs\libfftw-3.2.2\release\api\plan-guru-dft-r2c.obj
c:\oss\third_party\fftw\fftw-3.2.2\fftw-3.2.2-libs\libfftw-3.2.2\release\api\version.obj
c:\oss\third_party\fftw\fftw-3.2.2\fftw-3.2.2-libs\libfftw-3.2.2\release\api\the-planner.obj
c:\oss\third_party\fftw\fftw-3.2.2\fftw-3.2.2-libs\libfftw-3.2.2\release\api\rdft2-pad.obj
c:\oss\third_party\fftw\fftw-3.2.2\fftw-3.2.2-libs\libfftw-3.2.2\release\api\print-plan.obj
c:\oss\third_party\fftw\fftw-3.2.2\fftw-3.2.2-libs\libfftw-3.2.2\release\api\plan-r2r.obj
c:\oss\third_party\fftw\fftw-3.2.2\fftw-3.2.2-libs\libfftw-3.2.2\release\dft\rader.obj
c:\oss\third_party\fftw\fftw-3.2.2\fftw-3.2.2-libs\libfftw-3.2.2\release\dft\problem.obj
c:\oss\third_party\fftw\fftw-3.2.2\fftw-3.2.2-libs\libfftw-3.2.2\release\dft\plan.obj
c:\oss\third_party\fftw\fftw-3.2.2\fftw-3.2.2-libs\libfftw-3.2.2\release\dft\nop.obj
c:\oss\third_party\fftw\fftw-3.2.2\fftw-3.2.2-libs\libfftw-3.2.2\release\dft\kdft.obj
c:\oss\third_party\fftw\fftw-3.2.2\fftw-3.2.2-libs\libfftw-3.2.2\release\dft\kdft-dit.obj
c:\oss\third_party\fftw\fftw-3.2.2\fftw-3.2.2-libs\libfftw-3.2.2\release\dft\kdft-difsq.obj
c:\oss\third_party\fftw\fftw-3.2.2\fftw-3.2.2-libs\libfftw-3.2.2\release\dft\kdft-dif.obj
c:\oss\third_party\fftw\fftw-3.2.2\fftw-3.2.2-libs\libfftw-3.2.2\release\dft\indirect.obj
c:\oss\third_party\fftw\fftw-3.2.2\fftw-3.2.2-libs\libfftw-3.2.2\release\dft\indirect-transpose.obj
c:\oss\third_party\fftw\fftw-3.2.2\fftw-3.2.2-libs\libfftw-3.2.2\release\dft\generic.obj
c:\oss\third_party\fftw\fftw-3.2.2\fftw-3.2.2-libs\libfftw-3.2.2\release\dft\direct.obj
c:\oss\third_party\fftw\fftw-3.2.2\fftw-3.2.2-libs\libfftw-3.2.2\release\dft\dftw-genericbuf.obj
c:\oss\third_party\fftw\fftw-3.2.2\fftw-3.2.2-libs\libfftw-3.2.2\release\dft\dftw-generic.obj
c:\oss\third_party\fftw\fftw-3.2.2\fftw-3.2.2-libs\libfftw-3.2.2\release\dft\dftw-directsq.obj
c:\oss\third_party\fftw\fftw-3.2.2\fftw-3.2.2-libs\libfftw-3.2.2\release\dft\dftw-direct.obj
c:\oss\third_party\fftw\fftw-3.2.2\fftw-3.2.2-libs\libfftw-3.2.2\release\dft\ct.obj
c:\oss\third_party\fftw\fftw-3.2.2\fftw-3.2.2-libs\libfftw-3.2.2\release\dft\conf.obj
c:\oss\third_party\fftw\fftw-3.2.2\fftw-3.2.2-libs\libfftw-3.2.2\release\dft\buffered.obj
c:\oss\third_party\fftw\fftw-3.2.2\fftw-3.2.2-libs\libfftw-3.2.2\release\dft\bluestein.obj
c:\oss\third_party\fftw\fftw-3.2.2\fftw-3.2.2-libs\libfftw-3.2.2\release\dft\zero.obj
c:\oss\third_party\fftw\fftw-3.2.2\fftw-3.2.2-libs\libfftw-3.2.2\release\dft\vrank-geq1.obj
c:\oss\third_party\fftw\fftw-3.2.2\fftw-3.2.2-libs\libfftw-3.2.2\release\dft\solve.obj
c:\oss\third_party\fftw\fftw-3.2.2\fftw-3.2.2-libs\libfftw-3.2.2\release\dft\rank-geq2.obj
c:\oss\third_party\fftw\fftw-3.2.2\fftw-3.2.2-libs\libfftw-3.2.2\release\dft\scalar\codelets\n1_9.obj
c:\oss\third_party\fftw\fftw-3.2.2\fftw-3.2.2-libs\libfftw-3.2.2\release\dft\scalar\codelets\n1_8.obj
c:\oss\third_party\fftw\fftw-3.2.2\fftw-3.2.2-libs\libfftw-3.2.2\release\dft\scalar\codelets\n1_7.obj
c:\oss\third_party\fftw\fftw-3.2.2\fftw-3.2.2-libs\libfftw-3.2.2\release\dft\scalar\codelets\n1_64.obj
c:\oss\third_party\fftw\fftw-3.2.2\fftw-3.2.2-libs\libfftw-3.2.2\release\dft\scalar\codelets\n1_6.obj
c:\oss\third_party\fftw\fftw-3.2.2\fftw-3.2.2-libs\libfftw-3.2.2\release\dft\scalar\codelets\n1_5.obj
c:\oss\third_party\fftw\fftw-3.2.2\fftw-3.2.2-libs\libfftw-3.2.2\release\dft\scalar\codelets\n1_4.obj
c:\oss\third_party\fftw\fftw-3.2.2\fftw-3.2.2-libs\libfftw-3.2.2\release\dft\scalar\codelets\n1_32.obj
c:\oss\third_party\fftw\fftw-3.2.2\fftw-3.2.2-libs\libfftw-3.2.2\release\dft\scalar\codelets\n1_3.obj
c:\oss\third_party\fftw\fftw-3.2.2\fftw-3.2.2-libs\libfftw-3.2.2\release\dft\scalar\codelets\n1_25.obj
c:\oss\third_party\fftw\fftw-3.2.2\fftw-3.2.2-libs\libfftw-3.2.2\release\dft\scalar\codelets\n1_20.obj
c:\oss\third_party\fftw\fftw-3.2.2\fftw-3.2.2-libs\libfftw-3.2.2\release\dft\scalar\codelets\n1_2.obj
c:\oss\third_party\fftw\fftw-3.2.2\fftw-3.2.2-libs\libfftw-3.2.2\release\dft\scalar\codelets\n1_16.obj
c:\oss\third_party\fftw\fftw-3.2.2\fftw-3.2.2-libs\libfftw-3.2.2\release\dft\scalar\codelets\n1_15.obj
c:\oss\third_party\fftw\fftw-3.2.2\fftw-3.2.2-libs\libfftw-3.2.2\release\dft\scalar\codelets\n1_14.obj
c:\oss\third_party\fftw\fftw-3.2.2\fftw-3.2.2-libs\libfftw-3.2.2\release\dft\scalar\codelets\n1_13.obj
c:\oss\third_party\fftw\fftw-3.2.2\fftw-3.2.2-libs\libfftw-3.2.2\release\dft\scalar\codelets\n1_12.obj
c:\oss\third_party\fftw\fftw-3.2.2\fftw-3.2.2-libs\libfftw-3.2.2\release\dft\scalar\codelets\n1_11.obj
c:\oss\third_party\fftw\fftw-3.2.2\fftw-3.2.2-libs\libfftw-3.2.2\release\dft\scalar\codelets\n1_10.obj
c:\oss\third_party\fftw\fftw-3.2.2\fftw-3.2.2-libs\libfftw-3.2.2\release\dft\scalar\codelets\codlist.obj
c:\oss\third_party\fftw\fftw-3.2.2\fftw-3.2.2-libs\libfftw-3.2.2\release\dft\scalar\codelets\t1_7.obj
c:\oss\third_party\fftw\fftw-3.2.2\fftw-3.2.2-libs\libfftw-3.2.2\release\dft\scalar\codelets\t1_64.obj
c:\oss\third_party\fftw\fftw-3.2.2\fftw-3.2.2-libs\libfftw-3.2.2\release\dft\scalar\codelets\t1_6.obj
c:\oss\third_party\fftw\fftw-3.2.2\fftw-3.2.2-libs\libfftw-3.2.2\release\dft\scalar\codelets\t1_5.obj
c:\oss\third_party\fftw\fftw-3.2.2\fftw-3.2.2-libs\libfftw-3.2.2\release\dft\scalar\codelets\t1_4.obj
c:\oss\third_party\fftw\fftw-3.2.2\fftw-3.2.2-libs\libfftw-3.2.2\release\dft\scalar\codelets\t1_32.obj
c:\oss\third_party\fftw\fftw-3.2.2\fftw-3.2.2-libs\libfftw-3.2.2\release\dft\scalar\codelets\t1_3.obj
c:\oss\third_party\fftw\fftw-3.2.2\fftw-3.2.2-libs\libfftw-3.2.2\release\dft\scalar\codelets\t1_25.obj
c:\oss\third_party\fftw\fftw-3.2.2\fftw-3.2.2-libs\libfftw-3.2.2\release\dft\scalar\codelets\t1_20.obj
c:\oss\third_party\fftw\fftw-3.2.2\fftw-3.2.2-libs\libfftw-3.2.2\release\dft\scalar\codelets\t1_2.obj
c:\oss\third_party\fftw\fftw-3.2.2\fftw-3.2.2-libs\libfftw-3.2.2\release\dft\scalar\codelets\t1_16.obj
c:\oss\third_party\fftw\fftw-3.2.2\fftw-3.2.2-libs\libfftw-3.2.2\release\dft\scalar\codelets\t1_15.obj
c:\oss\third_party\fftw\fftw-3.2.2\fftw-3.2.2-libs\libfftw-3.2.2\release\dft\scalar\codelets\t1_12.obj
c:\oss\third_party\fftw\fftw-3.2.2\fftw-3.2.2-libs\libfftw-3.2.2\release\dft\scalar\codelets\t1_10.obj
c:\oss\third_party\fftw\fftw-3.2.2\fftw-3.2.2-libs\libfftw-3.2.2\release\dft\scalar\codelets\q1_8.obj
c:\oss\third_party\fftw\fftw-3.2.2\fftw-3.2.2-libs\libfftw-3.2.2\release\dft\scalar\codelets\q1_6.obj
c:\oss\third_party\fftw\fftw-3.2.2\fftw-3.2.2-libs\libfftw-3.2.2\release\dft\scalar\codelets\q1_5.obj
c:\oss\third_party\fftw\fftw-3.2.2\fftw-3.2.2-libs\libfftw-3.2.2\release\dft\scalar\codelets\q1_4.obj
c:\oss\third_party\fftw\fftw-3.2.2\fftw-3.2.2-libs\libfftw-3.2.2\release\dft\scalar\codelets\q1_3.obj
c:\oss\third_party\fftw\fftw-3.2.2\fftw-3.2.2-libs\libfftw-3.2.2\release\dft\scalar\codelets\q1_2.obj
c:\oss\third_party\fftw\fftw-3.2.2\fftw-3.2.2-libs\libfftw-3.2.2\release\dft\scalar\codelets\t2_8.obj
c:\oss\third_party\fftw\fftw-3.2.2\fftw-3.2.2-libs\libfftw-3.2.2\release\dft\scalar\codelets\t2_64.obj
c:\oss\third_party\fftw\fftw-3.2.2\fftw-3.2.2-libs\libfftw-3.2.2\release\dft\scalar\codelets\t2_5.obj
c:\oss\third_party\fftw\fftw-3.2.2\fftw-3.2.2-libs\libfftw-3.2.2\release\dft\scalar\codelets\t2_4.obj
c:\oss\third_party\fftw\fftw-3.2.2\fftw-3.2.2-libs\libfftw-3.2.2\release\dft\scalar\codelets\t2_32.obj
c:\oss\third_party\fftw\fftw-3.2.2\fftw-3.2.2-libs\libfftw-3.2.2\release\dft\scalar\codelets\t2_25.obj
c:\oss\third_party\fftw\fftw-3.2.2\fftw-3.2.2-libs\libfftw-3.2.2\release\dft\scalar\codelets\t2_20.obj
c:\oss\third_party\fftw\fftw-3.2.2\fftw-3.2.2-libs\libfftw-3.2.2\release\dft\scalar\codelets\t2_16.obj
c:\oss\third_party\fftw\fftw-3.2.2\fftw-3.2.2-libs\libfftw-3.2.2\release\dft\scalar\codelets\t2_10.obj
c:\oss\third_party\fftw\fftw-3.2.2\fftw-3.2.2-libs\libfftw-3.2.2\release\dft\scalar\codelets\t1_9.obj
c:\oss\third_party\fftw\fftw-3.2.2\fftw-3.2.2-libs\libfftw-3.2.2\release\dft\scalar\codelets\t1_8.obj
c:\oss\third_party\fftw\fftw-3.2.2\fftw-3.2.2-libs\libfftw-3.2.2\release\dft\scalar\t.obj
c:\oss\third_party\fftw\fftw-3.2.2\fftw-3.2.2-libs\libfftw-3.2.2\release\dft\scalar\n.obj
c:\oss\third_party\fftw\fftw-3.2.2\fftw-3.2.2-libs\libfftw-3.2.2\release\dft\simd\codelets\n1bv_8.obj
c:\oss\third_party\fftw\fftw-3.2.2\fftw-3.2.2-libs\libfftw-3.2.2\release\dft\simd\codelets\n1bv_7.obj
c:\oss\third_party\fftw\fftw-3.2.2\fftw-3.2.2-libs\libfftw-3.2.2\release\dft\simd\codelets\n1bv_64.obj
c:\oss\third_party\fftw\fftw-3.2.2\fftw-3.2.2-libs\libfftw-3.2.2\release\dft\simd\codelets\n1bv_6.obj
c:\oss\third_party\fftw\fftw-3.2.2\fftw-3.2.2-libs\libfftw-3.2.2\release\dft\simd\codelets\n1bv_5.obj
c:\oss\third_party\fftw\fftw-3.2.2\fftw-3.2.2-libs\libfftw-3.2.2\release\dft\simd\codelets\n1bv_4.obj
c:\oss\third_party\fftw\fftw-3.2.2\fftw-3.2.2-libs\libfftw-3.2.2\release\dft\simd\codelets\n1bv_32.obj
c:\oss\third_party\fftw\fftw-3.2.2\fftw-3.2.2-libs\libfftw-3.2.2\release\dft\simd\codelets\n1bv_3.obj
c:\oss\third_party\fftw\fftw-3.2.2\fftw-3.2.2-libs\libfftw-3.2.2\release\dft\simd\codelets\n1bv_25.obj
c:\oss\third_party\fftw\fftw-3.2.2\fftw-3.2.2-libs\libfftw-3.2.2\release\dft\simd\codelets\n1bv_20.obj
c:\oss\third_party\fftw\fftw-3.2.2\fftw-3.2.2-libs\libfftw-3.2.2\release\dft\simd\codelets\n1bv_2.obj
c:\oss\third_party\fftw\fftw-3.2.2\fftw-3.2.2-libs\libfftw-3.2.2\release\dft\simd\codelets\n1bv_16.obj
c:\oss\third_party\fftw\fftw-3.2.2\fftw-3.2.2-libs\libfftw-3.2.2\release\dft\simd\codelets\n1bv_15.obj
c:\oss\third_party\fftw\fftw-3.2.2\fftw-3.2.2-libs\libfftw-3.2.2\release\dft\simd\codelets\n1bv_14.obj
c:\oss\third_party\fftw\fftw-3.2.2\fftw-3.2.2-libs\libfftw-3.2.2\release\dft\simd\codelets\n1bv_13.obj
c:\oss\third_party\fftw\fftw-3.2.2\fftw-3.2.2-libs\libfftw-3.2.2\release\dft\simd\codelets\n1bv_128.obj
c:\oss\third_party\fftw\fftw-3.2.2\fftw-3.2.2-libs\libfftw-3.2.2\release\dft\simd\codelets\n1bv_12.obj
c:\oss\third_party\fftw\fftw-3.2.2\fftw-3.2.2-libs\libfftw-3.2.2\release\dft\simd\codelets\n1bv_11.obj
c:\oss\third_party\fftw\fftw-3.2.2\fftw-3.2.2-libs\libfftw-3.2.2\release\dft\simd\codelets\n1bv_10.obj
c:\oss\third_party\fftw\fftw-3.2.2\fftw-3.2.2-libs\libfftw-3.2.2\release\dft\simd\codelets\codlist.obj
c:\oss\third_party\fftw\fftw-3.2.2\fftw-3.2.2-libs\libfftw-3.2.2\release\dft\simd\codelets\n1fv_8.obj
c:\oss\third_party\fftw\fftw-3.2.2\fftw-3.2.2-libs\libfftw-3.2.2\release\dft\simd\codelets\n1fv_7.obj
c:\oss\third_party\fftw\fftw-3.2.2\fftw-3.2.2-libs\libfftw-3.2.2\release\dft\simd\codelets\n1fv_64.obj
c:\oss\third_party\fftw\fftw-3.2.2\fftw-3.2.2-libs\libfftw-3.2.2\release\dft\simd\codelets\n1fv_6.obj
c:\oss\third_party\fftw\fftw-3.2.2\fftw-3.2.2-libs\libfftw-3.2.2\release\dft\simd\codelets\n1fv_5.obj
c:\oss\third_party\fftw\fftw-3.2.2\fftw-3.2.2-libs\libfftw-3.2.2\release\dft\simd\codelets\n1fv_4.obj
c:\oss\third_party\fftw\fftw-3.2.2\fftw-3.2.2-libs\libfftw-3.2.2\release\dft\simd\codelets\n1fv_32.obj
c:\oss\third_party\fftw\fftw-3.2.2\fftw-3.2.2-libs\libfftw-3.2.2\release\dft\simd\codelets\n1fv_3.obj
c:\oss\third_party\fftw\fftw-3.2.2\fftw-3.2.2-libs\libfftw-3.2.2\release\dft\simd\codelets\n1fv_25.obj
c:\oss\third_party\fftw\fftw-3.2.2\fftw-3.2.2-libs\libfftw-3.2.2\release\dft\simd\codelets\n1fv_20.obj
c:\oss\third_party\fftw\fftw-3.2.2\fftw-3.2.2-libs\libfftw-3.2.2\release\dft\simd\codelets\n1fv_2.obj
c:\oss\third_party\fftw\fftw-3.2.2\fftw-3.2.2-libs\libfftw-3.2.2\release\dft\simd\codelets\n1fv_16.obj
c:\oss\third_party\fftw\fftw-3.2.2\fftw-3.2.2-libs\libfftw-3.2.2\release\dft\simd\codelets\n1fv_15.obj
c:\oss\third_party\fftw\fftw-3.2.2\fftw-3.2.2-libs\libfftw-3.2.2\release\dft\simd\codelets\n1fv_14.obj
c:\oss\third_party\fftw\fftw-3.2.2\fftw-3.2.2-libs\libfftw-3.2.2\release\dft\simd\codelets\n1fv_13.obj
c:\oss\third_party\fftw\fftw-3.2.2\fftw-3.2.2-libs\libfftw-3.2.2\release\dft\simd\codelets\n1fv_128.obj
c:\oss\third_party\fftw\fftw-3.2.2\fftw-3.2.2-libs\libfftw-3.2.2\release\dft\simd\codelets\n1fv_12.obj
c:\oss\third_party\fftw\fftw-3.2.2\fftw-3.2.2-libs\libfftw-3.2.2\release\dft\simd\codelets\n1fv_11.obj
c:\oss\third_party\fftw\fftw-3.2.2\fftw-3.2.2-libs\libfftw-3.2.2\release\dft\simd\codelets\n1fv_10.obj
c:\oss\third_party\fftw\fftw-3.2.2\fftw-3.2.2-libs\libfftw-3.2.2\release\dft\simd\codelets\n1bv_9.obj
c:\oss\third_party\fftw\fftw-3.2.2\fftw-3.2.2-libs\libfftw-3.2.2\release\dft\simd\codelets\n2fv_4.obj
c:\oss\third_party\fftw\fftw-3.2.2\fftw-3.2.2-libs\libfftw-3.2.2\release\dft\simd\codelets\n2fv_32.obj
c:\oss\third_party\fftw\fftw-3.2.2\fftw-3.2.2-libs\libfftw-3.2.2\release\dft\simd\codelets\n2fv_20.obj
c:\oss\third_party\fftw\fftw-3.2.2\fftw-3.2.2-libs\libfftw-3.2.2\release\dft\simd\codelets\n2fv_2.obj
c:\oss\third_party\fftw\fftw-3.2.2\fftw-3.2.2-libs\libfftw-3.2.2\release\dft\simd\codelets\n2fv_16.obj
c:\oss\third_party\fftw\fftw-3.2.2\fftw-3.2.2-libs\libfftw-3.2.2\release\dft\simd\codelets\n2fv_14.obj
c:\oss\third_party\fftw\fftw-3.2.2\fftw-3.2.2-libs\libfftw-3.2.2\release\dft\simd\codelets\n2fv_12.obj
c:\oss\third_party\fftw\fftw-3.2.2\fftw-3.2.2-libs\libfftw-3.2.2\release\dft\simd\codelets\n2fv_10.obj
c:\oss\third_party\fftw\fftw-3.2.2\fftw-3.2.2-libs\libfftw-3.2.2\release\dft\simd\codelets\n2bv_8.obj
c:\oss\third_party\fftw\fftw-3.2.2\fftw-3.2.2-libs\libfftw-3.2.2\release\dft\simd\codelets\n2bv_64.obj
c:\oss\third_party\fftw\fftw-3.2.2\fftw-3.2.2-libs\libfftw-3.2.2\release\dft\simd\codelets\n2bv_6.obj
c:\oss\third_party\fftw\fftw-3.2.2\fftw-3.2.2-libs\libfftw-3.2.2\release\dft\simd\codelets\n2bv_4.obj
c:\oss\third_party\fftw\fftw-3.2.2\fftw-3.2.2-libs\libfftw-3.2.2\release\dft\simd\codelets\n2bv_32.obj
c:\oss\third_party\fftw\fftw-3.2.2\fftw-3.2.2-libs\libfftw-3.2.2\release\dft\simd\codelets\n2bv_20.obj
c:\oss\third_party\fftw\fftw-3.2.2\fftw-3.2.2-libs\libfftw-3.2.2\release\dft\simd\codelets\n2bv_2.obj
c:\oss\third_party\fftw\fftw-3.2.2\fftw-3.2.2-libs\libfftw-3.2.2\release\dft\simd\codelets\n2bv_16.obj
c:\oss\third_party\fftw\fftw-3.2.2\fftw-3.2.2-libs\libfftw-3.2.2\release\dft\simd\codelets\n2bv_14.obj
c:\oss\third_party\fftw\fftw-3.2.2\fftw-3.2.2-libs\libfftw-3.2.2\release\dft\simd\codelets\n2bv_12.obj
c:\oss\third_party\fftw\fftw-3.2.2\fftw-3.2.2-libs\libfftw-3.2.2\release\dft\simd\codelets\n2bv_10.obj
c:\oss\third_party\fftw\fftw-3.2.2\fftw-3.2.2-libs\libfftw-3.2.2\release\dft\simd\codelets\n1fv_9.obj
c:\oss\third_party\fftw\fftw-3.2.2\fftw-3.2.2-libs\libfftw-3.2.2\release\dft\simd\codelets\t1buv_4.obj
c:\oss\third_party\fftw\fftw-3.2.2\fftw-3.2.2-libs\libfftw-3.2.2\release\dft\simd\codelets\t1buv_3.obj
c:\oss\third_party\fftw\fftw-3.2.2\fftw-3.2.2-libs\libfftw-3.2.2\release\dft\simd\codelets\t1buv_2.obj
c:\oss\third_party\fftw\fftw-3.2.2\fftw-3.2.2-libs\libfftw-3.2.2\release\dft\simd\codelets\t1buv_10.obj
c:\oss\third_party\fftw\fftw-3.2.2\fftw-3.2.2-libs\libfftw-3.2.2\release\dft\simd\codelets\q1fv_8.obj
c:\oss\third_party\fftw\fftw-3.2.2\fftw-3.2.2-libs\libfftw-3.2.2\release\dft\simd\codelets\q1fv_5.obj
c:\oss\third_party\fftw\fftw-3.2.2\fftw-3.2.2-libs\libfftw-3.2.2\release\dft\simd\codelets\q1fv_4.obj
c:\oss\third_party\fftw\fftw-3.2.2\fftw-3.2.2-libs\libfftw-3.2.2\release\dft\simd\codelets\q1fv_2.obj
c:\oss\third_party\fftw\fftw-3.2.2\fftw-3.2.2-libs\libfftw-3.2.2\release\dft\simd\codelets\q1bv_8.obj
c:\oss\third_party\fftw\fftw-3.2.2\fftw-3.2.2-libs\libfftw-3.2.2\release\dft\simd\codelets\q1bv_5.obj
c:\oss\third_party\fftw\fftw-3.2.2\fftw-3.2.2-libs\libfftw-3.2.2\release\dft\simd\codelets\q1bv_4.obj
c:\oss\third_party\fftw\fftw-3.2.2\fftw-3.2.2-libs\libfftw-3.2.2\release\dft\simd\codelets\q1bv_2.obj
c:\oss\third_party\fftw\fftw-3.2.2\fftw-3.2.2-libs\libfftw-3.2.2\release\dft\simd\codelets\n2sv_8.obj
c:\oss\third_party\fftw\fftw-3.2.2\fftw-3.2.2-libs\libfftw-3.2.2\release\dft\simd\codelets\n2sv_64.obj
c:\oss\third_party\fftw\fftw-3.2.2\fftw-3.2.2-libs\libfftw-3.2.2\release\dft\simd\codelets\n2sv_4.obj
c:\oss\third_party\fftw\fftw-3.2.2\fftw-3.2.2-libs\libfftw-3.2.2\release\dft\simd\codelets\n2sv_32.obj
c:\oss\third_party\fftw\fftw-3.2.2\fftw-3.2.2-libs\libfftw-3.2.2\release\dft\simd\codelets\n2sv_16.obj
c:\oss\third_party\fftw\fftw-3.2.2\fftw-3.2.2-libs\libfftw-3.2.2\release\dft\simd\codelets\n2fv_8.obj
c:\oss\third_party\fftw\fftw-3.2.2\fftw-3.2.2-libs\libfftw-3.2.2\release\dft\simd\codelets\n2fv_64.obj
c:\oss\third_party\fftw\fftw-3.2.2\fftw-3.2.2-libs\libfftw-3.2.2\release\dft\simd\codelets\n2fv_6.obj
c:\oss\third_party\fftw\fftw-3.2.2\fftw-3.2.2-libs\libfftw-3.2.2\release\dft\simd\codelets\t1bv_8.obj
c:\oss\third_party\fftw\fftw-3.2.2\fftw-3.2.2-libs\libfftw-3.2.2\release\dft\simd\codelets\t1bv_7.obj
c:\oss\third_party\fftw\fftw-3.2.2\fftw-3.2.2-libs\libfftw-3.2.2\release\dft\simd\codelets\t1bv_64.obj
c:\oss\third_party\fftw\fftw-3.2.2\fftw-3.2.2-libs\libfftw-3.2.2\release\dft\simd\codelets\t1bv_6.obj
c:\oss\third_party\fftw\fftw-3.2.2\fftw-3.2.2-libs\libfftw-3.2.2\release\dft\simd\codelets\t1bv_5.obj
c:\oss\third_party\fftw\fftw-3.2.2\fftw-3.2.2-libs\libfftw-3.2.2\release\dft\simd\codelets\t1bv_4.obj
c:\oss\third_party\fftw\fftw-3.2.2\fftw-3.2.2-libs\libfftw-3.2.2\release\dft\simd\codelets\t1bv_32.obj
c:\oss\third_party\fftw\fftw-3.2.2\fftw-3.2.2-libs\libfftw-3.2.2\release\dft\simd\codelets\t1bv_3.obj
c:\oss\third_party\fftw\fftw-3.2.2\fftw-3.2.2-libs\libfftw-3.2.2\release\dft\simd\codelets\t1bv_25.obj
c:\oss\third_party\fftw\fftw-3.2.2\fftw-3.2.2-libs\libfftw-3.2.2\release\dft\simd\codelets\t1bv_20.obj
c:\oss\third_party\fftw\fftw-3.2.2\fftw-3.2.2-libs\libfftw-3.2.2\release\dft\simd\codelets\t1bv_2.obj
c:\oss\third_party\fftw\fftw-3.2.2\fftw-3.2.2-libs\libfftw-3.2.2\release\dft\simd\codelets\t1bv_16.obj
c:\oss\third_party\fftw\fftw-3.2.2\fftw-3.2.2-libs\libfftw-3.2.2\release\dft\simd\codelets\t1bv_15.obj
c:\oss\third_party\fftw\fftw-3.2.2\fftw-3.2.2-libs\libfftw-3.2.2\release\dft\simd\codelets\t1bv_12.obj
c:\oss\third_party\fftw\fftw-3.2.2\fftw-3.2.2-libs\libfftw-3.2.2\release\dft\simd\codelets\t1bv_10.obj
c:\oss\third_party\fftw\fftw-3.2.2\fftw-3.2.2-libs\libfftw-3.2.2\release\dft\simd\codelets\t1buv_9.obj
c:\oss\third_party\fftw\fftw-3.2.2\fftw-3.2.2-libs\libfftw-3.2.2\release\dft\simd\codelets\t1buv_8.obj
c:\oss\third_party\fftw\fftw-3.2.2\fftw-3.2.2-libs\libfftw-3.2.2\release\dft\simd\codelets\t1buv_7.obj
c:\oss\third_party\fftw\fftw-3.2.2\fftw-3.2.2-libs\libfftw-3.2.2\release\dft\simd\codelets\t1buv_6.obj
c:\oss\third_party\fftw\fftw-3.2.2\fftw-3.2.2-libs\libfftw-3.2.2\release\dft\simd\codelets\t1buv_5.obj
c:\oss\third_party\fftw\fftw-3.2.2\fftw-3.2.2-libs\libfftw-3.2.2\release\dft\simd\codelets\t1fv_4.obj
c:\oss\third_party\fftw\fftw-3.2.2\fftw-3.2.2-libs\libfftw-3.2.2\release\dft\simd\codelets\t1fv_32.obj
c:\oss\third_party\fftw\fftw-3.2.2\fftw-3.2.2-libs\libfftw-3.2.2\release\dft\simd\codelets\t1fv_3.obj
c:\oss\third_party\fftw\fftw-3.2.2\fftw-3.2.2-libs\libfftw-3.2.2\release\dft\simd\codelets\t1fv_25.obj
c:\oss\third_party\fftw\fftw-3.2.2\fftw-3.2.2-libs\libfftw-3.2.2\release\dft\simd\codelets\t1fv_20.obj
c:\oss\third_party\fftw\fftw-3.2.2\fftw-3.2.2-libs\libfftw-3.2.2\release\dft\simd\codelets\t1fv_2.obj
c:\oss\third_party\fftw\fftw-3.2.2\fftw-3.2.2-libs\libfftw-3.2.2\release\dft\simd\codelets\t1fv_16.obj
c:\oss\third_party\fftw\fftw-3.2.2\fftw-3.2.2-libs\libfftw-3.2.2\release\dft\simd\codelets\t1fv_15.obj
c:\oss\third_party\fftw\fftw-3.2.2\fftw-3.2.2-libs\libfftw-3.2.2\release\dft\simd\codelets\t1fv_12.obj
c:\oss\third_party\fftw\fftw-3.2.2\fftw-3.2.2-libs\libfftw-3.2.2\release\dft\simd\codelets\t1fv_10.obj
c:\oss\third_party\fftw\fftw-3.2.2\fftw-3.2.2-libs\libfftw-3.2.2\release\dft\simd\codelets\t1fuv_9.obj
c:\oss\third_party\fftw\fftw-3.2.2\fftw-3.2.2-libs\libfftw-3.2.2\release\dft\simd\codelets\t1fuv_8.obj
c:\oss\third_party\fftw\fftw-3.2.2\fftw-3.2.2-libs\libfftw-3.2.2\release\dft\simd\codelets\t1fuv_7.obj
c:\oss\third_party\fftw\fftw-3.2.2\fftw-3.2.2-libs\libfftw-3.2.2\release\dft\simd\codelets\t1fuv_6.obj
c:\oss\third_party\fftw\fftw-3.2.2\fftw-3.2.2-libs\libfftw-3.2.2\release\dft\simd\codelets\t1fuv_5.obj
c:\oss\third_party\fftw\fftw-3.2.2\fftw-3.2.2-libs\libfftw-3.2.2\release\dft\simd\codelets\t1fuv_4.obj
c:\oss\third_party\fftw\fftw-3.2.2\fftw-3.2.2-libs\libfftw-3.2.2\release\dft\simd\codelets\t1fuv_3.obj
c:\oss\third_party\fftw\fftw-3.2.2\fftw-3.2.2-libs\libfftw-3.2.2\release\dft\simd\codelets\t1fuv_2.obj
c:\oss\third_party\fftw\fftw-3.2.2\fftw-3.2.2-libs\libfftw-3.2.2\release\dft\simd\codelets\t1fuv_10.obj
c:\oss\third_party\fftw\fftw-3.2.2\fftw-3.2.2-libs\libfftw-3.2.2\release\dft\simd\codelets\t1bv_9.obj
c:\oss\third_party\fftw\fftw-3.2.2\fftw-3.2.2-libs\libfftw-3.2.2\release\dft\simd\codelets\t2bv_64.obj
c:\oss\third_party\fftw\fftw-3.2.2\fftw-3.2.2-libs\libfftw-3.2.2\release\dft\simd\codelets\t2bv_5.obj
c:\oss\third_party\fftw\fftw-3.2.2\fftw-3.2.2-libs\libfftw-3.2.2\release\dft\simd\codelets\t2bv_4.obj
c:\oss\third_party\fftw\fftw-3.2.2\fftw-3.2.2-libs\libfftw-3.2.2\release\dft\simd\codelets\t2bv_32.obj
c:\oss\third_party\fftw\fftw-3.2.2\fftw-3.2.2-libs\libfftw-3.2.2\release\dft\simd\codelets\t2bv_25.obj
c:\oss\third_party\fftw\fftw-3.2.2\fftw-3.2.2-libs\libfftw-3.2.2\release\dft\simd\codelets\t2bv_20.obj
c:\oss\third_party\fftw\fftw-3.2.2\fftw-3.2.2-libs\libfftw-3.2.2\release\dft\simd\codelets\t2bv_2.obj
c:\oss\third_party\fftw\fftw-3.2.2\fftw-3.2.2-libs\libfftw-3.2.2\release\dft\simd\codelets\t2bv_16.obj
c:\oss\third_party\fftw\fftw-3.2.2\fftw-3.2.2-libs\libfftw-3.2.2\release\dft\simd\codelets\t2bv_10.obj
c:\oss\third_party\fftw\fftw-3.2.2\fftw-3.2.2-libs\libfftw-3.2.2\release\dft\simd\codelets\t1sv_8.obj
c:\oss\third_party\fftw\fftw-3.2.2\fftw-3.2.2-libs\libfftw-3.2.2\release\dft\simd\codelets\t1sv_4.obj
c:\oss\third_party\fftw\fftw-3.2.2\fftw-3.2.2-libs\libfftw-3.2.2\release\dft\simd\codelets\t1sv_32.obj
c:\oss\third_party\fftw\fftw-3.2.2\fftw-3.2.2-libs\libfftw-3.2.2\release\dft\simd\codelets\t1sv_2.obj
c:\oss\third_party\fftw\fftw-3.2.2\fftw-3.2.2-libs\libfftw-3.2.2\release\dft\simd\codelets\t1sv_16.obj
c:\oss\third_party\fftw\fftw-3.2.2\fftw-3.2.2-libs\libfftw-3.2.2\release\dft\simd\codelets\t1fv_9.obj
c:\oss\third_party\fftw\fftw-3.2.2\fftw-3.2.2-libs\libfftw-3.2.2\release\dft\simd\codelets\t1fv_8.obj
c:\oss\third_party\fftw\fftw-3.2.2\fftw-3.2.2-libs\libfftw-3.2.2\release\dft\simd\codelets\t1fv_7.obj
c:\oss\third_party\fftw\fftw-3.2.2\fftw-3.2.2-libs\libfftw-3.2.2\release\dft\simd\codelets\t1fv_64.obj
c:\oss\third_party\fftw\fftw-3.2.2\fftw-3.2.2-libs\libfftw-3.2.2\release\dft\simd\codelets\t1fv_6.obj
c:\oss\third_party\fftw\fftw-3.2.2\fftw-3.2.2-libs\libfftw-3.2.2\release\dft\simd\codelets\t1fv_5.obj
c:\oss\third_party\fftw\fftw-3.2.2\fftw-3.2.2-libs\libfftw-3.2.2\release\dft\simd\codelets\t3bv_32.obj
c:\oss\third_party\fftw\fftw-3.2.2\fftw-3.2.2-libs\libfftw-3.2.2\release\dft\simd\codelets\t3bv_25.obj
c:\oss\third_party\fftw\fftw-3.2.2\fftw-3.2.2-libs\libfftw-3.2.2\release\dft\simd\codelets\t3bv_20.obj
c:\oss\third_party\fftw\fftw-3.2.2\fftw-3.2.2-libs\libfftw-3.2.2\release\dft\simd\codelets\t3bv_16.obj
c:\oss\third_party\fftw\fftw-3.2.2\fftw-3.2.2-libs\libfftw-3.2.2\release\dft\simd\codelets\t3bv_10.obj
c:\oss\third_party\fftw\fftw-3.2.2\fftw-3.2.2-libs\libfftw-3.2.2\release\dft\simd\codelets\t2sv_8.obj
c:\oss\third_party\fftw\fftw-3.2.2\fftw-3.2.2-libs\libfftw-3.2.2\release\dft\simd\codelets\t2sv_4.obj
c:\oss\third_party\fftw\fftw-3.2.2\fftw-3.2.2-libs\libfftw-3.2.2\release\dft\simd\codelets\t2sv_32.obj
c:\oss\third_party\fftw\fftw-3.2.2\fftw-3.2.2-libs\libfftw-3.2.2\release\dft\simd\codelets\t2sv_16.obj
c:\oss\third_party\fftw\fftw-3.2.2\fftw-3.2.2-libs\libfftw-3.2.2\release\dft\simd\codelets\t2fv_8.obj
c:\oss\third_party\fftw\fftw-3.2.2\fftw-3.2.2-libs\libfftw-3.2.2\release\dft\simd\codelets\t2fv_64.obj
c:\oss\third_party\fftw\fftw-3.2.2\fftw-3.2.2-libs\libfftw-3.2.2\release\dft\simd\codelets\t2fv_5.obj
c:\oss\third_party\fftw\fftw-3.2.2\fftw-3.2.2-libs\libfftw-3.2.2\release\dft\simd\codelets\t2fv_4.obj
c:\oss\third_party\fftw\fftw-3.2.2\fftw-3.2.2-libs\libfftw-3.2.2\release\dft\simd\codelets\t2fv_32.obj
c:\oss\third_party\fftw\fftw-3.2.2\fftw-3.2.2-libs\libfftw-3.2.2\release\dft\simd\codelets\t2fv_25.obj
c:\oss\third_party\fftw\fftw-3.2.2\fftw-3.2.2-libs\libfftw-3.2.2\release\dft\simd\codelets\t2fv_20.obj
c:\oss\third_party\fftw\fftw-3.2.2\fftw-3.2.2-libs\libfftw-3.2.2\release\dft\simd\codelets\t2fv_2.obj
c:\oss\third_party\fftw\fftw-3.2.2\fftw-3.2.2-libs\libfftw-3.2.2\release\dft\simd\codelets\t2fv_16.obj
c:\oss\third_party\fftw\fftw-3.2.2\fftw-3.2.2-libs\libfftw-3.2.2\release\dft\simd\codelets\t2fv_10.obj
c:\oss\third_party\fftw\fftw-3.2.2\fftw-3.2.2-libs\libfftw-3.2.2\release\dft\simd\codelets\t2bv_8.obj
c:\oss\third_party\fftw\fftw-3.2.2\fftw-3.2.2-libs\libfftw-3.2.2\release\dft\simd\codelets\t3fv_8.obj
c:\oss\third_party\fftw\fftw-3.2.2\fftw-3.2.2-libs\libfftw-3.2.2\release\dft\simd\codelets\t3fv_5.obj
c:\oss\third_party\fftw\fftw-3.2.2\fftw-3.2.2-libs\libfftw-3.2.2\release\dft\simd\codelets\t3fv_4.obj
c:\oss\third_party\fftw\fftw-3.2.2\fftw-3.2.2-libs\libfftw-3.2.2\release\dft\simd\codelets\t3fv_32.obj
c:\oss\third_party\fftw\fftw-3.2.2\fftw-3.2.2-libs\libfftw-3.2.2\release\dft\simd\codelets\t3fv_25.obj
c:\oss\third_party\fftw\fftw-3.2.2\fftw-3.2.2-libs\libfftw-3.2.2\release\dft\simd\codelets\t3fv_20.obj
c:\oss\third_party\fftw\fftw-3.2.2\fftw-3.2.2-libs\libfftw-3.2.2\release\dft\simd\codelets\t3fv_16.obj
c:\oss\third_party\fftw\fftw-3.2.2\fftw-3.2.2-libs\libfftw-3.2.2\release\dft\simd\codelets\t3fv_10.obj
c:\oss\third_party\fftw\fftw-3.2.2\fftw-3.2.2-libs\libfftw-3.2.2\release\dft\simd\codelets\t3bv_8.obj
c:\oss\third_party\fftw\fftw-3.2.2\fftw-3.2.2-libs\libfftw-3.2.2\release\dft\simd\codelets\t3bv_5.obj
c:\oss\third_party\fftw\fftw-3.2.2\fftw-3.2.2-libs\libfftw-3.2.2\release\dft\simd\codelets\t3bv_4.obj
c:\oss\third_party\fftw\fftw-3.2.2\fftw-3.2.2-libs\libfftw-3.2.2\release\dft\simd\ts.obj
c:\oss\third_party\fftw\fftw-3.2.2\fftw-3.2.2-libs\libfftw-3.2.2\release\dft\simd\t.obj
c:\oss\third_party\fftw\fftw-3.2.2\fftw-3.2.2-libs\libfftw-3.2.2\release\dft\simd\q1f.obj
c:\oss\third_party\fftw\fftw-3.2.2\fftw-3.2.2-libs\libfftw-3.2.2\release\dft\simd\q1b.obj
c:\oss\third_party\fftw\fftw-3.2.2\fftw-3.2.2-libs\libfftw-3.2.2\release\dft\simd\n2s.obj
c:\oss\third_party\fftw\fftw-3.2.2\fftw-3.2.2-libs\libfftw-3.2.2\release\dft\simd\n2f.obj
c:\oss\third_party\fftw\fftw-3.2.2\fftw-3.2.2-libs\libfftw-3.2.2\release\dft\simd\n2b.obj
c:\oss\third_party\fftw\fftw-3.2.2\fftw-3.2.2-libs\libfftw-3.2.2\release\dft\simd\n1f.obj
c:\oss\third_party\fftw\fftw-3.2.2\fftw-3.2.2-libs\libfftw-3.2.2\release\dft\simd\n1b.obj
c:\oss\third_party\fftw\fftw-3.2.2\fftw-3.2.2-libs\libfftw-3.2.2\release\kernel\plan.obj
c:\oss\third_party\fftw\fftw-3.2.2\fftw-3.2.2-libs\libfftw-3.2.2\release\kernel\pickdim.obj
c:\oss\third_party\fftw\fftw-3.2.2\fftw-3.2.2-libs\libfftw-3.2.2\release\kernel\ops.obj
c:\oss\third_party\fftw\fftw-3.2.2\fftw-3.2.2-libs\libfftw-3.2.2\release\kernel\minmax.obj
c:\oss\third_party\fftw\fftw-3.2.2\fftw-3.2.2-libs\libfftw-3.2.2\release\kernel\md5.obj
c:\oss\third_party\fftw\fftw-3.2.2\fftw-3.2.2-libs\libfftw-3.2.2\release\kernel\md5-1.obj
c:\oss\third_party\fftw\fftw-3.2.2\fftw-3.2.2-libs\libfftw-3.2.2\release\kernel\kalloc.obj
c:\oss\third_party\fftw\fftw-3.2.2\fftw-3.2.2-libs\libfftw-3.2.2\release\kernel\iabs.obj
c:\oss\third_party\fftw\fftw-3.2.2\fftw-3.2.2-libs\libfftw-3.2.2\release\kernel\hash.obj
c:\oss\third_party\fftw\fftw-3.2.2\fftw-3.2.2-libs\libfftw-3.2.2\release\kernel\extract-reim.obj
c:\oss\third_party\fftw\fftw-3.2.2\fftw-3.2.2-libs\libfftw-3.2.2\release\kernel\debug.obj
c:\oss\third_party\fftw\fftw-3.2.2\fftw-3.2.2-libs\libfftw-3.2.2\release\kernel\ct.obj
c:\oss\third_party\fftw\fftw-3.2.2\fftw-3.2.2-libs\libfftw-3.2.2\release\kernel\cpy2d.obj
c:\oss\third_party\fftw\fftw-3.2.2\fftw-3.2.2-libs\libfftw-3.2.2\release\kernel\cpy2d-pair.obj
c:\oss\third_party\fftw\fftw-3.2.2\fftw-3.2.2-libs\libfftw-3.2.2\release\kernel\cpy1d.obj
c:\oss\third_party\fftw\fftw-3.2.2\fftw-3.2.2-libs\libfftw-3.2.2\release\kernel\buffered.obj
c:\oss\third_party\fftw\fftw-3.2.2\fftw-3.2.2-libs\libfftw-3.2.2\release\kernel\awake.obj
c:\oss\third_party\fftw\fftw-3.2.2\fftw-3.2.2-libs\libfftw-3.2.2\release\kernel\assert.obj
c:\oss\third_party\fftw\fftw-3.2.2\fftw-3.2.2-libs\libfftw-3.2.2\release\kernel\alloc.obj
c:\oss\third_party\fftw\fftw-3.2.2\fftw-3.2.2-libs\libfftw-3.2.2\release\kernel\align.obj
c:\oss\third_party\fftw\fftw-3.2.2\fftw-3.2.2-libs\libfftw-3.2.2\release\kernel\timer.obj
c:\oss\third_party\fftw\fftw-3.2.2\fftw-3.2.2-libs\libfftw-3.2.2\release\kernel\tile2d.obj
c:\oss\third_party\fftw\fftw-3.2.2\fftw-3.2.2-libs\libfftw-3.2.2\release\kernel\tensor9.obj
c:\oss\third_party\fftw\fftw-3.2.2\fftw-3.2.2-libs\libfftw-3.2.2\release\kernel\tensor8.obj
c:\oss\third_party\fftw\fftw-3.2.2\fftw-3.2.2-libs\libfftw-3.2.2\release\kernel\tensor7.obj
c:\oss\third_party\fftw\fftw-3.2.2\fftw-3.2.2-libs\libfftw-3.2.2\release\kernel\tensor5.obj
c:\oss\third_party\fftw\fftw-3.2.2\fftw-3.2.2-libs\libfftw-3.2.2\release\kernel\tensor4.obj
c:\oss\third_party\fftw\fftw-3.2.2\fftw-3.2.2-libs\libfftw-3.2.2\release\kernel\tensor3.obj
c:\oss\third_party\fftw\fftw-3.2.2\fftw-3.2.2-libs\libfftw-3.2.2\release\kernel\tensor2.obj
c:\oss\third_party\fftw\fftw-3.2.2\fftw-3.2.2-libs\libfftw-3.2.2\release\kernel\tensor1.obj
c:\oss\third_party\fftw\fftw-3.2.2\fftw-3.2.2-libs\libfftw-3.2.2\release\kernel\tensor.obj
c:\oss\third_party\fftw\fftw-3.2.2\fftw-3.2.2-libs\libfftw-3.2.2\release\kernel\stride.obj
c:\oss\third_party\fftw\fftw-3.2.2\fftw-3.2.2-libs\libfftw-3.2.2\release\kernel\solvtab.obj
c:\oss\third_party\fftw\fftw-3.2.2\fftw-3.2.2-libs\libfftw-3.2.2\release\kernel\solver.obj
c:\oss\third_party\fftw\fftw-3.2.2\fftw-3.2.2-libs\libfftw-3.2.2\release\kernel\scan.obj
c:\oss\third_party\fftw\fftw-3.2.2\fftw-3.2.2-libs\libfftw-3.2.2\release\kernel\rader.obj
c:\oss\third_party\fftw\fftw-3.2.2\fftw-3.2.2-libs\libfftw-3.2.2\release\kernel\problem.obj
c:\oss\third_party\fftw\fftw-3.2.2\fftw-3.2.2-libs\libfftw-3.2.2\release\kernel\print.obj
c:\oss\third_party\fftw\fftw-3.2.2\fftw-3.2.2-libs\libfftw-3.2.2\release\kernel\primes.obj
c:\oss\third_party\fftw\fftw-3.2.2\fftw-3.2.2-libs\libfftw-3.2.2\release\kernel\planner.obj
c:\oss\third_party\fftw\fftw-3.2.2\fftw-3.2.2-libs\libfftw-3.2.2\release\kernel\twiddle.obj
c:\oss\third_party\fftw\fftw-3.2.2\fftw-3.2.2-libs\libfftw-3.2.2\release\kernel\trig.obj
c:\oss\third_party\fftw\fftw-3.2.2\fftw-3.2.2-libs\libfftw-3.2.2\release\kernel\transpose.obj
c:\oss\third_party\fftw\fftw-3.2.2\fftw-3.2.2-libs\libfftw-3.2.2\release\rdft\kr2r.obj
c:\oss\third_party\fftw\fftw-3.2.2\fftw-3.2.2-libs\libfftw-3.2.2\release\rdft\kr2c.obj
c:\oss\third_party\fftw\fftw-3.2.2\fftw-3.2.2-libs\libfftw-3.2.2\release\rdft\khc2hc.obj
c:\oss\third_party\fftw\fftw-3.2.2\fftw-3.2.2-libs\libfftw-3.2.2\release\rdft\khc2c.obj
c:\oss\third_party\fftw\fftw-3.2.2\fftw-3.2.2-libs\libfftw-3.2.2\release\rdft\indirect.obj
c:\oss\third_party\fftw\fftw-3.2.2\fftw-3.2.2-libs\libfftw-3.2.2\release\rdft\hc2hc.obj
c:\oss\third_party\fftw\fftw-3.2.2\fftw-3.2.2-libs\libfftw-3.2.2\release\rdft\hc2hc-generic.obj
c:\oss\third_party\fftw\fftw-3.2.2\fftw-3.2.2-libs\libfftw-3.2.2\release\rdft\hc2hc-direct.obj
c:\oss\third_party\fftw\fftw-3.2.2\fftw-3.2.2-libs\libfftw-3.2.2\release\rdft\generic.obj
c:\oss\third_party\fftw\fftw-3.2.2\fftw-3.2.2-libs\libfftw-3.2.2\release\rdft\direct2.obj
c:\oss\third_party\fftw\fftw-3.2.2\fftw-3.2.2-libs\libfftw-3.2.2\release\rdft\direct-r2r.obj
c:\oss\third_party\fftw\fftw-3.2.2\fftw-3.2.2-libs\libfftw-3.2.2\release\rdft\direct-r2c.obj
c:\oss\third_party\fftw\fftw-3.2.2\fftw-3.2.2-libs\libfftw-3.2.2\release\rdft\dht-rader.obj
c:\oss\third_party\fftw\fftw-3.2.2\fftw-3.2.2-libs\libfftw-3.2.2\release\rdft\dht-r2hc.obj
c:\oss\third_party\fftw\fftw-3.2.2\fftw-3.2.2-libs\libfftw-3.2.2\release\rdft\dft-r2hc.obj
c:\oss\third_party\fftw\fftw-3.2.2\fftw-3.2.2-libs\libfftw-3.2.2\release\rdft\ct-hc2c.obj
c:\oss\third_party\fftw\fftw-3.2.2\fftw-3.2.2-libs\libfftw-3.2.2\release\rdft\ct-hc2c-direct.obj
c:\oss\third_party\fftw\fftw-3.2.2\fftw-3.2.2-libs\libfftw-3.2.2\release\rdft\conf.obj
c:\oss\third_party\fftw\fftw-3.2.2\fftw-3.2.2-libs\libfftw-3.2.2\release\rdft\buffered2.obj
c:\oss\third_party\fftw\fftw-3.2.2\fftw-3.2.2-libs\libfftw-3.2.2\release\rdft\buffered.obj
c:\oss\third_party\fftw\fftw-3.2.2\fftw-3.2.2-libs\libfftw-3.2.2\release\rdft\vrank3-transpose.obj
c:\oss\third_party\fftw\fftw-3.2.2\fftw-3.2.2-libs\libfftw-3.2.2\release\rdft\vrank-geq1.obj
c:\oss\third_party\fftw\fftw-3.2.2\fftw-3.2.2-libs\libfftw-3.2.2\release\rdft\vrank-geq1-rdft2.obj
c:\oss\third_party\fftw\fftw-3.2.2\fftw-3.2.2-libs\libfftw-3.2.2\release\rdft\solve2.obj
c:\oss\third_party\fftw\fftw-3.2.2\fftw-3.2.2-libs\libfftw-3.2.2\release\rdft\solve.obj
c:\oss\third_party\fftw\fftw-3.2.2\fftw-3.2.2-libs\libfftw-3.2.2\release\rdft\rdft2-tensor-max-index.obj
c:\oss\third_party\fftw\fftw-3.2.2\fftw-3.2.2-libs\libfftw-3.2.2\release\rdft\rdft2-strides.obj
c:\oss\third_party\fftw\fftw-3.2.2\fftw-3.2.2-libs\libfftw-3.2.2\release\rdft\rdft2-rdft.obj
c:\oss\third_party\fftw\fftw-3.2.2\fftw-3.2.2-libs\libfftw-3.2.2\release\rdft\rdft2-inplace-strides.obj
c:\oss\third_party\fftw\fftw-3.2.2\fftw-3.2.2-libs\libfftw-3.2.2\release\rdft\rdft-dht.obj
c:\oss\third_party\fftw\fftw-3.2.2\fftw-3.2.2-libs\libfftw-3.2.2\release\rdft\rank0.obj
c:\oss\third_party\fftw\fftw-3.2.2\fftw-3.2.2-libs\libfftw-3.2.2\release\rdft\rank0-rdft2.obj
c:\oss\third_party\fftw\fftw-3.2.2\fftw-3.2.2-libs\libfftw-3.2.2\release\rdft\rank-geq2.obj
c:\oss\third_party\fftw\fftw-3.2.2\fftw-3.2.2-libs\libfftw-3.2.2\release\rdft\rank-geq2-rdft2.obj
c:\oss\third_party\fftw\fftw-3.2.2\fftw-3.2.2-libs\libfftw-3.2.2\release\rdft\problem2.obj
c:\oss\third_party\fftw\fftw-3.2.2\fftw-3.2.2-libs\libfftw-3.2.2\release\rdft\problem.obj
c:\oss\third_party\fftw\fftw-3.2.2\fftw-3.2.2-libs\libfftw-3.2.2\release\rdft\plan2.obj
c:\oss\third_party\fftw\fftw-3.2.2\fftw-3.2.2-libs\libfftw-3.2.2\release\rdft\plan.obj
c:\oss\third_party\fftw\fftw-3.2.2\fftw-3.2.2-libs\libfftw-3.2.2\release\rdft\nop2.obj
c:\oss\third_party\fftw\fftw-3.2.2\fftw-3.2.2-libs\libfftw-3.2.2\release\rdft\nop.obj
c:\oss\third_party\fftw\fftw-3.2.2\fftw-3.2.2-libs\libfftw-3.2.2\release\rdft\scalar\r2r.obj
c:\oss\third_party\fftw\fftw-3.2.2\fftw-3.2.2-libs\libfftw-3.2.2\release\rdft\scalar\r2c.obj
c:\oss\third_party\fftw\fftw-3.2.2\fftw-3.2.2-libs\libfftw-3.2.2\release\rdft\scalar\hfb.obj
c:\oss\third_party\fftw\fftw-3.2.2\fftw-3.2.2-libs\libfftw-3.2.2\release\rdft\scalar\hc2c.obj
c:\oss\third_party\fftw\fftw-3.2.2\fftw-3.2.2-libs\libfftw-3.2.2\release\rdft\scalar\r2cb\hb_6.obj
c:\oss\third_party\fftw\fftw-3.2.2\fftw-3.2.2-libs\libfftw-3.2.2\release\rdft\scalar\r2cb\hb_5.obj
c:\oss\third_party\fftw\fftw-3.2.2\fftw-3.2.2-libs\libfftw-3.2.2\release\rdft\scalar\r2cb\hb_4.obj
c:\oss\third_party\fftw\fftw-3.2.2\fftw-3.2.2-libs\libfftw-3.2.2\release\rdft\scalar\r2cb\hb_32.obj
c:\oss\third_party\fftw\fftw-3.2.2\fftw-3.2.2-libs\libfftw-3.2.2\release\rdft\scalar\r2cb\hb_3.obj
c:\oss\third_party\fftw\fftw-3.2.2\fftw-3.2.2-libs\libfftw-3.2.2\release\rdft\scalar\r2cb\hb_25.obj
c:\oss\third_party\fftw\fftw-3.2.2\fftw-3.2.2-libs\libfftw-3.2.2\release\rdft\scalar\r2cb\hb_20.obj
c:\oss\third_party\fftw\fftw-3.2.2\fftw-3.2.2-libs\libfftw-3.2.2\release\rdft\scalar\r2cb\hb_2.obj
c:\oss\third_party\fftw\fftw-3.2.2\fftw-3.2.2-libs\libfftw-3.2.2\release\rdft\scalar\r2cb\hb_16.obj
c:\oss\third_party\fftw\fftw-3.2.2\fftw-3.2.2-libs\libfftw-3.2.2\release\rdft\scalar\r2cb\hb_15.obj
c:\oss\third_party\fftw\fftw-3.2.2\fftw-3.2.2-libs\libfftw-3.2.2\release\rdft\scalar\r2cb\hb_12.obj
c:\oss\third_party\fftw\fftw-3.2.2\fftw-3.2.2-libs\libfftw-3.2.2\release\rdft\scalar\r2cb\hb_10.obj
c:\oss\third_party\fftw\fftw-3.2.2\fftw-3.2.2-libs\libfftw-3.2.2\release\rdft\scalar\r2cb\hb2_8.obj
c:\oss\third_party\fftw\fftw-3.2.2\fftw-3.2.2-libs\libfftw-3.2.2\release\rdft\scalar\r2cb\hb2_5.obj
c:\oss\third_party\fftw\fftw-3.2.2\fftw-3.2.2-libs\libfftw-3.2.2\release\rdft\scalar\r2cb\hb2_4.obj
c:\oss\third_party\fftw\fftw-3.2.2\fftw-3.2.2-libs\libfftw-3.2.2\release\rdft\scalar\r2cb\hb2_32.obj
c:\oss\third_party\fftw\fftw-3.2.2\fftw-3.2.2-libs\libfftw-3.2.2\release\rdft\scalar\r2cb\hb2_25.obj
c:\oss\third_party\fftw\fftw-3.2.2\fftw-3.2.2-libs\libfftw-3.2.2\release\rdft\scalar\r2cb\hb2_20.obj
c:\oss\third_party\fftw\fftw-3.2.2\fftw-3.2.2-libs\libfftw-3.2.2\release\rdft\scalar\r2cb\hb2_16.obj
c:\oss\third_party\fftw\fftw-3.2.2\fftw-3.2.2-libs\libfftw-3.2.2\release\rdft\scalar\r2cb\codlist.obj
c:\oss\third_party\fftw\fftw-3.2.2\fftw-3.2.2-libs\libfftw-3.2.2\release\rdft\scalar\r2cb\hc2cbdft_32.obj
c:\oss\third_party\fftw\fftw-3.2.2\fftw-3.2.2-libs\libfftw-3.2.2\release\rdft\scalar\r2cb\hc2cbdft_20.obj
c:\oss\third_party\fftw\fftw-3.2.2\fftw-3.2.2-libs\libfftw-3.2.2\release\rdft\scalar\r2cb\hc2cbdft_2.obj
c:\oss\third_party\fftw\fftw-3.2.2\fftw-3.2.2-libs\libfftw-3.2.2\release\rdft\scalar\r2cb\hc2cbdft_16.obj
c:\oss\third_party\fftw\fftw-3.2.2\fftw-3.2.2-libs\libfftw-3.2.2\release\rdft\scalar\r2cb\hc2cbdft_12.obj
c:\oss\third_party\fftw\fftw-3.2.2\fftw-3.2.2-libs\libfftw-3.2.2\release\rdft\scalar\r2cb\hc2cbdft_10.obj
c:\oss\third_party\fftw\fftw-3.2.2\fftw-3.2.2-libs\libfftw-3.2.2\release\rdft\scalar\r2cb\hc2cbdft2_8.obj
c:\oss\third_party\fftw\fftw-3.2.2\fftw-3.2.2-libs\libfftw-3.2.2\release\rdft\scalar\r2cb\hc2cbdft2_4.obj
c:\oss\third_party\fftw\fftw-3.2.2\fftw-3.2.2-libs\libfftw-3.2.2\release\rdft\scalar\r2cb\hc2cbdft2_32.obj
c:\oss\third_party\fftw\fftw-3.2.2\fftw-3.2.2-libs\libfftw-3.2.2\release\rdft\scalar\r2cb\hc2cbdft2_20.obj
c:\oss\third_party\fftw\fftw-3.2.2\fftw-3.2.2-libs\libfftw-3.2.2\release\rdft\scalar\r2cb\hc2cbdft2_16.obj
c:\oss\third_party\fftw\fftw-3.2.2\fftw-3.2.2-libs\libfftw-3.2.2\release\rdft\scalar\r2cb\hc2cb2_8.obj
c:\oss\third_party\fftw\fftw-3.2.2\fftw-3.2.2-libs\libfftw-3.2.2\release\rdft\scalar\r2cb\hc2cb2_4.obj
c:\oss\third_party\fftw\fftw-3.2.2\fftw-3.2.2-libs\libfftw-3.2.2\release\rdft\scalar\r2cb\hc2cb2_32.obj
c:\oss\third_party\fftw\fftw-3.2.2\fftw-3.2.2-libs\libfftw-3.2.2\release\rdft\scalar\r2cb\hc2cb2_20.obj
c:\oss\third_party\fftw\fftw-3.2.2\fftw-3.2.2-libs\libfftw-3.2.2\release\rdft\scalar\r2cb\hc2cb2_16.obj
c:\oss\third_party\fftw\fftw-3.2.2\fftw-3.2.2-libs\libfftw-3.2.2\release\rdft\scalar\r2cb\hb_9.obj
c:\oss\third_party\fftw\fftw-3.2.2\fftw-3.2.2-libs\libfftw-3.2.2\release\rdft\scalar\r2cb\hb_8.obj
c:\oss\third_party\fftw\fftw-3.2.2\fftw-3.2.2-libs\libfftw-3.2.2\release\rdft\scalar\r2cb\hb_7.obj
c:\oss\third_party\fftw\fftw-3.2.2\fftw-3.2.2-libs\libfftw-3.2.2\release\rdft\scalar\r2cb\hb_64.obj
c:\oss\third_party\fftw\fftw-3.2.2\fftw-3.2.2-libs\libfftw-3.2.2\release\rdft\scalar\r2cb\r2cbiii_3.obj
c:\oss\third_party\fftw\fftw-3.2.2\fftw-3.2.2-libs\libfftw-3.2.2\release\rdft\scalar\r2cb\r2cbiii_25.obj
c:\oss\third_party\fftw\fftw-3.2.2\fftw-3.2.2-libs\libfftw-3.2.2\release\rdft\scalar\r2cb\r2cbiii_20.obj
c:\oss\third_party\fftw\fftw-3.2.2\fftw-3.2.2-libs\libfftw-3.2.2\release\rdft\scalar\r2cb\r2cbiii_2.obj
c:\oss\third_party\fftw\fftw-3.2.2\fftw-3.2.2-libs\libfftw-3.2.2\release\rdft\scalar\r2cb\r2cbiii_16.obj
c:\oss\third_party\fftw\fftw-3.2.2\fftw-3.2.2-libs\libfftw-3.2.2\release\rdft\scalar\r2cb\r2cbiii_15.obj
c:\oss\third_party\fftw\fftw-3.2.2\fftw-3.2.2-libs\libfftw-3.2.2\release\rdft\scalar\r2cb\r2cbiii_12.obj
c:\oss\third_party\fftw\fftw-3.2.2\fftw-3.2.2-libs\libfftw-3.2.2\release\rdft\scalar\r2cb\r2cbiii_10.obj
c:\oss\third_party\fftw\fftw-3.2.2\fftw-3.2.2-libs\libfftw-3.2.2\release\rdft\scalar\r2cb\hc2cb_8.obj
c:\oss\third_party\fftw\fftw-3.2.2\fftw-3.2.2-libs\libfftw-3.2.2\release\rdft\scalar\r2cb\hc2cb_6.obj
c:\oss\third_party\fftw\fftw-3.2.2\fftw-3.2.2-libs\libfftw-3.2.2\release\rdft\scalar\r2cb\hc2cb_4.obj
c:\oss\third_party\fftw\fftw-3.2.2\fftw-3.2.2-libs\libfftw-3.2.2\release\rdft\scalar\r2cb\hc2cb_32.obj
c:\oss\third_party\fftw\fftw-3.2.2\fftw-3.2.2-libs\libfftw-3.2.2\release\rdft\scalar\r2cb\hc2cb_20.obj
c:\oss\third_party\fftw\fftw-3.2.2\fftw-3.2.2-libs\libfftw-3.2.2\release\rdft\scalar\r2cb\hc2cb_2.obj
c:\oss\third_party\fftw\fftw-3.2.2\fftw-3.2.2-libs\libfftw-3.2.2\release\rdft\scalar\r2cb\hc2cb_16.obj
c:\oss\third_party\fftw\fftw-3.2.2\fftw-3.2.2-libs\libfftw-3.2.2\release\rdft\scalar\r2cb\hc2cb_12.obj
c:\oss\third_party\fftw\fftw-3.2.2\fftw-3.2.2-libs\libfftw-3.2.2\release\rdft\scalar\r2cb\hc2cb_10.obj
c:\oss\third_party\fftw\fftw-3.2.2\fftw-3.2.2-libs\libfftw-3.2.2\release\rdft\scalar\r2cb\hc2cbdft_8.obj
c:\oss\third_party\fftw\fftw-3.2.2\fftw-3.2.2-libs\libfftw-3.2.2\release\rdft\scalar\r2cb\hc2cbdft_6.obj
c:\oss\third_party\fftw\fftw-3.2.2\fftw-3.2.2-libs\libfftw-3.2.2\release\rdft\scalar\r2cb\hc2cbdft_4.obj
c:\oss\third_party\fftw\fftw-3.2.2\fftw-3.2.2-libs\libfftw-3.2.2\release\rdft\scalar\r2cb\r2cb_3.obj
c:\oss\third_party\fftw\fftw-3.2.2\fftw-3.2.2-libs\libfftw-3.2.2\release\rdft\scalar\r2cb\r2cb_25.obj
c:\oss\third_party\fftw\fftw-3.2.2\fftw-3.2.2-libs\libfftw-3.2.2\release\rdft\scalar\r2cb\r2cb_20.obj
c:\oss\third_party\fftw\fftw-3.2.2\fftw-3.2.2-libs\libfftw-3.2.2\release\rdft\scalar\r2cb\r2cb_2.obj
c:\oss\third_party\fftw\fftw-3.2.2\fftw-3.2.2-libs\libfftw-3.2.2\release\rdft\scalar\r2cb\r2cb_16.obj
c:\oss\third_party\fftw\fftw-3.2.2\fftw-3.2.2-libs\libfftw-3.2.2\release\rdft\scalar\r2cb\r2cb_15.obj
c:\oss\third_party\fftw\fftw-3.2.2\fftw-3.2.2-libs\libfftw-3.2.2\release\rdft\scalar\r2cb\r2cb_14.obj
c:\oss\third_party\fftw\fftw-3.2.2\fftw-3.2.2-libs\libfftw-3.2.2\release\rdft\scalar\r2cb\r2cb_13.obj
c:\oss\third_party\fftw\fftw-3.2.2\fftw-3.2.2-libs\libfftw-3.2.2\release\rdft\scalar\r2cb\r2cb_128.obj
c:\oss\third_party\fftw\fftw-3.2.2\fftw-3.2.2-libs\libfftw-3.2.2\release\rdft\scalar\r2cb\r2cb_12.obj
c:\oss\third_party\fftw\fftw-3.2.2\fftw-3.2.2-libs\libfftw-3.2.2\release\rdft\scalar\r2cb\r2cb_11.obj
c:\oss\third_party\fftw\fftw-3.2.2\fftw-3.2.2-libs\libfftw-3.2.2\release\rdft\scalar\r2cb\r2cb_10.obj
c:\oss\third_party\fftw\fftw-3.2.2\fftw-3.2.2-libs\libfftw-3.2.2\release\rdft\scalar\r2cb\r2cbiii_9.obj
c:\oss\third_party\fftw\fftw-3.2.2\fftw-3.2.2-libs\libfftw-3.2.2\release\rdft\scalar\r2cb\r2cbiii_8.obj
c:\oss\third_party\fftw\fftw-3.2.2\fftw-3.2.2-libs\libfftw-3.2.2\release\rdft\scalar\r2cb\r2cbiii_7.obj
c:\oss\third_party\fftw\fftw-3.2.2\fftw-3.2.2-libs\libfftw-3.2.2\release\rdft\scalar\r2cb\r2cbiii_64.obj
c:\oss\third_party\fftw\fftw-3.2.2\fftw-3.2.2-libs\libfftw-3.2.2\release\rdft\scalar\r2cb\r2cbiii_6.obj
c:\oss\third_party\fftw\fftw-3.2.2\fftw-3.2.2-libs\libfftw-3.2.2\release\rdft\scalar\r2cb\r2cbiii_5.obj
c:\oss\third_party\fftw\fftw-3.2.2\fftw-3.2.2-libs\libfftw-3.2.2\release\rdft\scalar\r2cb\r2cbiii_4.obj
c:\oss\third_party\fftw\fftw-3.2.2\fftw-3.2.2-libs\libfftw-3.2.2\release\rdft\scalar\r2cb\r2cbiii_32.obj
c:\oss\third_party\fftw\fftw-3.2.2\fftw-3.2.2-libs\libfftw-3.2.2\release\rdft\scalar\r2cb\r2cb_9.obj
c:\oss\third_party\fftw\fftw-3.2.2\fftw-3.2.2-libs\libfftw-3.2.2\release\rdft\scalar\r2cb\r2cb_8.obj
c:\oss\third_party\fftw\fftw-3.2.2\fftw-3.2.2-libs\libfftw-3.2.2\release\rdft\scalar\r2cb\r2cb_7.obj
c:\oss\third_party\fftw\fftw-3.2.2\fftw-3.2.2-libs\libfftw-3.2.2\release\rdft\scalar\r2cb\r2cb_64.obj
c:\oss\third_party\fftw\fftw-3.2.2\fftw-3.2.2-libs\libfftw-3.2.2\release\rdft\scalar\r2cb\r2cb_6.obj
c:\oss\third_party\fftw\fftw-3.2.2\fftw-3.2.2-libs\libfftw-3.2.2\release\rdft\scalar\r2cb\r2cb_5.obj
c:\oss\third_party\fftw\fftw-3.2.2\fftw-3.2.2-libs\libfftw-3.2.2\release\rdft\scalar\r2cb\r2cb_4.obj
c:\oss\third_party\fftw\fftw-3.2.2\fftw-3.2.2-libs\libfftw-3.2.2\release\rdft\scalar\r2cb\r2cb_32.obj
c:\oss\third_party\fftw\fftw-3.2.2\fftw-3.2.2-libs\libfftw-3.2.2\release\rdft\scalar\r2cf\hc2cfdft_8.obj
c:\oss\third_party\fftw\fftw-3.2.2\fftw-3.2.2-libs\libfftw-3.2.2\release\rdft\scalar\r2cf\hc2cfdft_6.obj
c:\oss\third_party\fftw\fftw-3.2.2\fftw-3.2.2-libs\libfftw-3.2.2\release\rdft\scalar\r2cf\hc2cfdft_4.obj
c:\oss\third_party\fftw\fftw-3.2.2\fftw-3.2.2-libs\libfftw-3.2.2\release\rdft\scalar\r2cf\hc2cfdft_32.obj
c:\oss\third_party\fftw\fftw-3.2.2\fftw-3.2.2-libs\libfftw-3.2.2\release\rdft\scalar\r2cf\hc2cfdft_20.obj
c:\oss\third_party\fftw\fftw-3.2.2\fftw-3.2.2-libs\libfftw-3.2.2\release\rdft\scalar\r2cf\hc2cfdft_2.obj
c:\oss\third_party\fftw\fftw-3.2.2\fftw-3.2.2-libs\libfftw-3.2.2\release\rdft\scalar\r2cf\hc2cfdft_16.obj
c:\oss\third_party\fftw\fftw-3.2.2\fftw-3.2.2-libs\libfftw-3.2.2\release\rdft\scalar\r2cf\hc2cfdft_12.obj
c:\oss\third_party\fftw\fftw-3.2.2\fftw-3.2.2-libs\libfftw-3.2.2\release\rdft\scalar\r2cf\hc2cfdft_10.obj
c:\oss\third_party\fftw\fftw-3.2.2\fftw-3.2.2-libs\libfftw-3.2.2\release\rdft\scalar\r2cf\hc2cfdft2_8.obj
c:\oss\third_party\fftw\fftw-3.2.2\fftw-3.2.2-libs\libfftw-3.2.2\release\rdft\scalar\r2cf\hc2cfdft2_4.obj
c:\oss\third_party\fftw\fftw-3.2.2\fftw-3.2.2-libs\libfftw-3.2.2\release\rdft\scalar\r2cf\hc2cfdft2_32.obj
c:\oss\third_party\fftw\fftw-3.2.2\fftw-3.2.2-libs\libfftw-3.2.2\release\rdft\scalar\r2cf\hc2cfdft2_20.obj
c:\oss\third_party\fftw\fftw-3.2.2\fftw-3.2.2-libs\libfftw-3.2.2\release\rdft\scalar\r2cf\hc2cfdft2_16.obj
c:\oss\third_party\fftw\fftw-3.2.2\fftw-3.2.2-libs\libfftw-3.2.2\release\rdft\scalar\r2cf\hc2cf2_8.obj
c:\oss\third_party\fftw\fftw-3.2.2\fftw-3.2.2-libs\libfftw-3.2.2\release\rdft\scalar\r2cf\hc2cf2_4.obj
c:\oss\third_party\fftw\fftw-3.2.2\fftw-3.2.2-libs\libfftw-3.2.2\release\rdft\scalar\r2cf\hc2cf2_32.obj
c:\oss\third_party\fftw\fftw-3.2.2\fftw-3.2.2-libs\libfftw-3.2.2\release\rdft\scalar\r2cf\hc2cf2_20.obj
c:\oss\third_party\fftw\fftw-3.2.2\fftw-3.2.2-libs\libfftw-3.2.2\release\rdft\scalar\r2cf\hc2cf2_16.obj
c:\oss\third_party\fftw\fftw-3.2.2\fftw-3.2.2-libs\libfftw-3.2.2\release\rdft\scalar\r2cf\codlist.obj
c:\oss\third_party\fftw\fftw-3.2.2\fftw-3.2.2-libs\libfftw-3.2.2\release\rdft\scalar\r2cf\hf_16.obj
c:\oss\third_party\fftw\fftw-3.2.2\fftw-3.2.2-libs\libfftw-3.2.2\release\rdft\scalar\r2cf\hf_15.obj
c:\oss\third_party\fftw\fftw-3.2.2\fftw-3.2.2-libs\libfftw-3.2.2\release\rdft\scalar\r2cf\hf_12.obj
c:\oss\third_party\fftw\fftw-3.2.2\fftw-3.2.2-libs\libfftw-3.2.2\release\rdft\scalar\r2cf\hf_10.obj
c:\oss\third_party\fftw\fftw-3.2.2\fftw-3.2.2-libs\libfftw-3.2.2\release\rdft\scalar\r2cf\hf2_8.obj
c:\oss\third_party\fftw\fftw-3.2.2\fftw-3.2.2-libs\libfftw-3.2.2\release\rdft\scalar\r2cf\hf2_5.obj
c:\oss\third_party\fftw\fftw-3.2.2\fftw-3.2.2-libs\libfftw-3.2.2\release\rdft\scalar\r2cf\hf2_4.obj
c:\oss\third_party\fftw\fftw-3.2.2\fftw-3.2.2-libs\libfftw-3.2.2\release\rdft\scalar\r2cf\hf2_32.obj
c:\oss\third_party\fftw\fftw-3.2.2\fftw-3.2.2-libs\libfftw-3.2.2\release\rdft\scalar\r2cf\hf2_25.obj
c:\oss\third_party\fftw\fftw-3.2.2\fftw-3.2.2-libs\libfftw-3.2.2\release\rdft\scalar\r2cf\hf2_20.obj
c:\oss\third_party\fftw\fftw-3.2.2\fftw-3.2.2-libs\libfftw-3.2.2\release\rdft\scalar\r2cf\hf2_16.obj
c:\oss\third_party\fftw\fftw-3.2.2\fftw-3.2.2-libs\libfftw-3.2.2\release\rdft\scalar\r2cf\hc2cf_8.obj
c:\oss\third_party\fftw\fftw-3.2.2\fftw-3.2.2-libs\libfftw-3.2.2\release\rdft\scalar\r2cf\hc2cf_6.obj
c:\oss\third_party\fftw\fftw-3.2.2\fftw-3.2.2-libs\libfftw-3.2.2\release\rdft\scalar\r2cf\hc2cf_4.obj
c:\oss\third_party\fftw\fftw-3.2.2\fftw-3.2.2-libs\libfftw-3.2.2\release\rdft\scalar\r2cf\hc2cf_32.obj
c:\oss\third_party\fftw\fftw-3.2.2\fftw-3.2.2-libs\libfftw-3.2.2\release\rdft\scalar\r2cf\hc2cf_20.obj
c:\oss\third_party\fftw\fftw-3.2.2\fftw-3.2.2-libs\libfftw-3.2.2\release\rdft\scalar\r2cf\hc2cf_2.obj
c:\oss\third_party\fftw\fftw-3.2.2\fftw-3.2.2-libs\libfftw-3.2.2\release\rdft\scalar\r2cf\hc2cf_16.obj
c:\oss\third_party\fftw\fftw-3.2.2\fftw-3.2.2-libs\libfftw-3.2.2\release\rdft\scalar\r2cf\hc2cf_12.obj
c:\oss\third_party\fftw\fftw-3.2.2\fftw-3.2.2-libs\libfftw-3.2.2\release\rdft\scalar\r2cf\hc2cf_10.obj
c:\oss\third_party\fftw\fftw-3.2.2\fftw-3.2.2-libs\libfftw-3.2.2\release\rdft\scalar\r2cf\r2cfii_3.obj
c:\oss\third_party\fftw\fftw-3.2.2\fftw-3.2.2-libs\libfftw-3.2.2\release\rdft\scalar\r2cf\r2cfii_25.obj
c:\oss\third_party\fftw\fftw-3.2.2\fftw-3.2.2-libs\libfftw-3.2.2\release\rdft\scalar\r2cf\r2cfii_20.obj
c:\oss\third_party\fftw\fftw-3.2.2\fftw-3.2.2-libs\libfftw-3.2.2\release\rdft\scalar\r2cf\r2cfii_2.obj
c:\oss\third_party\fftw\fftw-3.2.2\fftw-3.2.2-libs\libfftw-3.2.2\release\rdft\scalar\r2cf\r2cfii_16.obj
c:\oss\third_party\fftw\fftw-3.2.2\fftw-3.2.2-libs\libfftw-3.2.2\release\rdft\scalar\r2cf\r2cfii_15.obj
c:\oss\third_party\fftw\fftw-3.2.2\fftw-3.2.2-libs\libfftw-3.2.2\release\rdft\scalar\r2cf\r2cfii_12.obj
c:\oss\third_party\fftw\fftw-3.2.2\fftw-3.2.2-libs\libfftw-3.2.2\release\rdft\scalar\r2cf\r2cfii_10.obj
c:\oss\third_party\fftw\fftw-3.2.2\fftw-3.2.2-libs\libfftw-3.2.2\release\rdft\scalar\r2cf\hf_9.obj
c:\oss\third_party\fftw\fftw-3.2.2\fftw-3.2.2-libs\libfftw-3.2.2\release\rdft\scalar\r2cf\hf_8.obj
c:\oss\third_party\fftw\fftw-3.2.2\fftw-3.2.2-libs\libfftw-3.2.2\release\rdft\scalar\r2cf\hf_7.obj
c:\oss\third_party\fftw\fftw-3.2.2\fftw-3.2.2-libs\libfftw-3.2.2\release\rdft\scalar\r2cf\hf_64.obj
c:\oss\third_party\fftw\fftw-3.2.2\fftw-3.2.2-libs\libfftw-3.2.2\release\rdft\scalar\r2cf\hf_6.obj
c:\oss\third_party\fftw\fftw-3.2.2\fftw-3.2.2-libs\libfftw-3.2.2\release\rdft\scalar\r2cf\hf_5.obj
c:\oss\third_party\fftw\fftw-3.2.2\fftw-3.2.2-libs\libfftw-3.2.2\release\rdft\scalar\r2cf\hf_4.obj
c:\oss\third_party\fftw\fftw-3.2.2\fftw-3.2.2-libs\libfftw-3.2.2\release\rdft\scalar\r2cf\hf_32.obj
c:\oss\third_party\fftw\fftw-3.2.2\fftw-3.2.2-libs\libfftw-3.2.2\release\rdft\scalar\r2cf\hf_3.obj
c:\oss\third_party\fftw\fftw-3.2.2\fftw-3.2.2-libs\libfftw-3.2.2\release\rdft\scalar\r2cf\hf_25.obj
c:\oss\third_party\fftw\fftw-3.2.2\fftw-3.2.2-libs\libfftw-3.2.2\release\rdft\scalar\r2cf\hf_20.obj
c:\oss\third_party\fftw\fftw-3.2.2\fftw-3.2.2-libs\libfftw-3.2.2\release\rdft\scalar\r2cf\hf_2.obj
c:\oss\third_party\fftw\fftw-3.2.2\fftw-3.2.2-libs\libfftw-3.2.2\release\rdft\scalar\r2cf\r2cf_3.obj
c:\oss\third_party\fftw\fftw-3.2.2\fftw-3.2.2-libs\libfftw-3.2.2\release\rdft\scalar\r2cf\r2cf_25.obj
c:\oss\third_party\fftw\fftw-3.2.2\fftw-3.2.2-libs\libfftw-3.2.2\release\rdft\scalar\r2cf\r2cf_20.obj
c:\oss\third_party\fftw\fftw-3.2.2\fftw-3.2.2-libs\libfftw-3.2.2\release\rdft\scalar\r2cf\r2cf_2.obj
c:\oss\third_party\fftw\fftw-3.2.2\fftw-3.2.2-libs\libfftw-3.2.2\release\rdft\scalar\r2cf\r2cf_16.obj
c:\oss\third_party\fftw\fftw-3.2.2\fftw-3.2.2-libs\libfftw-3.2.2\release\rdft\scalar\r2cf\r2cf_15.obj
c:\oss\third_party\fftw\fftw-3.2.2\fftw-3.2.2-libs\libfftw-3.2.2\release\rdft\scalar\r2cf\r2cf_14.obj
c:\oss\third_party\fftw\fftw-3.2.2\fftw-3.2.2-libs\libfftw-3.2.2\release\rdft\scalar\r2cf\r2cf_13.obj
c:\oss\third_party\fftw\fftw-3.2.2\fftw-3.2.2-libs\libfftw-3.2.2\release\rdft\scalar\r2cf\r2cf_128.obj
c:\oss\third_party\fftw\fftw-3.2.2\fftw-3.2.2-libs\libfftw-3.2.2\release\rdft\scalar\r2cf\r2cf_12.obj
c:\oss\third_party\fftw\fftw-3.2.2\fftw-3.2.2-libs\libfftw-3.2.2\release\rdft\scalar\r2cf\r2cf_11.obj
c:\oss\third_party\fftw\fftw-3.2.2\fftw-3.2.2-libs\libfftw-3.2.2\release\rdft\scalar\r2cf\r2cf_10.obj
c:\oss\third_party\fftw\fftw-3.2.2\fftw-3.2.2-libs\libfftw-3.2.2\release\rdft\scalar\r2cf\r2cfii_9.obj
c:\oss\third_party\fftw\fftw-3.2.2\fftw-3.2.2-libs\libfftw-3.2.2\release\rdft\scalar\r2cf\r2cfii_8.obj
c:\oss\third_party\fftw\fftw-3.2.2\fftw-3.2.2-libs\libfftw-3.2.2\release\rdft\scalar\r2cf\r2cfii_7.obj
c:\oss\third_party\fftw\fftw-3.2.2\fftw-3.2.2-libs\libfftw-3.2.2\release\rdft\scalar\r2cf\r2cfii_64.obj
c:\oss\third_party\fftw\fftw-3.2.2\fftw-3.2.2-libs\libfftw-3.2.2\release\rdft\scalar\r2cf\r2cfii_6.obj
c:\oss\third_party\fftw\fftw-3.2.2\fftw-3.2.2-libs\libfftw-3.2.2\release\rdft\scalar\r2cf\r2cfii_5.obj
c:\oss\third_party\fftw\fftw-3.2.2\fftw-3.2.2-libs\libfftw-3.2.2\release\rdft\scalar\r2cf\r2cfii_4.obj
c:\oss\third_party\fftw\fftw-3.2.2\fftw-3.2.2-libs\libfftw-3.2.2\release\rdft\scalar\r2cf\r2cfii_32.obj
c:\oss\third_party\fftw\fftw-3.2.2\fftw-3.2.2-libs\libfftw-3.2.2\release\rdft\scalar\r2cf\r2cf_9.obj
c:\oss\third_party\fftw\fftw-3.2.2\fftw-3.2.2-libs\libfftw-3.2.2\release\rdft\scalar\r2cf\r2cf_8.obj
c:\oss\third_party\fftw\fftw-3.2.2\fftw-3.2.2-libs\libfftw-3.2.2\release\rdft\scalar\r2cf\r2cf_7.obj
c:\oss\third_party\fftw\fftw-3.2.2\fftw-3.2.2-libs\libfftw-3.2.2\release\rdft\scalar\r2cf\r2cf_64.obj
c:\oss\third_party\fftw\fftw-3.2.2\fftw-3.2.2-libs\libfftw-3.2.2\release\rdft\scalar\r2cf\r2cf_6.obj
c:\oss\third_party\fftw\fftw-3.2.2\fftw-3.2.2-libs\libfftw-3.2.2\release\rdft\scalar\r2cf\r2cf_5.obj
c:\oss\third_party\fftw\fftw-3.2.2\fftw-3.2.2-libs\libfftw-3.2.2\release\rdft\scalar\r2cf\r2cf_4.obj
c:\oss\third_party\fftw\fftw-3.2.2\fftw-3.2.2-libs\libfftw-3.2.2\release\rdft\scalar\r2cf\r2cf_32.obj
c:\oss\third_party\fftw\fftw-3.2.2\fftw-3.2.2-libs\libfftw-3.2.2\release\rdft\scalar\r2r\e10_8.obj
c:\oss\third_party\fftw\fftw-3.2.2\fftw-3.2.2-libs\libfftw-3.2.2\release\rdft\scalar\r2r\e01_8.obj
c:\oss\third_party\fftw\fftw-3.2.2\fftw-3.2.2-libs\libfftw-3.2.2\release\rdft\scalar\r2r\codlist.obj
c:\oss\third_party\fftw\fftw-3.2.2\fftw-3.2.2-libs\libfftw-3.2.2\release\rdft\simd\codelets\hc2cfdftv_8.obj
c:\oss\third_party\fftw\fftw-3.2.2\fftw-3.2.2-libs\libfftw-3.2.2\release\rdft\simd\codelets\hc2cfdftv_6.obj
c:\oss\third_party\fftw\fftw-3.2.2\fftw-3.2.2-libs\libfftw-3.2.2\release\rdft\simd\codelets\hc2cfdftv_4.obj
c:\oss\third_party\fftw\fftw-3.2.2\fftw-3.2.2-libs\libfftw-3.2.2\release\rdft\simd\codelets\hc2cfdftv_32.obj
c:\oss\third_party\fftw\fftw-3.2.2\fftw-3.2.2-libs\libfftw-3.2.2\release\rdft\simd\codelets\hc2cfdftv_20.obj
c:\oss\third_party\fftw\fftw-3.2.2\fftw-3.2.2-libs\libfftw-3.2.2\release\rdft\simd\codelets\hc2cfdftv_2.obj
c:\oss\third_party\fftw\fftw-3.2.2\fftw-3.2.2-libs\libfftw-3.2.2\release\rdft\simd\codelets\hc2cfdftv_16.obj
c:\oss\third_party\fftw\fftw-3.2.2\fftw-3.2.2-libs\libfftw-3.2.2\release\rdft\simd\codelets\hc2cfdftv_12.obj
c:\oss\third_party\fftw\fftw-3.2.2\fftw-3.2.2-libs\libfftw-3.2.2\release\rdft\simd\codelets\hc2cfdftv_10.obj
c:\oss\third_party\fftw\fftw-3.2.2\fftw-3.2.2-libs\libfftw-3.2.2\release\rdft\simd\codelets\hc2cbdftv_8.obj
c:\oss\third_party\fftw\fftw-3.2.2\fftw-3.2.2-libs\libfftw-3.2.2\release\rdft\simd\codelets\hc2cbdftv_6.obj
c:\oss\third_party\fftw\fftw-3.2.2\fftw-3.2.2-libs\libfftw-3.2.2\release\rdft\simd\codelets\hc2cbdftv_4.obj
c:\oss\third_party\fftw\fftw-3.2.2\fftw-3.2.2-libs\libfftw-3.2.2\release\rdft\simd\codelets\hc2cbdftv_32.obj
c:\oss\third_party\fftw\fftw-3.2.2\fftw-3.2.2-libs\libfftw-3.2.2\release\rdft\simd\codelets\hc2cbdftv_20.obj
c:\oss\third_party\fftw\fftw-3.2.2\fftw-3.2.2-libs\libfftw-3.2.2\release\rdft\simd\codelets\hc2cbdftv_2.obj
c:\oss\third_party\fftw\fftw-3.2.2\fftw-3.2.2-libs\libfftw-3.2.2\release\rdft\simd\codelets\hc2cbdftv_16.obj
c:\oss\third_party\fftw\fftw-3.2.2\fftw-3.2.2-libs\libfftw-3.2.2\release\rdft\simd\codelets\hc2cbdftv_12.obj
c:\oss\third_party\fftw\fftw-3.2.2\fftw-3.2.2-libs\libfftw-3.2.2\release\rdft\simd\codelets\hc2cbdftv_10.obj
c:\oss\third_party\fftw\fftw-3.2.2\fftw-3.2.2-libs\libfftw-3.2.2\release\rdft\simd\codelets\codlist.obj
c:\oss\third_party\fftw\fftw-3.2.2\fftw-3.2.2-libs\libfftw-3.2.2\release\rdft\simd\hc2cfv.obj
c:\oss\third_party\fftw\fftw-3.2.2\fftw-3.2.2-libs\libfftw-3.2.2\release\rdft\simd\hc2cbv.obj
c:\oss\third_party\fftw\fftw-3.2.2\fftw-3.2.2-libs\libfftw-3.2.2\release\reodft\rodft00e-r2hc.obj
c:\oss\third_party\fftw\fftw-3.2.2\fftw-3.2.2-libs\libfftw-3.2.2\release\reodft\rodft00e-r2hc-pad.obj
c:\oss\third_party\fftw\fftw-3.2.2\fftw-3.2.2-libs\libfftw-3.2.2\release\reodft\reodft11e-radix2.obj
c:\oss\third_party\fftw\fftw-3.2.2\fftw-3.2.2-libs\libfftw-3.2.2\release\reodft\reodft11e-r2hc.obj
c:\oss\third_party\fftw\fftw-3.2.2\fftw-3.2.2-libs\libfftw-3.2.2\release\reodft\reodft11e-r2hc-odd.obj
c:\oss\third_party\fftw\fftw-3.2.2\fftw-3.2.2-libs\libfftw-3.2.2\release\reodft\reodft010e-r2hc.obj
c:\oss\third_party\fftw\fftw-3.2.2\fftw-3.2.2-libs\libfftw-3.2.2\release\reodft\reodft00e-splitradix.obj
c:\oss\third_party\fftw\fftw-3.2.2\fftw-3.2.2-libs\libfftw-3.2.2\release\reodft\redft00e-r2hc.obj
c:\oss\third_party\fftw\fftw-3.2.2\fftw-3.2.2-libs\libfftw-3.2.2\release\reodft\redft00e-r2hc-pad.obj
c:\oss\third_party\fftw\fftw-3.2.2\fftw-3.2.2-libs\libfftw-3.2.2\release\reodft\conf.obj
c:\oss\third_party\fftw\fftw-3.2.2\fftw-3.2.2-libs\libfftw-3.2.2\release\simd\taint.obj
c:\oss\third_party\fftw\fftw-3.2.2\fftw-3.2.2-libs\libfftw-3.2.2\release\simd\sse2.obj
c:\oss\third_party\fftw\fftw-3.2.2\fftw-3.2.2-libs\libfftw-3.2.2\release\simd\sse.obj
c:\oss\third_party\fftw\fftw-3.2.2\fftw-3.2.2-libs\libfftw-3.2.2\release\simd\mips_ps.obj
c:\oss\third_party\fftw\fftw-3.2.2\fftw-3.2.2-libs\libfftw-3.2.2\release\simd\altivec.obj
c:\oss\third_party\fftw\fftw-3.2.2\fftw-3.2.2-libs\libfftw-3.2.2\release\simd\nonportable\sse2.obj
c:\oss\third_party\fftw\fftw-3.2.2\fftw-3.2.2-libs\libfftw-3.2.2\release\simd\nonportable\sse.obj
c:\oss\third_party\fftw\fftw-3.2.2\fftw-3.2.2-libs\libfftw-3.2.2\release\threads\vrank-geq1-rdft2.obj
c:\oss\third_party\fftw\fftw-3.2.2\fftw-3.2.2-libs\libfftw-3.2.2\release\threads\threads.obj
c:\oss\third_party\fftw\fftw-3.2.2\fftw-3.2.2-libs\libfftw-3.2.2\release\threads\rdft-vrank-geq1.obj
c:\oss\third_party\fftw\fftw-3.2.2\fftw-3.2.2-libs\libfftw-3.2.2\release\threads\openmp.obj
c:\oss\third_party\fftw\fftw-3.2.2\fftw-3.2.2-libs\libfftw-3.2.2\release\threads\hc2hc.obj
c:\oss\third_party\fftw\fftw-3.2.2\fftw-3.2.2-libs\libfftw-3.2.2\release\threads\f77api.obj
c:\oss\third_party\fftw\fftw-3.2.2\fftw-3.2.2-libs\libfftw-3.2.2\release\threads\dft-vrank-geq1.obj
c:\oss\third_party\fftw\fftw-3.2.2\fftw-3.2.2-libs\libfftw-3.2.2\release\threads\ct.obj
c:\oss\third_party\fftw\fftw-3.2.2\fftw-3.2.2-libs\libfftw-3.2.2\release\threads\conf.obj
c:\oss\third_party\fftw\fftw-3.2.2\fftw-3.2.2-libs\libfftw-3.2.2\release\threads\api.obj
c:\oss\third_party\fftw\fftw-3.2.2\fftw-3.2.2-libs\release\libfftw-3.2.2.lib
c:\oss\third_party\fftw\fftw-3.2.2\fftw-3.2.2-libs\release\libfftw-3.2.2.exp
c:\oss\third_party\fftw\fftw-3.2.2\fftw-3.2.2-libs\release\libfftw-3.2.2.dll
c:\oss\third_party\fftw\fftw-3.2.2\fftw-3.2.2-libs\release\libfftw-3.2.2.ipdb
c:\oss\third_party\fftw\fftw-3.2.2\fftw-3.2.2-libs\release\libfftw-3.2.2.iobj
c:\oss\third_party\fftw\fftw-3.2.2\fftw-3.2.2-libs\release\libfftw-3.2.2.pdb
c:\oss\third_party\fftw\fftw-3.2.2\fftw-3.2.2-libs\libfftw-3.2.2\release\libfftw-3.2.2.tlog\cl.command.1.tlog
c:\oss\third_party\fftw\fftw-3.2.2\fftw-3.2.2-libs\libfftw-3.2.2\release\libfftw-3.2.2.tlog\cl.read.1.tlog
c:\oss\third_party\fftw\fftw-3.2.2\fftw-3.2.2-libs\libfftw-3.2.2\release\libfftw-3.2.2.tlog\cl.write.1.tlog
c:\oss\third_party\fftw\fftw-3.2.2\fftw-3.2.2-libs\libfftw-3.2.2\release\libfftw-3.2.2.tlog\libfftw-3.2.2.write.1u.tlog
c:\oss\third_party\fftw\fftw-3.2.2\fftw-3.2.2-libs\libfftw-3.2.2\release\libfftw-3.2.2.tlog\link.command.1.tlog
c:\oss\third_party\fftw\fftw-3.2.2\fftw-3.2.2-libs\libfftw-3.2.2\release\libfftw-3.2.2.tlog\link.read.1.tlog
c:\oss\third_party\fftw\fftw-3.2.2\fftw-3.2.2-libs\libfftw-3.2.2\release\libfftw-3.2.2.tlog\link.write.1.tlog
