idasHessian_ASA_FSA.obj : error LNK2019: unresolved external symbol __imp_N_VDestroy referenced in function main
idasHessian_ASA_FSA.obj : error LNK2019: unresolved external symbol __imp_N_VGetArrayPointer referenced in function res
idasHessian_ASA_FSA.obj : error LNK2019: unresolved external symbol __imp_N_VConst referenced in function main
idasHessian_ASA_FSA.obj : error LNK2019: unresolved external symbol __imp_N_VCloneVectorArray referenced in function main
idasHessian_ASA_FSA.obj : error LNK2019: unresolved external symbol __imp_N_VDestroyVectorArray referenced in function main
idasHessian_ASA_FSA.obj : error LNK2019: unresolved external symbol __imp_IDACreate referenced in function main
idasHessian_ASA_FSA.obj : error LNK2019: unresolved external symbol __imp_IDASetUserData referenced in function main
idasHessian_ASA_FSA.obj : error LNK2019: unresolved external symbol __imp_IDASetMaxNumSteps referenced in function main
idasHessian_ASA_FSA.obj : error LNK2019: unresolved external symbol __imp_IDAInit referenced in function main
idasHessian_ASA_FSA.obj : error LNK2019: unresolved external symbol __imp_IDAReInit referenced in function main
idasHessian_ASA_FSA.obj : error LNK2019: unresolved external symbol __imp_IDASStolerances referenced in function main
idasHessian_ASA_FSA.obj : error LNK2019: unresolved external symbol __imp_IDASetQuadErrCon referenced in function main
idasHessian_ASA_FSA.obj : error LNK2019: unresolved external symbol __imp_IDAQuadInit referenced in function main
idasHessian_ASA_FSA.obj : error LNK2019: unresolved external symbol __imp_IDAQuadReInit referenced in function main
idasHessian_ASA_FSA.obj : error LNK2019: unresolved external symbol __imp_IDAQuadSStolerances referenced in function main
idasHessian_ASA_FSA.obj : error LNK2019: unresolved external symbol __imp_IDASetSensErrCon referenced in function main
idasHessian_ASA_FSA.obj : error LNK2019: unresolved external symbol __imp_IDASensInit referenced in function main
idasHessian_ASA_FSA.obj : error LNK2019: unresolved external symbol __imp_IDASensEEtolerances referenced in function main
idasHessian_ASA_FSA.obj : error LNK2019: unresolved external symbol __imp_IDAQuadSensInit referenced in function main
idasHessian_ASA_FSA.obj : error LNK2019: unresolved external symbol __imp_IDAQuadSensEEtolerances referenced in function main
idasHessian_ASA_FSA.obj : error LNK2019: unresolved external symbol __imp_IDASetQuadSensErrCon referenced in function main
idasHessian_ASA_FSA.obj : error LNK2019: unresolved external symbol __imp_IDASolve referenced in function main
idasHessian_ASA_FSA.obj : error LNK2019: unresolved external symbol __imp_IDAGetQuad referenced in function main
idasHessian_ASA_FSA.obj : error LNK2019: unresolved external symbol __imp_IDAGetSensDky referenced in function main
idasHessian_ASA_FSA.obj : error LNK2019: unresolved external symbol __imp_IDAGetQuadSens referenced in function main
idasHessian_ASA_FSA.obj : error LNK2019: unresolved external symbol __imp_IDAFree referenced in function main
idasHessian_ASA_FSA.obj : error LNK2019: unresolved external symbol __imp_IDAAdjInit referenced in function main
idasHessian_ASA_FSA.obj : error LNK2019: unresolved external symbol __imp_IDACreateB referenced in function main
idasHessian_ASA_FSA.obj : error LNK2019: unresolved external symbol __imp_IDAInitBS referenced in function main
idasHessian_ASA_FSA.obj : error LNK2019: unresolved external symbol __imp_IDASStolerancesB referenced in function main
idasHessian_ASA_FSA.obj : error LNK2019: unresolved external symbol __imp_IDAQuadInitBS referenced in function main
idasHessian_ASA_FSA.obj : error LNK2019: unresolved external symbol __imp_IDASolveF referenced in function main
idasHessian_ASA_FSA.obj : error LNK2019: unresolved external symbol __imp_IDASolveB referenced in function main
idasHessian_ASA_FSA.obj : error LNK2019: unresolved external symbol __imp_IDASetUserDataB referenced in function main
idasHessian_ASA_FSA.obj : error LNK2019: unresolved external symbol __imp_IDASetMaxNumStepsB referenced in function main
idasHessian_ASA_FSA.obj : error LNK2019: unresolved external symbol __imp_IDAGetB referenced in function main
idasHessian_ASA_FSA.obj : error LNK2019: unresolved external symbol __imp_IDAGetQuadB referenced in function main
idasHessian_ASA_FSA.obj : error LNK2019: unresolved external symbol __imp_N_VNew_Serial referenced in function main
idasHessian_ASA_FSA.obj : error LNK2019: unresolved external symbol __imp_SUNMatDestroy referenced in function main
idasHessian_ASA_FSA.obj : error LNK2019: unresolved external symbol __imp_SUNDenseMatrix referenced in function main
idasHessian_ASA_FSA.obj : error LNK2019: unresolved external symbol __imp_SUNLinSolFree referenced in function main
idasHessian_ASA_FSA.obj : error LNK2019: unresolved external symbol __imp_SUNDenseLinearSolver referenced in function main
idasHessian_ASA_FSA.obj : error LNK2019: unresolved external symbol __imp_IDADlsSetLinearSolver referenced in function main
idasHessian_ASA_FSA.obj : error LNK2019: unresolved external symbol __imp_IDADlsSetLinearSolverB referenced in function main
C:\oss\third_party\sundials\sundials-3.1.0-build\examples\idas\serial\Release\idasHessian_ASA_FSA.exe : fatal error LNK1120: 44 unresolved externals
