c:\oss\third_party\sundials\sundials-3.1.0-build\src\idas\sundials_idas_shared.dir\release\sunmatrix_dense.obj
c:\oss\third_party\sundials\sundials-3.1.0-build\src\idas\sundials_idas_shared.dir\release\sunmatrix_band.obj
c:\oss\third_party\sundials\sundials-3.1.0-build\src\idas\sundials_idas_shared.dir\release\nvector_serial.obj
c:\oss\third_party\sundials\sundials-3.1.0-build\src\idas\sundials_idas_shared.dir\release\sundials_version.obj
c:\oss\third_party\sundials\sundials-3.1.0-build\src\idas\sundials_idas_shared.dir\release\sundials_iterative.obj
c:\oss\third_party\sundials\sundials-3.1.0-build\src\idas\sundials_idas_shared.dir\release\sundials_direct.obj
c:\oss\third_party\sundials\sundials-3.1.0-build\src\idas\sundials_idas_shared.dir\release\sundials_dense.obj
c:\oss\third_party\sundials\sundials-3.1.0-build\src\idas\sundials_idas_shared.dir\release\sundials_band.obj
c:\oss\third_party\sundials\sundials-3.1.0-build\src\idas\sundials_idas_shared.dir\release\sundials_math.obj
c:\oss\third_party\sundials\sundials-3.1.0-build\src\idas\sundials_idas_shared.dir\release\sundials_linearsolver.obj
c:\oss\third_party\sundials\sundials-3.1.0-build\src\idas\sundials_idas_shared.dir\release\sundials_matrix.obj
c:\oss\third_party\sundials\sundials-3.1.0-build\src\idas\sundials_idas_shared.dir\release\sundials_nvector.obj
c:\oss\third_party\sundials\sundials-3.1.0-build\src\idas\sundials_idas_shared.dir\release\idas_bbdpre.obj
c:\oss\third_party\sundials\sundials-3.1.0-build\src\idas\sundials_idas_shared.dir\release\idas_spils.obj
c:\oss\third_party\sundials\sundials-3.1.0-build\src\idas\sundials_idas_shared.dir\release\idas_direct.obj
c:\oss\third_party\sundials\sundials-3.1.0-build\src\idas\sundials_idas_shared.dir\release\idaa_io.obj
c:\oss\third_party\sundials\sundials-3.1.0-build\src\idas\sundials_idas_shared.dir\release\idas_ic.obj
c:\oss\third_party\sundials\sundials-3.1.0-build\src\idas\sundials_idas_shared.dir\release\idas_io.obj
c:\oss\third_party\sundials\sundials-3.1.0-build\src\idas\sundials_idas_shared.dir\release\idaa.obj
c:\oss\third_party\sundials\sundials-3.1.0-build\src\idas\sundials_idas_shared.dir\release\idas.obj
c:\oss\third_party\sundials\sundials-3.1.0-build\src\idas\sundials_idas_shared.dir\release\sunlinsol_pcg.obj
c:\oss\third_party\sundials\sundials-3.1.0-build\src\idas\sundials_idas_shared.dir\release\sunlinsol_sptfqmr.obj
c:\oss\third_party\sundials\sundials-3.1.0-build\src\idas\sundials_idas_shared.dir\release\sunlinsol_spgmr.obj
c:\oss\third_party\sundials\sundials-3.1.0-build\src\idas\sundials_idas_shared.dir\release\sunlinsol_spfgmr.obj
c:\oss\third_party\sundials\sundials-3.1.0-build\src\idas\sundials_idas_shared.dir\release\sunlinsol_spbcgs.obj
c:\oss\third_party\sundials\sundials-3.1.0-build\src\idas\sundials_idas_shared.dir\release\sunlinsol_dense.obj
c:\oss\third_party\sundials\sundials-3.1.0-build\src\idas\sundials_idas_shared.dir\release\sunlinsol_band.obj
c:\oss\third_party\sundials\sundials-3.1.0-build\src\idas\sundials_idas_shared.dir\release\sunmatrix_sparse.obj
c:\oss\third_party\sundials\sundials-3.1.0-build\src\idas\cmakefiles\generate.stamp
c:\oss\third_party\sundials\sundials-3.1.0-build\src\idas\release\sundials_idas.dll
c:\oss\third_party\sundials\sundials-3.1.0-build\src\idas\release\sundials_idas.lib
c:\oss\third_party\sundials\sundials-3.1.0-build\src\idas\release\sundials_idas.exp
c:\oss\third_party\sundials\sundials-3.1.0-build\src\idas\sundials_idas_shared.dir\release\sundials.a3963120.tlog\cl.command.1.tlog
c:\oss\third_party\sundials\sundials-3.1.0-build\src\idas\sundials_idas_shared.dir\release\sundials.a3963120.tlog\cl.read.1.tlog
c:\oss\third_party\sundials\sundials-3.1.0-build\src\idas\sundials_idas_shared.dir\release\sundials.a3963120.tlog\cl.write.1.tlog
c:\oss\third_party\sundials\sundials-3.1.0-build\src\idas\sundials_idas_shared.dir\release\sundials.a3963120.tlog\custombuild.command.1.tlog
c:\oss\third_party\sundials\sundials-3.1.0-build\src\idas\sundials_idas_shared.dir\release\sundials.a3963120.tlog\custombuild.read.1.tlog
c:\oss\third_party\sundials\sundials-3.1.0-build\src\idas\sundials_idas_shared.dir\release\sundials.a3963120.tlog\custombuild.write.1.tlog
c:\oss\third_party\sundials\sundials-3.1.0-build\src\idas\sundials_idas_shared.dir\release\sundials.a3963120.tlog\link.command.1.tlog
c:\oss\third_party\sundials\sundials-3.1.0-build\src\idas\sundials_idas_shared.dir\release\sundials.a3963120.tlog\link.read.1.tlog
c:\oss\third_party\sundials\sundials-3.1.0-build\src\idas\sundials_idas_shared.dir\release\sundials.a3963120.tlog\link.write.1.tlog
c:\oss\third_party\sundials\sundials-3.1.0-build\src\idas\sundials_idas_shared.dir\release\sundials.a3963120.tlog\sundials_idas_shared.write.1u.tlog
