kinLaplace_picard_bnd.obj : error LNK2019: unresolved external symbol __imp_KINCreate referenced in function main
kinLaplace_picard_bnd.obj : error LNK2019: unresolved external symbol __imp_KINSetMAA referenced in function main
kinLaplace_picard_bnd.obj : error LNK2019: unresolved external symbol __imp_KINSetFuncNormTol referenced in function main
kinLaplace_picard_bnd.obj : error LNK2019: unresolved external symbol __imp_KINInit referenced in function main
kinLaplace_picard_bnd.obj : error LNK2019: unresolved external symbol __imp_KINSol referenced in function main
kinLaplace_picard_bnd.obj : error LNK2019: unresolved external symbol __imp_KINGetNumNonlinSolvIters referenced in function PrintFinalStats
kinLaplace_picard_bnd.obj : error LNK2019: unresolved external symbol __imp_KINGetNumFuncEvals referenced in function PrintFinalStats
kinLaplace_picard_bnd.obj : error LNK2019: unresolved external symbol __imp_KINGetFuncNorm referenced in function main
kinLaplace_picard_bnd.obj : error LNK2019: unresolved external symbol __imp_KINFree referenced in function main
kinLaplace_picard_bnd.obj : error LNK2019: unresolved external symbol __imp_N_VNew_Serial referenced in function main
kinLaplace_picard_bnd.obj : error LNK2019: unresolved external symbol __imp_N_VDestroy_Serial referenced in function main
kinLaplace_picard_bnd.obj : error LNK2019: unresolved external symbol __imp_N_VGetArrayPointer_Serial referenced in function PrintOutput
kinLaplace_picard_bnd.obj : error LNK2019: unresolved external symbol __imp_N_VConst_Serial referenced in function main
kinLaplace_picard_bnd.obj : error LNK2019: unresolved external symbol __imp_SUNMatDestroy referenced in function main
kinLaplace_picard_bnd.obj : error LNK2019: unresolved external symbol __imp_SUNBandMatrix referenced in function main
kinLaplace_picard_bnd.obj : error LNK2019: unresolved external symbol __imp_SUNBandMatrix_Column referenced in function jac
kinLaplace_picard_bnd.obj : error LNK2019: unresolved external symbol __imp_SUNLinSolFree referenced in function main
kinLaplace_picard_bnd.obj : error LNK2019: unresolved external symbol __imp_KINDlsSetLinearSolver referenced in function main
kinLaplace_picard_bnd.obj : error LNK2019: unresolved external symbol __imp_KINDlsSetJacFn referenced in function main
kinLaplace_picard_bnd.obj : error LNK2019: unresolved external symbol __imp_KINDlsGetWorkSpace referenced in function PrintFinalStats
kinLaplace_picard_bnd.obj : error LNK2019: unresolved external symbol __imp_KINDlsGetNumJacEvals referenced in function PrintFinalStats
kinLaplace_picard_bnd.obj : error LNK2019: unresolved external symbol __imp_KINDlsGetNumFuncEvals referenced in function PrintFinalStats
kinLaplace_picard_bnd.obj : error LNK2019: unresolved external symbol __imp_SUNBandLinearSolver referenced in function main
C:\oss\third_party\sundials\sundials-3.1.0-build\examples\kinsol\serial\Release\kinLaplace_picard_bnd.exe : fatal error LNK1120: 23 unresolved externals
